{"/Users/jackdoyle/Desktop/timecapsule-diary/app/+not-found.tsx": {"path":"/Users/jackdoyle/Desktop/timecapsule-diary/app/+not-found.tsx","statementMap":{"0":{"start":{"line":5,"column":2},"end":{"line":15,"column":4}},"1":{"start":{"line":18,"column":15},"end":{"line":37,"column":2}}},"fnMap":{"0":{"name":"NotFoundScreen","decl":{"start":{"line":4,"column":24},"end":{"line":4,"column":38}},"loc":{"start":{"line":4,"column":41},"end":{"line":16,"column":1}},"line":4}},"branchMap":{},"s":{"0":0,"1":0},"f":{"0":0},"b":{}}
,"/Users/jackdoyle/Desktop/timecapsule-diary/app/_layout.tsx": {"path":"/Users/jackdoyle/Desktop/timecapsule-diary/app/_layout.tsx","statementMap":{"0":{"start":{"line":12,"column":0},"end":{"line":12,"column":36}},"1":{"start":{"line":15,"column":31},"end":{"line":15,"column":40}},"2":{"start":{"line":16,"column":19},"end":{"line":16,"column":32}},"3":{"start":{"line":17,"column":17},"end":{"line":17,"column":28}},"4":{"start":{"line":19,"column":2},"end":{"line":29,"column":35}},"5":{"start":{"line":20,"column":4},"end":{"line":20,"column":24}},"6":{"start":{"line":20,"column":17},"end":{"line":20,"column":24}},"7":{"start":{"line":22,"column":24},"end":{"line":22,"column":48}},"8":{"start":{"line":24,"column":4},"end":{"line":28,"column":5}},"9":{"start":{"line":25,"column":6},"end":{"line":25,"column":40}},"10":{"start":{"line":26,"column":11},"end":{"line":28,"column":5}},"11":{"start":{"line":27,"column":6},"end":{"line":27,"column":32}},"12":{"start":{"line":33,"column":22},"end":{"line":33,"column":31}},"13":{"start":{"line":34,"column":22},"end":{"line":34,"column":38}},"14":{"start":{"line":35,"column":17},"end":{"line":35,"column":47}},"15":{"start":{"line":37,"column":2},"end":{"line":37,"column":22}},"16":{"start":{"line":39,"column":2},"end":{"line":43,"column":16}},"17":{"start":{"line":40,"column":4},"end":{"line":42,"column":5}},"18":{"start":{"line":41,"column":6},"end":{"line":41,"column":31}},"19":{"start":{"line":45,"column":2},"end":{"line":45,"column":27}},"20":{"start":{"line":45,"column":15},"end":{"line":45,"column":27}},"21":{"start":{"line":47,"column":2},"end":{"line":62,"column":4}},"22":{"start":{"line":66,"column":2},"end":{"line":70,"column":4}}},"fnMap":{"0":{"name":"useProtectedRoute","decl":{"start":{"line":14,"column":9},"end":{"line":14,"column":26}},"loc":{"start":{"line":14,"column":29},"end":{"line":30,"column":1}},"line":14},"1":{"name":"(anonymous_1)","decl":{"start":{"line":19,"column":12},"end":{"line":19,"column":13}},"loc":{"start":{"line":19,"column":18},"end":{"line":29,"column":3}},"line":19},"2":{"name":"RootLayoutNav","decl":{"start":{"line":32,"column":9},"end":{"line":32,"column":22}},"loc":{"start":{"line":32,"column":25},"end":{"line":63,"column":1}},"line":32},"3":{"name":"(anonymous_3)","decl":{"start":{"line":39,"column":12},"end":{"line":39,"column":13}},"loc":{"start":{"line":39,"column":18},"end":{"line":43,"column":3}},"line":39},"4":{"name":"RootLayout","decl":{"start":{"line":65,"column":24},"end":{"line":65,"column":34}},"loc":{"start":{"line":65,"column":37},"end":{"line":71,"column":1}},"line":65}},"branchMap":{"0":{"loc":{"start":{"line":20,"column":4},"end":{"line":20,"column":24}},"type":"if","locations":[{"start":{"line":20,"column":4},"end":{"line":20,"column":24}},{"start":{},"end":{}}],"line":20},"1":{"loc":{"start":{"line":24,"column":4},"end":{"line":28,"column":5}},"type":"if","locations":[{"start":{"line":24,"column":4},"end":{"line":28,"column":5}},{"start":{"line":26,"column":11},"end":{"line":28,"column":5}}],"line":24},"2":{"loc":{"start":{"line":24,"column":8},"end":{"line":24,"column":32}},"type":"binary-expr","locations":[{"start":{"line":24,"column":8},"end":{"line":24,"column":16}},{"start":{"line":24,"column":20},"end":{"line":24,"column":32}}],"line":24},"3":{"loc":{"start":{"line":26,"column":11},"end":{"line":28,"column":5}},"type":"if","locations":[{"start":{"line":26,"column":11},"end":{"line":28,"column":5}},{"start":{},"end":{}}],"line":26},"4":{"loc":{"start":{"line":26,"column":15},"end":{"line":26,"column":37}},"type":"binary-expr","locations":[{"start":{"line":26,"column":15},"end":{"line":26,"column":22}},{"start":{"line":26,"column":26},"end":{"line":26,"column":37}}],"line":26},"5":{"loc":{"start":{"line":35,"column":24},"end":{"line":35,"column":46}},"type":"binary-expr","locations":[{"start":{"line":35,"column":24},"end":{"line":35,"column":35}},{"start":{"line":35,"column":39},"end":{"line":35,"column":46}}],"line":35},"6":{"loc":{"start":{"line":40,"column":4},"end":{"line":42,"column":5}},"type":"if","locations":[{"start":{"line":40,"column":4},"end":{"line":42,"column":5}},{"start":{},"end":{}}],"line":40},"7":{"loc":{"start":{"line":45,"column":2},"end":{"line":45,"column":27}},"type":"if","locations":[{"start":{"line":45,"column":2},"end":{"line":45,"column":27}},{"start":{},"end":{}}],"line":45},"8":{"loc":{"start":{"line":49,"column":24},"end":{"line":49,"column":65}},"type":"cond-expr","locations":[{"start":{"line":49,"column":49},"end":{"line":49,"column":56}},{"start":{"line":49,"column":59},"end":{"line":49,"column":65}}],"line":49}},"s":{"0":0,"1":0,"2":0,"3":0,"4":0,"5":0,"6":0,"7":0,"8":0,"9":0,"10":0,"11":0,"12":0,"13":0,"14":0,"15":0,"16":0,"17":0,"18":0,"19":0,"20":0,"21":0,"22":0},"f":{"0":0,"1":0,"2":0,"3":0,"4":0},"b":{"0":[0,0],"1":[0,0],"2":[0,0],"3":[0,0],"4":[0,0],"5":[0,0],"6":[0,0],"7":[0,0],"8":[0,0]}}
,"/Users/jackdoyle/Desktop/timecapsule-diary/app/(auth)/_layout.tsx": {"path":"/Users/jackdoyle/Desktop/timecapsule-diary/app/(auth)/_layout.tsx","statementMap":{"0":{"start":{"line":4,"column":2},"end":{"line":9,"column":4}}},"fnMap":{"0":{"name":"AuthLayout","decl":{"start":{"line":3,"column":24},"end":{"line":3,"column":34}},"loc":{"start":{"line":3,"column":37},"end":{"line":10,"column":1}},"line":3}},"branchMap":{},"s":{"0":0},"f":{"0":0},"b":{}}
,"/Users/jackdoyle/Desktop/timecapsule-diary/app/(auth)/sign-in.tsx": {"path":"/Users/jackdoyle/Desktop/timecapsule-diary/app/(auth)/sign-in.tsx","statementMap":{"0":{"start":{"line":18,"column":28},"end":{"line":18,"column":40}},"1":{"start":{"line":19,"column":34},"end":{"line":19,"column":46}},"2":{"start":{"line":20,"column":32},"end":{"line":20,"column":47}},"3":{"start":{"line":21,"column":22},"end":{"line":21,"column":38}},"4":{"start":{"line":22,"column":17},"end":{"line":22,"column":47}},"5":{"start":{"line":24,"column":23},"end":{"line":38,"column":3}},"6":{"start":{"line":25,"column":4},"end":{"line":28,"column":5}},"7":{"start":{"line":26,"column":6},"end":{"line":26,"column":56}},"8":{"start":{"line":27,"column":6},"end":{"line":27,"column":13}},"9":{"start":{"line":30,"column":4},"end":{"line":30,"column":21}},"10":{"start":{"line":31,"column":4},"end":{"line":37,"column":5}},"11":{"start":{"line":32,"column":6},"end":{"line":32,"column":43}},"12":{"start":{"line":34,"column":6},"end":{"line":34,"column":47}},"13":{"start":{"line":36,"column":6},"end":{"line":36,"column":24}},"14":{"start":{"line":40,"column":2},"end":{"line":106,"column":4}},"15":{"start":{"line":109,"column":15},"end":{"line":159,"column":2}}},"fnMap":{"0":{"name":"SignInScreen","decl":{"start":{"line":17,"column":24},"end":{"line":17,"column":36}},"loc":{"start":{"line":17,"column":39},"end":{"line":107,"column":1}},"line":17},"1":{"name":"(anonymous_1)","decl":{"start":{"line":24,"column":23},"end":{"line":24,"column":24}},"loc":{"start":{"line":24,"column":35},"end":{"line":38,"column":3}},"line":24}},"branchMap":{"0":{"loc":{"start":{"line":22,"column":24},"end":{"line":22,"column":46}},"type":"binary-expr","locations":[{"start":{"line":22,"column":24},"end":{"line":22,"column":35}},{"start":{"line":22,"column":39},"end":{"line":22,"column":46}}],"line":22},"1":{"loc":{"start":{"line":25,"column":4},"end":{"line":28,"column":5}},"type":"if","locations":[{"start":{"line":25,"column":4},"end":{"line":28,"column":5}},{"start":{},"end":{}}],"line":25},"2":{"loc":{"start":{"line":25,"column":8},"end":{"line":25,"column":41}},"type":"binary-expr","locations":[{"start":{"line":25,"column":8},"end":{"line":25,"column":21}},{"start":{"line":25,"column":25},"end":{"line":25,"column":41}}],"line":25},"3":{"loc":{"start":{"line":43,"column":16},"end":{"line":43,"column":60}},"type":"cond-expr","locations":[{"start":{"line":43,"column":40},"end":{"line":43,"column":49}},{"start":{"line":43,"column":52},"end":{"line":43,"column":60}}],"line":43},"4":{"loc":{"start":{"line":92,"column":15},"end":{"line":92,"column":52}},"type":"cond-expr","locations":[{"start":{"line":92,"column":25},"end":{"line":92,"column":40}},{"start":{"line":92,"column":43},"end":{"line":92,"column":52}}],"line":92}},"s":{"0":0,"1":0,"2":0,"3":0,"4":0,"5":0,"6":0,"7":0,"8":0,"9":0,"10":0,"11":0,"12":0,"13":0,"14":0,"15":0},"f":{"0":0,"1":0},"b":{"0":[0,0],"1":[0,0],"2":[0,0],"3":[0,0],"4":[0,0]}}
,"/Users/jackdoyle/Desktop/timecapsule-diary/app/(auth)/sign-up.tsx": {"path":"/Users/jackdoyle/Desktop/timecapsule-diary/app/(auth)/sign-up.tsx","statementMap":{"0":{"start":{"line":18,"column":40},"end":{"line":18,"column":52}},"1":{"start":{"line":19,"column":28},"end":{"line":19,"column":40}},"2":{"start":{"line":20,"column":34},"end":{"line":20,"column":46}},"3":{"start":{"line":21,"column":32},"end":{"line":21,"column":47}},"4":{"start":{"line":22,"column":22},"end":{"line":22,"column":38}},"5":{"start":{"line":23,"column":17},"end":{"line":23,"column":47}},"6":{"start":{"line":25,"column":23},"end":{"line":49,"column":3}},"7":{"start":{"line":26,"column":4},"end":{"line":29,"column":5}},"8":{"start":{"line":27,"column":6},"end":{"line":27,"column":56}},"9":{"start":{"line":28,"column":6},"end":{"line":28,"column":13}},"10":{"start":{"line":31,"column":4},"end":{"line":34,"column":5}},"11":{"start":{"line":32,"column":6},"end":{"line":32,"column":69}},"12":{"start":{"line":33,"column":6},"end":{"line":33,"column":13}},"13":{"start":{"line":36,"column":4},"end":{"line":36,"column":21}},"14":{"start":{"line":37,"column":4},"end":{"line":48,"column":5}},"15":{"start":{"line":38,"column":21},"end":{"line":38,"column":77}},"16":{"start":{"line":39,"column":6},"end":{"line":43,"column":7}},"17":{"start":{"line":42,"column":8},"end":{"line":42,"column":86}},"18":{"start":{"line":45,"column":6},"end":{"line":45,"column":47}},"19":{"start":{"line":47,"column":6},"end":{"line":47,"column":24}},"20":{"start":{"line":51,"column":2},"end":{"line":131,"column":4}},"21":{"start":{"line":134,"column":15},"end":{"line":184,"column":2}}},"fnMap":{"0":{"name":"SignUpScreen","decl":{"start":{"line":17,"column":24},"end":{"line":17,"column":36}},"loc":{"start":{"line":17,"column":39},"end":{"line":132,"column":1}},"line":17},"1":{"name":"(anonymous_1)","decl":{"start":{"line":25,"column":23},"end":{"line":25,"column":24}},"loc":{"start":{"line":25,"column":35},"end":{"line":49,"column":3}},"line":25}},"branchMap":{"0":{"loc":{"start":{"line":23,"column":24},"end":{"line":23,"column":46}},"type":"binary-expr","locations":[{"start":{"line":23,"column":24},"end":{"line":23,"column":35}},{"start":{"line":23,"column":39},"end":{"line":23,"column":46}}],"line":23},"1":{"loc":{"start":{"line":26,"column":4},"end":{"line":29,"column":5}},"type":"if","locations":[{"start":{"line":26,"column":4},"end":{"line":29,"column":5}},{"start":{},"end":{}}],"line":26},"2":{"loc":{"start":{"line":26,"column":8},"end":{"line":26,"column":64}},"type":"binary-expr","locations":[{"start":{"line":26,"column":8},"end":{"line":26,"column":27}},{"start":{"line":26,"column":31},"end":{"line":26,"column":44}},{"start":{"line":26,"column":48},"end":{"line":26,"column":64}}],"line":26},"3":{"loc":{"start":{"line":31,"column":4},"end":{"line":34,"column":5}},"type":"if","locations":[{"start":{"line":31,"column":4},"end":{"line":34,"column":5}},{"start":{},"end":{}}],"line":31},"4":{"loc":{"start":{"line":39,"column":6},"end":{"line":43,"column":7}},"type":"if","locations":[{"start":{"line":39,"column":6},"end":{"line":43,"column":7}},{"start":{"line":41,"column":13},"end":{"line":43,"column":7}}],"line":39},"5":{"loc":{"start":{"line":54,"column":16},"end":{"line":54,"column":60}},"type":"cond-expr","locations":[{"start":{"line":54,"column":40},"end":{"line":54,"column":49}},{"start":{"line":54,"column":52},"end":{"line":54,"column":60}}],"line":54},"6":{"loc":{"start":{"line":118,"column":45},"end":{"line":118,"column":88}},"type":"cond-expr","locations":[{"start":{"line":118,"column":55},"end":{"line":118,"column":76}},{"start":{"line":118,"column":79},"end":{"line":118,"column":88}}],"line":118}},"s":{"0":0,"1":0,"2":0,"3":0,"4":0,"5":0,"6":0,"7":0,"8":0,"9":0,"10":0,"11":0,"12":0,"13":0,"14":0,"15":0,"16":0,"17":0,"18":0,"19":0,"20":0,"21":0},"f":{"0":0,"1":0},"b":{"0":[0,0],"1":[0,0],"2":[0,0,0],"3":[0,0],"4":[0,0],"5":[0,0],"6":[0,0]}}
,"/Users/jackdoyle/Desktop/timecapsule-diary/app/(tabs)/_layout.tsx": {"path":"/Users/jackdoyle/Desktop/timecapsule-diary/app/(tabs)/_layout.tsx","statementMap":{"0":{"start":{"line":11,"column":2},"end":{"line":11,"column":75}},"1":{"start":{"line":15,"column":22},"end":{"line":15,"column":38}},"2":{"start":{"line":16,"column":17},"end":{"line":16,"column":47}},"3":{"start":{"line":18,"column":2},"end":{"line":65,"column":4}},"4":{"start":{"line":37,"column":37},"end":{"line":37,"column":77}},"5":{"start":{"line":45,"column":37},"end":{"line":45,"column":77}},"6":{"start":{"line":53,"column":37},"end":{"line":53,"column":77}},"7":{"start":{"line":61,"column":37},"end":{"line":61,"column":76}}},"fnMap":{"0":{"name":"TabBarIcon","decl":{"start":{"line":7,"column":9},"end":{"line":7,"column":19}},"loc":{"start":{"line":10,"column":3},"end":{"line":12,"column":1}},"line":10},"1":{"name":"TabLayout","decl":{"start":{"line":14,"column":24},"end":{"line":14,"column":33}},"loc":{"start":{"line":14,"column":36},"end":{"line":66,"column":1}},"line":14},"2":{"name":"(anonymous_2)","decl":{"start":{"line":37,"column":22},"end":{"line":37,"column":23}},"loc":{"start":{"line":37,"column":37},"end":{"line":37,"column":77}},"line":37},"3":{"name":"(anonymous_3)","decl":{"start":{"line":45,"column":22},"end":{"line":45,"column":23}},"loc":{"start":{"line":45,"column":37},"end":{"line":45,"column":77}},"line":45},"4":{"name":"(anonymous_4)","decl":{"start":{"line":53,"column":22},"end":{"line":53,"column":23}},"loc":{"start":{"line":53,"column":37},"end":{"line":53,"column":77}},"line":53},"5":{"name":"(anonymous_5)","decl":{"start":{"line":61,"column":22},"end":{"line":61,"column":23}},"loc":{"start":{"line":61,"column":37},"end":{"line":61,"column":76}},"line":61}},"branchMap":{"0":{"loc":{"start":{"line":16,"column":24},"end":{"line":16,"column":46}},"type":"binary-expr","locations":[{"start":{"line":16,"column":24},"end":{"line":16,"column":35}},{"start":{"line":16,"column":39},"end":{"line":16,"column":46}}],"line":16}},"s":{"0":0,"1":0,"2":0,"3":0,"4":0,"5":0,"6":0,"7":0},"f":{"0":0,"1":0,"2":0,"3":0,"4":0,"5":0},"b":{"0":[0,0]}}
,"/Users/jackdoyle/Desktop/timecapsule-diary/app/(tabs)/index.tsx": {"path":"/Users/jackdoyle/Desktop/timecapsule-diary/app/(tabs)/index.tsx","statementMap":{"0":{"start":{"line":19,"column":22},"end":{"line":19,"column":31}},"1":{"start":{"line":20,"column":91},"end":{"line":20,"column":102}},"2":{"start":{"line":21,"column":47},"end":{"line":21,"column":69}},"3":{"start":{"line":22,"column":52},"end":{"line":22,"column":71}},"4":{"start":{"line":23,"column":17},"end":{"line":23,"column":28}},"5":{"start":{"line":24,"column":22},"end":{"line":24,"column":38}},"6":{"start":{"line":25,"column":17},"end":{"line":25,"column":47}},"7":{"start":{"line":27,"column":2},"end":{"line":35,"column":19}},"8":{"start":{"line":28,"column":4},"end":{"line":34,"column":5}},"9":{"start":{"line":29,"column":6},"end":{"line":33,"column":11}},"10":{"start":{"line":32,"column":10},"end":{"line":32,"column":56}},"11":{"start":{"line":32,"column":29},"end":{"line":32,"column":56}},"12":{"start":{"line":37,"column":27},"end":{"line":37,"column":61}},"13":{"start":{"line":37,"column":49},"end":{"line":37,"column":60}},"14":{"start":{"line":38,"column":21},"end":{"line":38,"column":79}},"15":{"start":{"line":38,"column":57},"end":{"line":38,"column":75}},"16":{"start":{"line":40,"column":2},"end":{"line":46,"column":3}},"17":{"start":{"line":41,"column":4},"end":{"line":45,"column":6}},"18":{"start":{"line":48,"column":2},"end":{"line":68,"column":3}},"19":{"start":{"line":49,"column":4},"end":{"line":67,"column":6}},"20":{"start":{"line":61,"column":27},"end":{"line":61,"column":58}},"21":{"start":{"line":70,"column":2},"end":{"line":157,"column":4}},"22":{"start":{"line":105,"column":25},"end":{"line":105,"column":54}},"23":{"start":{"line":151,"column":23},"end":{"line":151,"column":57}},"24":{"start":{"line":160,"column":15},"end":{"line":286,"column":2}}},"fnMap":{"0":{"name":"HomeScreen","decl":{"start":{"line":18,"column":24},"end":{"line":18,"column":34}},"loc":{"start":{"line":18,"column":37},"end":{"line":158,"column":1}},"line":18},"1":{"name":"(anonymous_1)","decl":{"start":{"line":27,"column":12},"end":{"line":27,"column":13}},"loc":{"start":{"line":27,"column":18},"end":{"line":35,"column":3}},"line":27},"2":{"name":"(anonymous_2)","decl":{"start":{"line":31,"column":14},"end":{"line":31,"column":15}},"loc":{"start":{"line":31,"column":28},"end":{"line":33,"column":9}},"line":31},"3":{"name":"(anonymous_3)","decl":{"start":{"line":37,"column":42},"end":{"line":37,"column":43}},"loc":{"start":{"line":37,"column":49},"end":{"line":37,"column":60}},"line":37},"4":{"name":"(anonymous_4)","decl":{"start":{"line":38,"column":45},"end":{"line":38,"column":46}},"loc":{"start":{"line":38,"column":57},"end":{"line":38,"column":75}},"line":38},"5":{"name":"(anonymous_5)","decl":{"start":{"line":61,"column":21},"end":{"line":61,"column":22}},"loc":{"start":{"line":61,"column":27},"end":{"line":61,"column":58}},"line":61},"6":{"name":"(anonymous_6)","decl":{"start":{"line":105,"column":19},"end":{"line":105,"column":20}},"loc":{"start":{"line":105,"column":25},"end":{"line":105,"column":54}},"line":105},"7":{"name":"(anonymous_7)","decl":{"start":{"line":151,"column":17},"end":{"line":151,"column":18}},"loc":{"start":{"line":151,"column":23},"end":{"line":151,"column":57}},"line":151}},"branchMap":{"0":{"loc":{"start":{"line":25,"column":24},"end":{"line":25,"column":46}},"type":"binary-expr","locations":[{"start":{"line":25,"column":24},"end":{"line":25,"column":35}},{"start":{"line":25,"column":39},"end":{"line":25,"column":46}}],"line":25},"1":{"loc":{"start":{"line":28,"column":4},"end":{"line":34,"column":5}},"type":"if","locations":[{"start":{"line":28,"column":4},"end":{"line":34,"column":5}},{"start":{},"end":{}}],"line":28},"2":{"loc":{"start":{"line":32,"column":10},"end":{"line":32,"column":56}},"type":"if","locations":[{"start":{"line":32,"column":10},"end":{"line":32,"column":56}},{"start":{},"end":{}}],"line":32},"3":{"loc":{"start":{"line":40,"column":2},"end":{"line":46,"column":3}},"type":"if","locations":[{"start":{"line":40,"column":2},"end":{"line":46,"column":3}},{"start":{},"end":{}}],"line":40},"4":{"loc":{"start":{"line":48,"column":2},"end":{"line":68,"column":3}},"type":"if","locations":[{"start":{"line":48,"column":2},"end":{"line":68,"column":3}},{"start":{},"end":{}}],"line":48},"5":{"loc":{"start":{"line":80,"column":9},"end":{"line":84,"column":9}},"type":"binary-expr","locations":[{"start":{"line":80,"column":9},"end":{"line":80,"column":16}},{"start":{"line":81,"column":10},"end":{"line":83,"column":17}}],"line":80},"6":{"loc":{"start":{"line":88,"column":7},"end":{"line":99,"column":7}},"type":"binary-expr","locations":[{"start":{"line":88,"column":7},"end":{"line":88,"column":36}},{"start":{"line":89,"column":8},"end":{"line":98,"column":15}}],"line":88},"7":{"loc":{"start":{"line":95,"column":15},"end":{"line":95,"column":58}},"type":"cond-expr","locations":[{"start":{"line":95,"column":44},"end":{"line":95,"column":49}},{"start":{"line":95,"column":52},"end":{"line":95,"column":58}}],"line":95},"8":{"loc":{"start":{"line":102,"column":7},"end":{"line":110,"column":7}},"type":"binary-expr","locations":[{"start":{"line":102,"column":7},"end":{"line":102,"column":20}},{"start":{"line":103,"column":8},"end":{"line":109,"column":27}}],"line":102},"9":{"loc":{"start":{"line":132,"column":7},"end":{"line":146,"column":7}},"type":"binary-expr","locations":[{"start":{"line":132,"column":7},"end":{"line":132,"column":14}},{"start":{"line":133,"column":8},"end":{"line":145,"column":15}}],"line":132},"10":{"loc":{"start":{"line":138,"column":13},"end":{"line":140,"column":103}},"type":"cond-expr","locations":[{"start":{"line":139,"column":16},"end":{"line":139,"column":32}},{"start":{"line":140,"column":16},"end":{"line":140,"column":103}}],"line":138},"11":{"loc":{"start":{"line":140,"column":40},"end":{"line":140,"column":85}},"type":"cond-expr","locations":[{"start":{"line":140,"column":66},"end":{"line":140,"column":73}},{"start":{"line":140,"column":76},"end":{"line":140,"column":85}}],"line":140}},"s":{"0":0,"1":0,"2":0,"3":0,"4":0,"5":0,"6":0,"7":0,"8":0,"9":0,"10":0,"11":0,"12":0,"13":0,"14":0,"15":0,"16":0,"17":0,"18":0,"19":0,"20":0,"21":0,"22":0,"23":0,"24":0},"f":{"0":0,"1":0,"2":0,"3":0,"4":0,"5":0,"6":0,"7":0},"b":{"0":[0,0],"1":[0,0],"2":[0,0],"3":[0,0],"4":[0,0],"5":[0,0],"6":[0,0],"7":[0,0],"8":[0,0],"9":[0,0],"10":[0,0],"11":[0,0]}}
,"/Users/jackdoyle/Desktop/timecapsule-diary/app/(tabs)/entries/[id].tsx": {"path":"/Users/jackdoyle/Desktop/timecapsule-diary/app/(tabs)/entries/[id].tsx","statementMap":{"0":{"start":{"line":28,"column":17},"end":{"line":28,"column":55}},"1":{"start":{"line":29,"column":19},"end":{"line":29,"column":28}},"2":{"start":{"line":30,"column":21},"end":{"line":30,"column":32}},"3":{"start":{"line":31,"column":39},"end":{"line":31,"column":61}},"4":{"start":{"line":32,"column":17},"end":{"line":32,"column":28}},"5":{"start":{"line":33,"column":22},"end":{"line":33,"column":38}},"6":{"start":{"line":34,"column":17},"end":{"line":34,"column":47}},"7":{"start":{"line":36,"column":28},"end":{"line":36,"column":56}},"8":{"start":{"line":37,"column":28},"end":{"line":37,"column":76}},"9":{"start":{"line":38,"column":32},"end":{"line":38,"column":46}},"10":{"start":{"line":39,"column":32},"end":{"line":39,"column":47}},"11":{"start":{"line":40,"column":36},"end":{"line":40,"column":48}},"12":{"start":{"line":41,"column":40},"end":{"line":41,"column":52}},"13":{"start":{"line":43,"column":2},"end":{"line":45,"column":11}},"14":{"start":{"line":44,"column":4},"end":{"line":44,"column":17}},"15":{"start":{"line":47,"column":21},"end":{"line":61,"column":3}},"16":{"start":{"line":48,"column":28},"end":{"line":48,"column":92}},"17":{"start":{"line":50,"column":4},"end":{"line":54,"column":5}},"18":{"start":{"line":51,"column":6},"end":{"line":51,"column":46}},"19":{"start":{"line":52,"column":6},"end":{"line":52,"column":20}},"20":{"start":{"line":53,"column":6},"end":{"line":53,"column":13}},"21":{"start":{"line":56,"column":4},"end":{"line":56,"column":19}},"22":{"start":{"line":57,"column":4},"end":{"line":57,"column":29}},"23":{"start":{"line":58,"column":4},"end":{"line":58,"column":39}},"24":{"start":{"line":59,"column":4},"end":{"line":59,"column":22}},"25":{"start":{"line":60,"column":4},"end":{"line":60,"column":24}},"26":{"start":{"line":63,"column":21},"end":{"line":85,"column":3}},"27":{"start":{"line":64,"column":32},"end":{"line":68,"column":47}},"28":{"start":{"line":70,"column":4},"end":{"line":84,"column":5}},"29":{"start":{"line":71,"column":23},"end":{"line":80,"column":7}},"30":{"start":{"line":73,"column":10},"end":{"line":78,"column":11}},"31":{"start":{"line":74,"column":30},"end":{"line":74,"column":64}},"32":{"start":{"line":75,"column":12},"end":{"line":75,"column":39}},"33":{"start":{"line":77,"column":12},"end":{"line":77,"column":50}},"34":{"start":{"line":81,"column":6},"end":{"line":81,"column":25}},"35":{"start":{"line":83,"column":6},"end":{"line":83,"column":19}},"36":{"start":{"line":87,"column":32},"end":{"line":102,"column":3}},"37":{"start":{"line":88,"column":4},"end":{"line":101,"column":5}},"38":{"start":{"line":89,"column":6},"end":{"line":98,"column":8}},"39":{"start":{"line":95,"column":10},"end":{"line":96,"column":74}},"40":{"start":{"line":95,"column":33},"end":{"line":95,"column":68}},"41":{"start":{"line":96,"column":15},"end":{"line":96,"column":74}},"42":{"start":{"line":96,"column":38},"end":{"line":96,"column":74}},"43":{"start":{"line":100,"column":6},"end":{"line":100,"column":42}},"44":{"start":{"line":104,"column":29},"end":{"line":141,"column":3}},"45":{"start":{"line":105,"column":4},"end":{"line":105,"column":32}},"46":{"start":{"line":105,"column":25},"end":{"line":105,"column":32}},"47":{"start":{"line":106,"column":52},"end":{"line":110,"column":5}},"48":{"start":{"line":112,"column":4},"end":{"line":121,"column":5}},"49":{"start":{"line":113,"column":25},"end":{"line":113,"column":74}},"50":{"start":{"line":114,"column":6},"end":{"line":117,"column":7}},"51":{"start":{"line":115,"column":8},"end":{"line":115,"column":74}},"52":{"start":{"line":116,"column":8},"end":{"line":116,"column":15}},"53":{"start":{"line":118,"column":6},"end":{"line":118,"column":60}},"54":{"start":{"line":120,"column":6},"end":{"line":120,"column":66}},"55":{"start":{"line":122,"column":4},"end":{"line":122,"column":53}},"56":{"start":{"line":122,"column":46},"end":{"line":122,"column":53}},"57":{"start":{"line":123,"column":18},"end":{"line":123,"column":34}},"58":{"start":{"line":124,"column":4},"end":{"line":140,"column":5}},"59":{"start":{"line":125,"column":25},"end":{"line":125,"column":55}},"60":{"start":{"line":126,"column":23},"end":{"line":126,"column":84}},"61":{"start":{"line":127,"column":26},"end":{"line":127,"column":98}},"62":{"start":{"line":128,"column":6},"end":{"line":136,"column":9}},"63":{"start":{"line":137,"column":6},"end":{"line":137,"column":33}},"64":{"start":{"line":139,"column":6},"end":{"line":139,"column":66}},"65":{"start":{"line":143,"column":28},"end":{"line":160,"column":3}},"66":{"start":{"line":144,"column":4},"end":{"line":159,"column":7}},"67":{"start":{"line":150,"column":10},"end":{"line":156,"column":11}},"68":{"start":{"line":151,"column":12},"end":{"line":151,"column":46}},"69":{"start":{"line":152,"column":12},"end":{"line":152,"column":65}},"70":{"start":{"line":153,"column":12},"end":{"line":153,"column":40}},"71":{"start":{"line":155,"column":12},"end":{"line":155,"column":59}},"72":{"start":{"line":162,"column":18},"end":{"line":162,"column":47}},"73":{"start":{"line":163,"column":15},"end":{"line":163,"column":55}},"74":{"start":{"line":163,"column":33},"end":{"line":163,"column":54}},"75":{"start":{"line":165,"column":21},"end":{"line":180,"column":3}},"76":{"start":{"line":166,"column":4},"end":{"line":166,"column":23}},"77":{"start":{"line":166,"column":16},"end":{"line":166,"column":23}},"78":{"start":{"line":168,"column":4},"end":{"line":179,"column":5}},"79":{"start":{"line":169,"column":6},"end":{"line":174,"column":9}},"80":{"start":{"line":175,"column":6},"end":{"line":175,"column":25}},"81":{"start":{"line":176,"column":6},"end":{"line":176,"column":24}},"82":{"start":{"line":178,"column":6},"end":{"line":178,"column":38}},"83":{"start":{"line":182,"column":23},"end":{"line":198,"column":3}},"84":{"start":{"line":183,"column":4},"end":{"line":197,"column":7}},"85":{"start":{"line":189,"column":10},"end":{"line":194,"column":11}},"86":{"start":{"line":190,"column":12},"end":{"line":190,"column":41}},"87":{"start":{"line":191,"column":12},"end":{"line":191,"column":26}},"88":{"start":{"line":193,"column":12},"end":{"line":193,"column":44}},"89":{"start":{"line":200,"column":24},"end":{"line":208,"column":3}},"90":{"start":{"line":201,"column":4},"end":{"line":201,"column":23}},"91":{"start":{"line":201,"column":16},"end":{"line":201,"column":23}},"92":{"start":{"line":202,"column":4},"end":{"line":207,"column":5}},"93":{"start":{"line":203,"column":6},"end":{"line":203,"column":55}},"94":{"start":{"line":204,"column":6},"end":{"line":204,"column":25}},"95":{"start":{"line":206,"column":6},"end":{"line":206,"column":38}},"96":{"start":{"line":210,"column":2},"end":{"line":216,"column":3}},"97":{"start":{"line":211,"column":4},"end":{"line":215,"column":6}},"98":{"start":{"line":218,"column":2},"end":{"line":379,"column":4}},"99":{"start":{"line":279,"column":16},"end":{"line":289,"column":23}},"100":{"start":{"line":284,"column":37},"end":{"line":284,"column":57}},"101":{"start":{"line":307,"column":16},"end":{"line":307,"column":42}},"102":{"start":{"line":308,"column":16},"end":{"line":308,"column":52}},"103":{"start":{"line":309,"column":16},"end":{"line":309,"column":34}},"104":{"start":{"line":333,"column":16},"end":{"line":340,"column":24}},"105":{"start":{"line":362,"column":31},"end":{"line":362,"column":47}},"106":{"start":{"line":382,"column":15},"end":{"line":565,"column":2}}},"fnMap":{"0":{"name":"EntryDetailScreen","decl":{"start":{"line":27,"column":24},"end":{"line":27,"column":41}},"loc":{"start":{"line":27,"column":44},"end":{"line":380,"column":1}},"line":27},"1":{"name":"(anonymous_1)","decl":{"start":{"line":43,"column":12},"end":{"line":43,"column":13}},"loc":{"start":{"line":43,"column":18},"end":{"line":45,"column":3}},"line":43},"2":{"name":"(anonymous_2)","decl":{"start":{"line":47,"column":21},"end":{"line":47,"column":22}},"loc":{"start":{"line":47,"column":33},"end":{"line":61,"column":3}},"line":47},"3":{"name":"(anonymous_3)","decl":{"start":{"line":63,"column":21},"end":{"line":63,"column":22}},"loc":{"start":{"line":63,"column":48},"end":{"line":85,"column":3}},"line":63},"4":{"name":"(anonymous_4)","decl":{"start":{"line":72,"column":22},"end":{"line":72,"column":23}},"loc":{"start":{"line":72,"column":35},"end":{"line":79,"column":9}},"line":72},"5":{"name":"(anonymous_5)","decl":{"start":{"line":87,"column":32},"end":{"line":87,"column":33}},"loc":{"start":{"line":87,"column":44},"end":{"line":102,"column":3}},"line":87},"6":{"name":"(anonymous_6)","decl":{"start":{"line":94,"column":8},"end":{"line":94,"column":9}},"loc":{"start":{"line":94,"column":31},"end":{"line":97,"column":9}},"line":94},"7":{"name":"(anonymous_7)","decl":{"start":{"line":104,"column":29},"end":{"line":104,"column":30}},"loc":{"start":{"line":104,"column":69},"end":{"line":141,"column":3}},"line":104},"8":{"name":"(anonymous_8)","decl":{"start":{"line":143,"column":28},"end":{"line":143,"column":29}},"loc":{"start":{"line":143,"column":48},"end":{"line":160,"column":3}},"line":143},"9":{"name":"(anonymous_9)","decl":{"start":{"line":149,"column":17},"end":{"line":149,"column":18}},"loc":{"start":{"line":149,"column":29},"end":{"line":157,"column":9}},"line":149},"10":{"name":"(anonymous_10)","decl":{"start":{"line":163,"column":26},"end":{"line":163,"column":27}},"loc":{"start":{"line":163,"column":33},"end":{"line":163,"column":54}},"line":163},"11":{"name":"(anonymous_11)","decl":{"start":{"line":165,"column":21},"end":{"line":165,"column":22}},"loc":{"start":{"line":165,"column":33},"end":{"line":180,"column":3}},"line":165},"12":{"name":"(anonymous_12)","decl":{"start":{"line":182,"column":23},"end":{"line":182,"column":24}},"loc":{"start":{"line":182,"column":29},"end":{"line":198,"column":3}},"line":182},"13":{"name":"(anonymous_13)","decl":{"start":{"line":188,"column":17},"end":{"line":188,"column":18}},"loc":{"start":{"line":188,"column":29},"end":{"line":195,"column":9}},"line":188},"14":{"name":"(anonymous_14)","decl":{"start":{"line":200,"column":24},"end":{"line":200,"column":25}},"loc":{"start":{"line":200,"column":36},"end":{"line":208,"column":3}},"line":200},"15":{"name":"(anonymous_15)","decl":{"start":{"line":278,"column":25},"end":{"line":278,"column":26}},"loc":{"start":{"line":279,"column":16},"end":{"line":289,"column":23}},"line":279},"16":{"name":"(anonymous_16)","decl":{"start":{"line":284,"column":31},"end":{"line":284,"column":32}},"loc":{"start":{"line":284,"column":37},"end":{"line":284,"column":57}},"line":284},"17":{"name":"(anonymous_17)","decl":{"start":{"line":306,"column":23},"end":{"line":306,"column":24}},"loc":{"start":{"line":306,"column":29},"end":{"line":310,"column":15}},"line":306},"18":{"name":"(anonymous_18)","decl":{"start":{"line":332,"column":25},"end":{"line":332,"column":26}},"loc":{"start":{"line":333,"column":16},"end":{"line":340,"column":24}},"line":333},"19":{"name":"(anonymous_19)","decl":{"start":{"line":362,"column":25},"end":{"line":362,"column":26}},"loc":{"start":{"line":362,"column":31},"end":{"line":362,"column":47}},"line":362}},"branchMap":{"0":{"loc":{"start":{"line":34,"column":24},"end":{"line":34,"column":46}},"type":"binary-expr","locations":[{"start":{"line":34,"column":24},"end":{"line":34,"column":35}},{"start":{"line":34,"column":39},"end":{"line":34,"column":46}}],"line":34},"1":{"loc":{"start":{"line":50,"column":4},"end":{"line":54,"column":5}},"type":"if","locations":[{"start":{"line":50,"column":4},"end":{"line":54,"column":5}},{"start":{},"end":{}}],"line":50},"2":{"loc":{"start":{"line":70,"column":4},"end":{"line":84,"column":5}},"type":"if","locations":[{"start":{"line":70,"column":4},"end":{"line":84,"column":5}},{"start":{"line":82,"column":11},"end":{"line":84,"column":5}}],"line":70},"3":{"loc":{"start":{"line":70,"column":8},"end":{"line":70,"column":41}},"type":"binary-expr","locations":[{"start":{"line":70,"column":8},"end":{"line":70,"column":17}},{"start":{"line":70,"column":21},"end":{"line":70,"column":41}}],"line":70},"4":{"loc":{"start":{"line":88,"column":4},"end":{"line":101,"column":5}},"type":"if","locations":[{"start":{"line":88,"column":4},"end":{"line":101,"column":5}},{"start":{"line":99,"column":11},"end":{"line":101,"column":5}}],"line":88},"5":{"loc":{"start":{"line":95,"column":10},"end":{"line":96,"column":74}},"type":"if","locations":[{"start":{"line":95,"column":10},"end":{"line":96,"column":74}},{"start":{"line":96,"column":15},"end":{"line":96,"column":74}}],"line":95},"6":{"loc":{"start":{"line":96,"column":15},"end":{"line":96,"column":74}},"type":"if","locations":[{"start":{"line":96,"column":15},"end":{"line":96,"column":74}},{"start":{},"end":{}}],"line":96},"7":{"loc":{"start":{"line":105,"column":4},"end":{"line":105,"column":32}},"type":"if","locations":[{"start":{"line":105,"column":4},"end":{"line":105,"column":32}},{"start":{},"end":{}}],"line":105},"8":{"loc":{"start":{"line":105,"column":8},"end":{"line":105,"column":23}},"type":"binary-expr","locations":[{"start":{"line":105,"column":8},"end":{"line":105,"column":14}},{"start":{"line":105,"column":18},"end":{"line":105,"column":23}}],"line":105},"9":{"loc":{"start":{"line":112,"column":4},"end":{"line":121,"column":5}},"type":"if","locations":[{"start":{"line":112,"column":4},"end":{"line":121,"column":5}},{"start":{"line":119,"column":11},"end":{"line":121,"column":5}}],"line":112},"10":{"loc":{"start":{"line":114,"column":6},"end":{"line":117,"column":7}},"type":"if","locations":[{"start":{"line":114,"column":6},"end":{"line":117,"column":7}},{"start":{},"end":{}}],"line":114},"11":{"loc":{"start":{"line":122,"column":4},"end":{"line":122,"column":53}},"type":"if","locations":[{"start":{"line":122,"column":4},"end":{"line":122,"column":53}},{"start":{},"end":{}}],"line":122},"12":{"loc":{"start":{"line":122,"column":8},"end":{"line":122,"column":44}},"type":"binary-expr","locations":[{"start":{"line":122,"column":8},"end":{"line":122,"column":23}},{"start":{"line":122,"column":27},"end":{"line":122,"column":44}}],"line":122},"13":{"loc":{"start":{"line":139,"column":27},"end":{"line":139,"column":64}},"type":"binary-expr","locations":[{"start":{"line":139,"column":27},"end":{"line":139,"column":36}},{"start":{"line":139,"column":40},"end":{"line":139,"column":64}}],"line":139},"14":{"loc":{"start":{"line":166,"column":4},"end":{"line":166,"column":23}},"type":"if","locations":[{"start":{"line":166,"column":4},"end":{"line":166,"column":23}},{"start":{},"end":{}}],"line":166},"15":{"loc":{"start":{"line":173,"column":20},"end":{"line":173,"column":83}},"type":"cond-expr","locations":[{"start":{"line":173,"column":41},"end":{"line":173,"column":79}},{"start":{"line":173,"column":82},"end":{"line":173,"column":83}}],"line":173},"16":{"loc":{"start":{"line":201,"column":4},"end":{"line":201,"column":23}},"type":"if","locations":[{"start":{"line":201,"column":4},"end":{"line":201,"column":23}},{"start":{},"end":{}}],"line":201},"17":{"loc":{"start":{"line":210,"column":2},"end":{"line":216,"column":3}},"type":"if","locations":[{"start":{"line":210,"column":2},"end":{"line":216,"column":3}},{"start":{},"end":{}}],"line":210},"18":{"loc":{"start":{"line":210,"column":6},"end":{"line":210,"column":23}},"type":"binary-expr","locations":[{"start":{"line":210,"column":6},"end":{"line":210,"column":13}},{"start":{"line":210,"column":17},"end":{"line":210,"column":23}}],"line":210},"19":{"loc":{"start":{"line":228,"column":9},"end":{"line":232,"column":9}},"type":"binary-expr","locations":[{"start":{"line":228,"column":9},"end":{"line":228,"column":23}},{"start":{"line":229,"column":10},"end":{"line":231,"column":17}}],"line":228},"20":{"loc":{"start":{"line":233,"column":9},"end":{"line":237,"column":9}},"type":"binary-expr","locations":[{"start":{"line":233,"column":9},"end":{"line":233,"column":13}},{"start":{"line":234,"column":10},"end":{"line":236,"column":17}}],"line":233},"21":{"loc":{"start":{"line":241,"column":7},"end":{"line":248,"column":7}},"type":"binary-expr","locations":[{"start":{"line":241,"column":7},"end":{"line":241,"column":26}},{"start":{"line":242,"column":8},"end":{"line":247,"column":15}}],"line":241},"22":{"loc":{"start":{"line":251,"column":7},"end":{"line":377,"column":7}},"type":"cond-expr","locations":[{"start":{"line":252,"column":8},"end":{"line":321,"column":11}},{"start":{"line":323,"column":8},"end":{"line":376,"column":11}}],"line":251},"23":{"loc":{"start":{"line":271,"column":11},"end":{"line":292,"column":11}},"type":"binary-expr","locations":[{"start":{"line":271,"column":11},"end":{"line":271,"column":27}},{"start":{"line":272,"column":12},"end":{"line":291,"column":25}}],"line":271},"24":{"loc":{"start":{"line":280,"column":19},"end":{"line":280,"column":99}},"type":"binary-expr","locations":[{"start":{"line":280,"column":19},"end":{"line":280,"column":30}},{"start":{"line":280,"column":34},"end":{"line":280,"column":99}}],"line":280},"25":{"loc":{"start":{"line":281,"column":19},"end":{"line":288,"column":19}},"type":"binary-expr","locations":[{"start":{"line":281,"column":19},"end":{"line":281,"column":26}},{"start":{"line":282,"column":20},"end":{"line":287,"column":39}}],"line":281},"26":{"loc":{"start":{"line":325,"column":13},"end":{"line":325,"column":44}},"type":"binary-expr","locations":[{"start":{"line":325,"column":13},"end":{"line":325,"column":24}},{"start":{"line":325,"column":28},"end":{"line":325,"column":44}}],"line":325},"27":{"loc":{"start":{"line":330,"column":11},"end":{"line":343,"column":11}},"type":"binary-expr","locations":[{"start":{"line":330,"column":11},"end":{"line":330,"column":27}},{"start":{"line":331,"column":12},"end":{"line":342,"column":19}}],"line":330},"28":{"loc":{"start":{"line":333,"column":16},"end":{"line":340,"column":24}},"type":"cond-expr","locations":[{"start":{"line":334,"column":18},"end":{"line":339,"column":20}},{"start":{"line":340,"column":20},"end":{"line":340,"column":24}}],"line":333},"29":{"loc":{"start":{"line":346,"column":32},"end":{"line":346,"column":73}},"type":"cond-expr","locations":[{"start":{"line":346,"column":57},"end":{"line":346,"column":63}},{"start":{"line":346,"column":66},"end":{"line":346,"column":73}}],"line":346},"30":{"loc":{"start":{"line":350,"column":11},"end":{"line":375,"column":11}},"type":"binary-expr","locations":[{"start":{"line":350,"column":11},"end":{"line":350,"column":18}},{"start":{"line":351,"column":12},"end":{"line":374,"column":19}}],"line":350},"31":{"loc":{"start":{"line":352,"column":15},"end":{"line":359,"column":15}},"type":"binary-expr","locations":[{"start":{"line":352,"column":15},"end":{"line":352,"column":29}},{"start":{"line":353,"column":16},"end":{"line":358,"column":35}}],"line":352}},"s":{"0":0,"1":0,"2":0,"3":0,"4":0,"5":0,"6":0,"7":0,"8":0,"9":0,"10":0,"11":0,"12":0,"13":0,"14":0,"15":0,"16":0,"17":0,"18":0,"19":0,"20":0,"21":0,"22":0,"23":0,"24":0,"25":0,"26":0,"27":0,"28":0,"29":0,"30":0,"31":0,"32":0,"33":0,"34":0,"35":0,"36":0,"37":0,"38":0,"39":0,"40":0,"41":0,"42":0,"43":0,"44":0,"45":0,"46":0,"47":0,"48":0,"49":0,"50":0,"51":0,"52":0,"53":0,"54":0,"55":0,"56":0,"57":0,"58":0,"59":0,"60":0,"61":0,"62":0,"63":0,"64":0,"65":0,"66":0,"67":0,"68":0,"69":0,"70":0,"71":0,"72":0,"73":0,"74":0,"75":0,"76":0,"77":0,"78":0,"79":0,"80":0,"81":0,"82":0,"83":0,"84":0,"85":0,"86":0,"87":0,"88":0,"89":0,"90":0,"91":0,"92":0,"93":0,"94":0,"95":0,"96":0,"97":0,"98":0,"99":0,"100":0,"101":0,"102":0,"103":0,"104":0,"105":0,"106":0},"f":{"0":0,"1":0,"2":0,"3":0,"4":0,"5":0,"6":0,"7":0,"8":0,"9":0,"10":0,"11":0,"12":0,"13":0,"14":0,"15":0,"16":0,"17":0,"18":0,"19":0},"b":{"0":[0,0],"1":[0,0],"2":[0,0],"3":[0,0],"4":[0,0],"5":[0,0],"6":[0,0],"7":[0,0],"8":[0,0],"9":[0,0],"10":[0,0],"11":[0,0],"12":[0,0],"13":[0,0],"14":[0,0],"15":[0,0],"16":[0,0],"17":[0,0],"18":[0,0],"19":[0,0],"20":[0,0],"21":[0,0],"22":[0,0],"23":[0,0],"24":[0,0],"25":[0,0],"26":[0,0],"27":[0,0],"28":[0,0],"29":[0,0],"30":[0,0],"31":[0,0]}}
,"/Users/jackdoyle/Desktop/timecapsule-diary/app/(tabs)/entries/_layout.tsx": {"path":"/Users/jackdoyle/Desktop/timecapsule-diary/app/(tabs)/entries/_layout.tsx","statementMap":{"0":{"start":{"line":6,"column":22},"end":{"line":6,"column":38}},"1":{"start":{"line":7,"column":17},"end":{"line":7,"column":47}},"2":{"start":{"line":9,"column":2},"end":{"line":27,"column":4}}},"fnMap":{"0":{"name":"EntriesLayout","decl":{"start":{"line":5,"column":24},"end":{"line":5,"column":37}},"loc":{"start":{"line":5,"column":40},"end":{"line":28,"column":1}},"line":5}},"branchMap":{"0":{"loc":{"start":{"line":7,"column":24},"end":{"line":7,"column":46}},"type":"binary-expr","locations":[{"start":{"line":7,"column":24},"end":{"line":7,"column":35}},{"start":{"line":7,"column":39},"end":{"line":7,"column":46}}],"line":7}},"s":{"0":0,"1":0,"2":0},"f":{"0":0},"b":{"0":[0,0]}}
,"/Users/jackdoyle/Desktop/timecapsule-diary/app/(tabs)/entries/index.tsx": {"path":"/Users/jackdoyle/Desktop/timecapsule-diary/app/(tabs)/entries/index.tsx","statementMap":{"0":{"start":{"line":13,"column":17},"end":{"line":13,"column":28}},"1":{"start":{"line":14,"column":15},"end":{"line":14,"column":54}},"2":{"start":{"line":14,"column":33},"end":{"line":14,"column":53}},"3":{"start":{"line":16,"column":2},"end":{"line":59,"column":4}},"4":{"start":{"line":19,"column":21},"end":{"line":19,"column":63}},"5":{"start":{"line":63,"column":45},"end":{"line":63,"column":56}},"6":{"start":{"line":64,"column":56},"end":{"line":64,"column":78}},"7":{"start":{"line":65,"column":17},"end":{"line":65,"column":28}},"8":{"start":{"line":66,"column":22},"end":{"line":66,"column":38}},"9":{"start":{"line":67,"column":17},"end":{"line":67,"column":47}},"10":{"start":{"line":69,"column":18},"end":{"line":69,"column":49}},"11":{"start":{"line":72,"column":2},"end":{"line":76,"column":4}},"12":{"start":{"line":74,"column":6},"end":{"line":74,"column":32}},"13":{"start":{"line":74,"column":22},"end":{"line":74,"column":32}},"14":{"start":{"line":78,"column":2},"end":{"line":86,"column":3}},"15":{"start":{"line":79,"column":4},"end":{"line":85,"column":6}},"16":{"start":{"line":88,"column":2},"end":{"line":115,"column":4}},"17":{"start":{"line":92,"column":32},"end":{"line":92,"column":39}},"18":{"start":{"line":93,"column":34},"end":{"line":93,"column":76}},"19":{"start":{"line":110,"column":23},"end":{"line":110,"column":57}},"20":{"start":{"line":118,"column":15},"end":{"line":215,"column":2}}},"fnMap":{"0":{"name":"EntryCard","decl":{"start":{"line":12,"column":9},"end":{"line":12,"column":18}},"loc":{"start":{"line":12,"column":69},"end":{"line":60,"column":1}},"line":12},"1":{"name":"(anonymous_1)","decl":{"start":{"line":14,"column":26},"end":{"line":14,"column":27}},"loc":{"start":{"line":14,"column":33},"end":{"line":14,"column":53}},"line":14},"2":{"name":"(anonymous_2)","decl":{"start":{"line":19,"column":15},"end":{"line":19,"column":16}},"loc":{"start":{"line":19,"column":21},"end":{"line":19,"column":63}},"line":19},"3":{"name":"EntriesListScreen","decl":{"start":{"line":62,"column":24},"end":{"line":62,"column":41}},"loc":{"start":{"line":62,"column":44},"end":{"line":116,"column":1}},"line":62},"4":{"name":"(anonymous_4)","decl":{"start":{"line":73,"column":16},"end":{"line":73,"column":17}},"loc":{"start":{"line":73,"column":22},"end":{"line":75,"column":5}},"line":73},"5":{"name":"(anonymous_5)","decl":{"start":{"line":92,"column":22},"end":{"line":92,"column":23}},"loc":{"start":{"line":92,"column":32},"end":{"line":92,"column":39}},"line":92},"6":{"name":"(anonymous_6)","decl":{"start":{"line":93,"column":20},"end":{"line":93,"column":21}},"loc":{"start":{"line":93,"column":34},"end":{"line":93,"column":76}},"line":93},"7":{"name":"(anonymous_7)","decl":{"start":{"line":110,"column":17},"end":{"line":110,"column":18}},"loc":{"start":{"line":110,"column":23},"end":{"line":110,"column":57}},"line":110}},"branchMap":{"0":{"loc":{"start":{"line":23,"column":11},"end":{"line":27,"column":11}},"type":"binary-expr","locations":[{"start":{"line":23,"column":11},"end":{"line":23,"column":25}},{"start":{"line":24,"column":12},"end":{"line":26,"column":19}}],"line":23},"1":{"loc":{"start":{"line":28,"column":11},"end":{"line":28,"column":69}},"type":"binary-expr","locations":[{"start":{"line":28,"column":11},"end":{"line":28,"column":15}},{"start":{"line":28,"column":19},"end":{"line":28,"column":69}}],"line":28},"2":{"loc":{"start":{"line":36,"column":9},"end":{"line":36,"column":40}},"type":"binary-expr","locations":[{"start":{"line":36,"column":9},"end":{"line":36,"column":20}},{"start":{"line":36,"column":24},"end":{"line":36,"column":40}}],"line":36},"3":{"loc":{"start":{"line":39,"column":7},"end":{"line":43,"column":14}},"type":"cond-expr","locations":[{"start":{"line":40,"column":8},"end":{"line":42,"column":15}},{"start":{"line":43,"column":10},"end":{"line":43,"column":14}}],"line":39},"4":{"loc":{"start":{"line":47,"column":30},"end":{"line":47,"column":71}},"type":"cond-expr","locations":[{"start":{"line":47,"column":55},"end":{"line":47,"column":61}},{"start":{"line":47,"column":64},"end":{"line":47,"column":71}}],"line":47},"5":{"loc":{"start":{"line":49,"column":9},"end":{"line":56,"column":9}},"type":"binary-expr","locations":[{"start":{"line":49,"column":9},"end":{"line":49,"column":28}},{"start":{"line":50,"column":10},"end":{"line":55,"column":17}}],"line":49},"6":{"loc":{"start":{"line":67,"column":24},"end":{"line":67,"column":46}},"type":"binary-expr","locations":[{"start":{"line":67,"column":24},"end":{"line":67,"column":35}},{"start":{"line":67,"column":39},"end":{"line":67,"column":46}}],"line":67},"7":{"loc":{"start":{"line":69,"column":18},"end":{"line":69,"column":49}},"type":"binary-expr","locations":[{"start":{"line":69,"column":18},"end":{"line":69,"column":31}},{"start":{"line":69,"column":35},"end":{"line":69,"column":49}}],"line":69},"8":{"loc":{"start":{"line":74,"column":6},"end":{"line":74,"column":32}},"type":"if","locations":[{"start":{"line":74,"column":6},"end":{"line":74,"column":32}},{"start":{},"end":{}}],"line":74},"9":{"loc":{"start":{"line":78,"column":2},"end":{"line":86,"column":3}},"type":"if","locations":[{"start":{"line":78,"column":2},"end":{"line":86,"column":3}},{"start":{},"end":{}}],"line":78}},"s":{"0":0,"1":0,"2":0,"3":0,"4":0,"5":0,"6":0,"7":0,"8":0,"9":0,"10":0,"11":0,"12":0,"13":0,"14":0,"15":0,"16":0,"17":0,"18":0,"19":0,"20":0},"f":{"0":0,"1":0,"2":0,"3":0,"4":0,"5":0,"6":0,"7":0},"b":{"0":[0,0],"1":[0,0],"2":[0,0],"3":[0,0],"4":[0,0],"5":[0,0],"6":[0,0],"7":[0,0],"8":[0,0],"9":[0,0]}}
,"/Users/jackdoyle/Desktop/timecapsule-diary/app/(tabs)/entries/new.tsx": {"path":"/Users/jackdoyle/Desktop/timecapsule-diary/app/(tabs)/entries/new.tsx","statementMap":{"0":{"start":{"line":40,"column":18},"end":{"line":40,"column":35}},"1":{"start":{"line":43,"column":21},"end":{"line":43,"column":32}},"2":{"start":{"line":44,"column":19},"end":{"line":44,"column":28}},"3":{"start":{"line":45,"column":26},"end":{"line":45,"column":48}},"4":{"start":{"line":46,"column":17},"end":{"line":46,"column":28}},"5":{"start":{"line":47,"column":21},"end":{"line":47,"column":36}},"6":{"start":{"line":48,"column":22},"end":{"line":48,"column":38}},"7":{"start":{"line":49,"column":17},"end":{"line":49,"column":47}},"8":{"start":{"line":51,"column":28},"end":{"line":51,"column":40}},"9":{"start":{"line":52,"column":32},"end":{"line":52,"column":44}},"10":{"start":{"line":53,"column":26},"end":{"line":53,"column":56}},"11":{"start":{"line":54,"column":36},"end":{"line":54,"column":68}},"12":{"start":{"line":55,"column":46},"end":{"line":55,"column":61}},"13":{"start":{"line":56,"column":42},"end":{"line":56,"column":71}},"14":{"start":{"line":57,"column":40},"end":{"line":57,"column":69}},"15":{"start":{"line":58,"column":40},"end":{"line":58,"column":69}},"16":{"start":{"line":59,"column":44},"end":{"line":59,"column":88}},"17":{"start":{"line":60,"column":30},"end":{"line":60,"column":45}},"18":{"start":{"line":61,"column":60},"end":{"line":61,"column":75}},"19":{"start":{"line":62,"column":44},"end":{"line":62,"column":56}},"20":{"start":{"line":63,"column":52},"end":{"line":63,"column":67}},"21":{"start":{"line":64,"column":48},"end":{"line":64,"column":78}},"22":{"start":{"line":65,"column":28},"end":{"line":65,"column":41}},"23":{"start":{"line":66,"column":28},"end":{"line":66,"column":51}},"24":{"start":{"line":67,"column":28},"end":{"line":67,"column":78}},"25":{"start":{"line":70,"column":2},"end":{"line":84,"column":9}},"26":{"start":{"line":71,"column":4},"end":{"line":83,"column":7}},"27":{"start":{"line":72,"column":6},"end":{"line":72,"column":23}},"28":{"start":{"line":72,"column":16},"end":{"line":72,"column":23}},"29":{"start":{"line":73,"column":6},"end":{"line":82,"column":16}},"30":{"start":{"line":74,"column":22},"end":{"line":74,"column":37}},"31":{"start":{"line":75,"column":8},"end":{"line":75,"column":47}},"32":{"start":{"line":75,"column":25},"end":{"line":75,"column":47}},"33":{"start":{"line":76,"column":8},"end":{"line":76,"column":53}},"34":{"start":{"line":76,"column":27},"end":{"line":76,"column":53}},"35":{"start":{"line":77,"column":8},"end":{"line":77,"column":44}},"36":{"start":{"line":77,"column":24},"end":{"line":77,"column":44}},"37":{"start":{"line":78,"column":8},"end":{"line":78,"column":59}},"38":{"start":{"line":78,"column":29},"end":{"line":78,"column":59}},"39":{"start":{"line":79,"column":8},"end":{"line":79,"column":68}},"40":{"start":{"line":79,"column":32},"end":{"line":79,"column":68}},"41":{"start":{"line":80,"column":8},"end":{"line":80,"column":65}},"42":{"start":{"line":80,"column":31},"end":{"line":80,"column":65}},"43":{"start":{"line":81,"column":8},"end":{"line":81,"column":65}},"44":{"start":{"line":81,"column":31},"end":{"line":81,"column":65}},"45":{"start":{"line":87,"column":2},"end":{"line":106,"column":80}},"46":{"start":{"line":88,"column":4},"end":{"line":88,"column":42}},"47":{"start":{"line":88,"column":35},"end":{"line":88,"column":42}},"48":{"start":{"line":89,"column":20},"end":{"line":104,"column":11}},"49":{"start":{"line":90,"column":6},"end":{"line":103,"column":7}},"50":{"start":{"line":91,"column":8},"end":{"line":102,"column":10}},"51":{"start":{"line":105,"column":4},"end":{"line":105,"column":39}},"52":{"start":{"line":105,"column":17},"end":{"line":105,"column":38}},"53":{"start":{"line":108,"column":21},"end":{"line":108,"column":83}},"54":{"start":{"line":111,"column":2},"end":{"line":115,"column":31}},"55":{"start":{"line":112,"column":4},"end":{"line":114,"column":7}},"56":{"start":{"line":117,"column":22},"end":{"line":138,"column":3}},"57":{"start":{"line":118,"column":4},"end":{"line":122,"column":5}},"58":{"start":{"line":119,"column":6},"end":{"line":119,"column":41}},"59":{"start":{"line":120,"column":6},"end":{"line":120,"column":23}},"60":{"start":{"line":121,"column":6},"end":{"line":121,"column":13}},"61":{"start":{"line":123,"column":4},"end":{"line":137,"column":6}},"62":{"start":{"line":132,"column":12},"end":{"line":132,"column":47}},"63":{"start":{"line":133,"column":12},"end":{"line":133,"column":29}},"64":{"start":{"line":141,"column":2},"end":{"line":149,"column":47}},"65":{"start":{"line":142,"column":4},"end":{"line":148,"column":7}},"66":{"start":{"line":144,"column":8},"end":{"line":146,"column":27}},"67":{"start":{"line":151,"column":21},"end":{"line":216,"column":3}},"68":{"start":{"line":152,"column":4},"end":{"line":155,"column":5}},"69":{"start":{"line":153,"column":6},"end":{"line":153,"column":68}},"70":{"start":{"line":154,"column":6},"end":{"line":154,"column":13}},"71":{"start":{"line":157,"column":4},"end":{"line":160,"column":5}},"72":{"start":{"line":158,"column":6},"end":{"line":158,"column":65}},"73":{"start":{"line":159,"column":6},"end":{"line":159,"column":13}},"74":{"start":{"line":162,"column":4},"end":{"line":162,"column":20}},"75":{"start":{"line":163,"column":4},"end":{"line":215,"column":5}},"76":{"start":{"line":164,"column":42},"end":{"line":176,"column":7}},"77":{"start":{"line":178,"column":20},"end":{"line":178,"column":48}},"78":{"start":{"line":181,"column":6},"end":{"line":206,"column":7}},"79":{"start":{"line":182,"column":8},"end":{"line":205,"column":9}},"80":{"start":{"line":183,"column":10},"end":{"line":204,"column":11}},"81":{"start":{"line":184,"column":31},"end":{"line":184,"column":61}},"82":{"start":{"line":185,"column":29},"end":{"line":185,"column":90}},"83":{"start":{"line":186,"column":32},"end":{"line":192,"column":13}},"84":{"start":{"line":193,"column":12},"end":{"line":201,"column":15}},"85":{"start":{"line":203,"column":12},"end":{"line":203,"column":68}},"86":{"start":{"line":208,"column":6},"end":{"line":208,"column":39}},"87":{"start":{"line":209,"column":6},"end":{"line":209,"column":47}},"88":{"start":{"line":210,"column":6},"end":{"line":210,"column":23}},"89":{"start":{"line":212,"column":6},"end":{"line":212,"column":38}},"90":{"start":{"line":214,"column":6},"end":{"line":214,"column":23}},"91":{"start":{"line":218,"column":27},"end":{"line":224,"column":3}},"92":{"start":{"line":219,"column":4},"end":{"line":219,"column":29}},"93":{"start":{"line":220,"column":4},"end":{"line":223,"column":5}},"94":{"start":{"line":221,"column":22},"end":{"line":221,"column":62}},"95":{"start":{"line":222,"column":6},"end":{"line":222,"column":28}},"96":{"start":{"line":226,"column":28},"end":{"line":230,"column":3}},"97":{"start":{"line":227,"column":4},"end":{"line":227,"column":25}},"98":{"start":{"line":228,"column":4},"end":{"line":228,"column":27}},"99":{"start":{"line":229,"column":4},"end":{"line":229,"column":35}},"100":{"start":{"line":232,"column":36},"end":{"line":252,"column":3}},"101":{"start":{"line":233,"column":4},"end":{"line":233,"column":27}},"102":{"start":{"line":236,"column":4},"end":{"line":236,"column":75}},"103":{"start":{"line":236,"column":35},"end":{"line":236,"column":75}},"104":{"start":{"line":237,"column":4},"end":{"line":240,"column":5}},"105":{"start":{"line":238,"column":6},"end":{"line":238,"column":29}},"106":{"start":{"line":239,"column":6},"end":{"line":239,"column":13}},"107":{"start":{"line":241,"column":4},"end":{"line":251,"column":12}},"108":{"start":{"line":242,"column":6},"end":{"line":242,"column":33}},"109":{"start":{"line":243,"column":6},"end":{"line":250,"column":7}},"110":{"start":{"line":244,"column":24},"end":{"line":244,"column":58}},"111":{"start":{"line":245,"column":8},"end":{"line":245,"column":36}},"112":{"start":{"line":249,"column":8},"end":{"line":249,"column":36}},"113":{"start":{"line":254,"column":31},"end":{"line":275,"column":3}},"114":{"start":{"line":255,"column":18},"end":{"line":255,"column":38}},"115":{"start":{"line":256,"column":4},"end":{"line":256,"column":23}},"116":{"start":{"line":256,"column":16},"end":{"line":256,"column":23}},"117":{"start":{"line":258,"column":4},"end":{"line":258,"column":31}},"118":{"start":{"line":259,"column":4},"end":{"line":274,"column":5}},"119":{"start":{"line":260,"column":22},"end":{"line":260,"column":50}},"120":{"start":{"line":261,"column":6},"end":{"line":268,"column":7}},"121":{"start":{"line":262,"column":8},"end":{"line":262,"column":31}},"122":{"start":{"line":263,"column":8},"end":{"line":266,"column":10}},"123":{"start":{"line":267,"column":8},"end":{"line":267,"column":15}},"124":{"start":{"line":269,"column":6},"end":{"line":269,"column":34}},"125":{"start":{"line":271,"column":6},"end":{"line":271,"column":60}},"126":{"start":{"line":273,"column":6},"end":{"line":273,"column":34}},"127":{"start":{"line":277,"column":31},"end":{"line":285,"column":3}},"128":{"start":{"line":279,"column":20},"end":{"line":279,"column":37}},"129":{"start":{"line":280,"column":28},"end":{"line":280,"column":82}},"130":{"start":{"line":281,"column":4},"end":{"line":281,"column":59}},"131":{"start":{"line":282,"column":4},"end":{"line":282,"column":28}},"132":{"start":{"line":283,"column":4},"end":{"line":283,"column":28}},"133":{"start":{"line":284,"column":4},"end":{"line":284,"column":36}},"134":{"start":{"line":287,"column":25},"end":{"line":305,"column":3}},"135":{"start":{"line":288,"column":4},"end":{"line":304,"column":5}},"136":{"start":{"line":289,"column":6},"end":{"line":301,"column":8}},"137":{"start":{"line":295,"column":10},"end":{"line":299,"column":11}},"138":{"start":{"line":296,"column":12},"end":{"line":296,"column":38}},"139":{"start":{"line":297,"column":17},"end":{"line":299,"column":11}},"140":{"start":{"line":298,"column":12},"end":{"line":298,"column":39}},"141":{"start":{"line":303,"column":6},"end":{"line":303,"column":33}},"142":{"start":{"line":307,"column":20},"end":{"line":329,"column":3}},"143":{"start":{"line":308,"column":52},"end":{"line":312,"column":5}},"144":{"start":{"line":315,"column":4},"end":{"line":324,"column":5}},"145":{"start":{"line":316,"column":25},"end":{"line":316,"column":74}},"146":{"start":{"line":317,"column":6},"end":{"line":320,"column":7}},"147":{"start":{"line":318,"column":8},"end":{"line":318,"column":74}},"148":{"start":{"line":319,"column":8},"end":{"line":319,"column":15}},"149":{"start":{"line":321,"column":6},"end":{"line":321,"column":60}},"150":{"start":{"line":323,"column":6},"end":{"line":323,"column":66}},"151":{"start":{"line":326,"column":4},"end":{"line":328,"column":5}},"152":{"start":{"line":327,"column":6},"end":{"line":327,"column":62}},"153":{"start":{"line":327,"column":33},"end":{"line":327,"column":60}},"154":{"start":{"line":331,"column":2},"end":{"line":596,"column":4}},"155":{"start":{"line":354,"column":25},"end":{"line":354,"column":59}},"156":{"start":{"line":384,"column":12},"end":{"line":404,"column":31}},"157":{"start":{"line":393,"column":29},"end":{"line":393,"column":67}},"158":{"start":{"line":417,"column":16},"end":{"line":417,"column":38}},"159":{"start":{"line":418,"column":16},"end":{"line":418,"column":37}},"160":{"start":{"line":419,"column":16},"end":{"line":419,"column":37}},"161":{"start":{"line":436,"column":14},"end":{"line":444,"column":21}},"162":{"start":{"line":440,"column":33},"end":{"line":440,"column":95}},"163":{"start":{"line":440,"column":60},"end":{"line":440,"column":94}},"164":{"start":{"line":440,"column":82},"end":{"line":440,"column":93}},"165":{"start":{"line":480,"column":27},"end":{"line":480,"column":43}},"166":{"start":{"line":489,"column":27},"end":{"line":489,"column":44}},"167":{"start":{"line":502,"column":30},"end":{"line":502,"column":61}},"168":{"start":{"line":506,"column":45},"end":{"line":506,"column":76}},"169":{"start":{"line":551,"column":36},"end":{"line":551,"column":48}},"170":{"start":{"line":554,"column":14},"end":{"line":583,"column":33}},"171":{"start":{"line":559,"column":31},"end":{"line":559,"column":57}},"172":{"start":{"line":599,"column":15},"end":{"line":786,"column":2}}},"fnMap":{"0":{"name":"NewEntryScreen","decl":{"start":{"line":42,"column":24},"end":{"line":42,"column":38}},"loc":{"start":{"line":42,"column":41},"end":{"line":597,"column":1}},"line":42},"1":{"name":"(anonymous_1)","decl":{"start":{"line":70,"column":12},"end":{"line":70,"column":13}},"loc":{"start":{"line":70,"column":18},"end":{"line":84,"column":3}},"line":70},"2":{"name":"(anonymous_2)","decl":{"start":{"line":71,"column":41},"end":{"line":71,"column":42}},"loc":{"start":{"line":71,"column":50},"end":{"line":83,"column":5}},"line":71},"3":{"name":"(anonymous_3)","decl":{"start":{"line":87,"column":12},"end":{"line":87,"column":13}},"loc":{"start":{"line":87,"column":18},"end":{"line":106,"column":3}},"line":87},"4":{"name":"(anonymous_4)","decl":{"start":{"line":89,"column":31},"end":{"line":89,"column":32}},"loc":{"start":{"line":89,"column":37},"end":{"line":104,"column":5}},"line":89},"5":{"name":"(anonymous_5)","decl":{"start":{"line":105,"column":11},"end":{"line":105,"column":12}},"loc":{"start":{"line":105,"column":17},"end":{"line":105,"column":38}},"line":105},"6":{"name":"(anonymous_6)","decl":{"start":{"line":111,"column":12},"end":{"line":111,"column":13}},"loc":{"start":{"line":111,"column":18},"end":{"line":115,"column":3}},"line":111},"7":{"name":"(anonymous_7)","decl":{"start":{"line":117,"column":22},"end":{"line":117,"column":23}},"loc":{"start":{"line":117,"column":28},"end":{"line":138,"column":3}},"line":117},"8":{"name":"(anonymous_8)","decl":{"start":{"line":131,"column":19},"end":{"line":131,"column":20}},"loc":{"start":{"line":131,"column":25},"end":{"line":134,"column":11}},"line":131},"9":{"name":"(anonymous_9)","decl":{"start":{"line":141,"column":12},"end":{"line":141,"column":13}},"loc":{"start":{"line":141,"column":18},"end":{"line":149,"column":3}},"line":141},"10":{"name":"(anonymous_10)","decl":{"start":{"line":143,"column":18},"end":{"line":143,"column":19}},"loc":{"start":{"line":144,"column":8},"end":{"line":146,"column":27}},"line":144},"11":{"name":"(anonymous_11)","decl":{"start":{"line":151,"column":21},"end":{"line":151,"column":22}},"loc":{"start":{"line":151,"column":49},"end":{"line":216,"column":3}},"line":151},"12":{"name":"(anonymous_12)","decl":{"start":{"line":218,"column":27},"end":{"line":218,"column":28}},"loc":{"start":{"line":218,"column":64},"end":{"line":224,"column":3}},"line":218},"13":{"name":"(anonymous_13)","decl":{"start":{"line":226,"column":28},"end":{"line":226,"column":29}},"loc":{"start":{"line":226,"column":34},"end":{"line":230,"column":3}},"line":226},"14":{"name":"(anonymous_14)","decl":{"start":{"line":232,"column":36},"end":{"line":232,"column":37}},"loc":{"start":{"line":232,"column":54},"end":{"line":252,"column":3}},"line":232},"15":{"name":"(anonymous_15)","decl":{"start":{"line":241,"column":43},"end":{"line":241,"column":44}},"loc":{"start":{"line":241,"column":55},"end":{"line":251,"column":5}},"line":241},"16":{"name":"(anonymous_16)","decl":{"start":{"line":254,"column":31},"end":{"line":254,"column":32}},"loc":{"start":{"line":254,"column":43},"end":{"line":275,"column":3}},"line":254},"17":{"name":"(anonymous_17)","decl":{"start":{"line":277,"column":31},"end":{"line":277,"column":32}},"loc":{"start":{"line":277,"column":56},"end":{"line":285,"column":3}},"line":277},"18":{"name":"(anonymous_18)","decl":{"start":{"line":287,"column":25},"end":{"line":287,"column":26}},"loc":{"start":{"line":287,"column":37},"end":{"line":305,"column":3}},"line":287},"19":{"name":"(anonymous_19)","decl":{"start":{"line":294,"column":8},"end":{"line":294,"column":9}},"loc":{"start":{"line":294,"column":31},"end":{"line":300,"column":9}},"line":294},"20":{"name":"(anonymous_20)","decl":{"start":{"line":307,"column":20},"end":{"line":307,"column":21}},"loc":{"start":{"line":307,"column":60},"end":{"line":329,"column":3}},"line":307},"21":{"name":"(anonymous_21)","decl":{"start":{"line":327,"column":23},"end":{"line":327,"column":24}},"loc":{"start":{"line":327,"column":33},"end":{"line":327,"column":60}},"line":327},"22":{"name":"(anonymous_22)","decl":{"start":{"line":354,"column":19},"end":{"line":354,"column":20}},"loc":{"start":{"line":354,"column":25},"end":{"line":354,"column":59}},"line":354},"23":{"name":"(anonymous_23)","decl":{"start":{"line":383,"column":21},"end":{"line":383,"column":22}},"loc":{"start":{"line":384,"column":12},"end":{"line":404,"column":31}},"line":384},"24":{"name":"(anonymous_24)","decl":{"start":{"line":393,"column":23},"end":{"line":393,"column":24}},"loc":{"start":{"line":393,"column":29},"end":{"line":393,"column":67}},"line":393},"25":{"name":"(anonymous_25)","decl":{"start":{"line":416,"column":23},"end":{"line":416,"column":24}},"loc":{"start":{"line":416,"column":29},"end":{"line":420,"column":15}},"line":416},"26":{"name":"(anonymous_26)","decl":{"start":{"line":435,"column":31},"end":{"line":435,"column":32}},"loc":{"start":{"line":436,"column":14},"end":{"line":444,"column":21}},"line":436},"27":{"name":"(anonymous_27)","decl":{"start":{"line":440,"column":27},"end":{"line":440,"column":28}},"loc":{"start":{"line":440,"column":33},"end":{"line":440,"column":95}},"line":440},"28":{"name":"(anonymous_28)","decl":{"start":{"line":440,"column":50},"end":{"line":440,"column":51}},"loc":{"start":{"line":440,"column":60},"end":{"line":440,"column":94}},"line":440},"29":{"name":"(anonymous_29)","decl":{"start":{"line":440,"column":72},"end":{"line":440,"column":73}},"loc":{"start":{"line":440,"column":82},"end":{"line":440,"column":93}},"line":440},"30":{"name":"(anonymous_30)","decl":{"start":{"line":480,"column":21},"end":{"line":480,"column":22}},"loc":{"start":{"line":480,"column":27},"end":{"line":480,"column":43}},"line":480},"31":{"name":"(anonymous_31)","decl":{"start":{"line":489,"column":21},"end":{"line":489,"column":22}},"loc":{"start":{"line":489,"column":27},"end":{"line":489,"column":44}},"line":489},"32":{"name":"(anonymous_32)","decl":{"start":{"line":502,"column":24},"end":{"line":502,"column":25}},"loc":{"start":{"line":502,"column":30},"end":{"line":502,"column":61}},"line":502},"33":{"name":"(anonymous_33)","decl":{"start":{"line":506,"column":39},"end":{"line":506,"column":40}},"loc":{"start":{"line":506,"column":45},"end":{"line":506,"column":76}},"line":506},"34":{"name":"(anonymous_34)","decl":{"start":{"line":551,"column":26},"end":{"line":551,"column":27}},"loc":{"start":{"line":551,"column":36},"end":{"line":551,"column":48}},"line":551},"35":{"name":"(anonymous_35)","decl":{"start":{"line":553,"column":24},"end":{"line":553,"column":25}},"loc":{"start":{"line":554,"column":14},"end":{"line":583,"column":33}},"line":554},"36":{"name":"(anonymous_36)","decl":{"start":{"line":559,"column":25},"end":{"line":559,"column":26}},"loc":{"start":{"line":559,"column":31},"end":{"line":559,"column":57}},"line":559}},"branchMap":{"0":{"loc":{"start":{"line":49,"column":24},"end":{"line":49,"column":46}},"type":"binary-expr","locations":[{"start":{"line":49,"column":24},"end":{"line":49,"column":35}},{"start":{"line":49,"column":39},"end":{"line":49,"column":46}}],"line":49},"1":{"loc":{"start":{"line":72,"column":6},"end":{"line":72,"column":23}},"type":"if","locations":[{"start":{"line":72,"column":6},"end":{"line":72,"column":23}},{"start":{},"end":{}}],"line":72},"2":{"loc":{"start":{"line":75,"column":8},"end":{"line":75,"column":47}},"type":"if","locations":[{"start":{"line":75,"column":8},"end":{"line":75,"column":47}},{"start":{},"end":{}}],"line":75},"3":{"loc":{"start":{"line":76,"column":8},"end":{"line":76,"column":53}},"type":"if","locations":[{"start":{"line":76,"column":8},"end":{"line":76,"column":53}},{"start":{},"end":{}}],"line":76},"4":{"loc":{"start":{"line":77,"column":8},"end":{"line":77,"column":44}},"type":"if","locations":[{"start":{"line":77,"column":8},"end":{"line":77,"column":44}},{"start":{},"end":{}}],"line":77},"5":{"loc":{"start":{"line":78,"column":8},"end":{"line":78,"column":59}},"type":"if","locations":[{"start":{"line":78,"column":8},"end":{"line":78,"column":59}},{"start":{},"end":{}}],"line":78},"6":{"loc":{"start":{"line":79,"column":8},"end":{"line":79,"column":68}},"type":"if","locations":[{"start":{"line":79,"column":8},"end":{"line":79,"column":68}},{"start":{},"end":{}}],"line":79},"7":{"loc":{"start":{"line":80,"column":8},"end":{"line":80,"column":65}},"type":"if","locations":[{"start":{"line":80,"column":8},"end":{"line":80,"column":65}},{"start":{},"end":{}}],"line":80},"8":{"loc":{"start":{"line":81,"column":8},"end":{"line":81,"column":65}},"type":"if","locations":[{"start":{"line":81,"column":8},"end":{"line":81,"column":65}},{"start":{},"end":{}}],"line":81},"9":{"loc":{"start":{"line":88,"column":4},"end":{"line":88,"column":42}},"type":"if","locations":[{"start":{"line":88,"column":4},"end":{"line":88,"column":42}},{"start":{},"end":{}}],"line":88},"10":{"loc":{"start":{"line":90,"column":6},"end":{"line":103,"column":7}},"type":"if","locations":[{"start":{"line":90,"column":6},"end":{"line":103,"column":7}},{"start":{},"end":{}}],"line":90},"11":{"loc":{"start":{"line":90,"column":10},"end":{"line":90,"column":40}},"type":"binary-expr","locations":[{"start":{"line":90,"column":10},"end":{"line":90,"column":22}},{"start":{"line":90,"column":26},"end":{"line":90,"column":40}}],"line":90},"12":{"loc":{"start":{"line":108,"column":24},"end":{"line":108,"column":82}},"type":"binary-expr","locations":[{"start":{"line":108,"column":24},"end":{"line":108,"column":36}},{"start":{"line":108,"column":40},"end":{"line":108,"column":54}},{"start":{"line":108,"column":58},"end":{"line":108,"column":82}}],"line":108},"13":{"loc":{"start":{"line":118,"column":4},"end":{"line":122,"column":5}},"type":"if","locations":[{"start":{"line":118,"column":4},"end":{"line":122,"column":5}},{"start":{},"end":{}}],"line":118},"14":{"loc":{"start":{"line":118,"column":8},"end":{"line":118,"column":48}},"type":"binary-expr","locations":[{"start":{"line":118,"column":8},"end":{"line":118,"column":19}},{"start":{"line":118,"column":23},"end":{"line":118,"column":48}}],"line":118},"15":{"loc":{"start":{"line":152,"column":4},"end":{"line":155,"column":5}},"type":"if","locations":[{"start":{"line":152,"column":4},"end":{"line":155,"column":5}},{"start":{},"end":{}}],"line":152},"16":{"loc":{"start":{"line":157,"column":4},"end":{"line":160,"column":5}},"type":"if","locations":[{"start":{"line":157,"column":4},"end":{"line":160,"column":5}},{"start":{},"end":{}}],"line":157},"17":{"loc":{"start":{"line":157,"column":8},"end":{"line":157,"column":52}},"type":"binary-expr","locations":[{"start":{"line":157,"column":8},"end":{"line":157,"column":16}},{"start":{"line":157,"column":20},"end":{"line":157,"column":33}},{"start":{"line":157,"column":37},"end":{"line":157,"column":52}}],"line":157},"18":{"loc":{"start":{"line":169,"column":20},"end":{"line":169,"column":75}},"type":"cond-expr","locations":[{"start":{"line":169,"column":37},"end":{"line":169,"column":71}},{"start":{"line":169,"column":74},"end":{"line":169,"column":75}}],"line":169},"19":{"loc":{"start":{"line":181,"column":6},"end":{"line":206,"column":7}},"type":"if","locations":[{"start":{"line":181,"column":6},"end":{"line":206,"column":7}},{"start":{},"end":{}}],"line":181},"20":{"loc":{"start":{"line":181,"column":10},"end":{"line":181,"column":42}},"type":"binary-expr","locations":[{"start":{"line":181,"column":10},"end":{"line":181,"column":34}},{"start":{"line":181,"column":38},"end":{"line":181,"column":42}}],"line":181},"21":{"loc":{"start":{"line":220,"column":4},"end":{"line":223,"column":5}},"type":"if","locations":[{"start":{"line":220,"column":4},"end":{"line":223,"column":5}},{"start":{},"end":{}}],"line":220},"22":{"loc":{"start":{"line":236,"column":4},"end":{"line":236,"column":75}},"type":"if","locations":[{"start":{"line":236,"column":4},"end":{"line":236,"column":75}},{"start":{},"end":{}}],"line":236},"23":{"loc":{"start":{"line":237,"column":4},"end":{"line":240,"column":5}},"type":"if","locations":[{"start":{"line":237,"column":4},"end":{"line":240,"column":5}},{"start":{},"end":{}}],"line":237},"24":{"loc":{"start":{"line":256,"column":4},"end":{"line":256,"column":23}},"type":"if","locations":[{"start":{"line":256,"column":4},"end":{"line":256,"column":23}},{"start":{},"end":{}}],"line":256},"25":{"loc":{"start":{"line":261,"column":6},"end":{"line":268,"column":7}},"type":"if","locations":[{"start":{"line":261,"column":6},"end":{"line":268,"column":7}},{"start":{},"end":{}}],"line":261},"26":{"loc":{"start":{"line":279,"column":20},"end":{"line":279,"column":37}},"type":"binary-expr","locations":[{"start":{"line":279,"column":20},"end":{"line":279,"column":31}},{"start":{"line":279,"column":35},"end":{"line":279,"column":37}}],"line":279},"27":{"loc":{"start":{"line":281,"column":20},"end":{"line":281,"column":57}},"type":"cond-expr","locations":[{"start":{"line":281,"column":38},"end":{"line":281,"column":46}},{"start":{"line":281,"column":49},"end":{"line":281,"column":57}}],"line":281},"28":{"loc":{"start":{"line":288,"column":4},"end":{"line":304,"column":5}},"type":"if","locations":[{"start":{"line":288,"column":4},"end":{"line":304,"column":5}},{"start":{"line":302,"column":11},"end":{"line":304,"column":5}}],"line":288},"29":{"loc":{"start":{"line":295,"column":10},"end":{"line":299,"column":11}},"type":"if","locations":[{"start":{"line":295,"column":10},"end":{"line":299,"column":11}},{"start":{"line":297,"column":17},"end":{"line":299,"column":11}}],"line":295},"30":{"loc":{"start":{"line":297,"column":17},"end":{"line":299,"column":11}},"type":"if","locations":[{"start":{"line":297,"column":17},"end":{"line":299,"column":11}},{"start":{},"end":{}}],"line":297},"31":{"loc":{"start":{"line":315,"column":4},"end":{"line":324,"column":5}},"type":"if","locations":[{"start":{"line":315,"column":4},"end":{"line":324,"column":5}},{"start":{"line":322,"column":11},"end":{"line":324,"column":5}}],"line":315},"32":{"loc":{"start":{"line":317,"column":6},"end":{"line":320,"column":7}},"type":"if","locations":[{"start":{"line":317,"column":6},"end":{"line":320,"column":7}},{"start":{},"end":{}}],"line":317},"33":{"loc":{"start":{"line":326,"column":4},"end":{"line":328,"column":5}},"type":"if","locations":[{"start":{"line":326,"column":4},"end":{"line":328,"column":5}},{"start":{},"end":{}}],"line":326},"34":{"loc":{"start":{"line":326,"column":8},"end":{"line":326,"column":44}},"type":"binary-expr","locations":[{"start":{"line":326,"column":8},"end":{"line":326,"column":24}},{"start":{"line":326,"column":28},"end":{"line":326,"column":44}}],"line":326},"35":{"loc":{"start":{"line":334,"column":16},"end":{"line":334,"column":60}},"type":"cond-expr","locations":[{"start":{"line":334,"column":40},"end":{"line":334,"column":49}},{"start":{"line":334,"column":52},"end":{"line":334,"column":60}}],"line":334},"36":{"loc":{"start":{"line":361,"column":18},"end":{"line":361,"column":64}},"type":"cond-expr","locations":[{"start":{"line":361,"column":35},"end":{"line":361,"column":47}},{"start":{"line":361,"column":50},"end":{"line":361,"column":64}}],"line":361},"37":{"loc":{"start":{"line":366,"column":9},"end":{"line":374,"column":9}},"type":"binary-expr","locations":[{"start":{"line":366,"column":9},"end":{"line":366,"column":23}},{"start":{"line":367,"column":10},"end":{"line":373,"column":12}}],"line":366},"38":{"loc":{"start":{"line":389,"column":35},"end":{"line":389,"column":99}},"type":"cond-expr","locations":[{"start":{"line":389,"column":52},"end":{"line":389,"column":73}},{"start":{"line":389,"column":76},"end":{"line":389,"column":99}}],"line":389},"39":{"loc":{"start":{"line":390,"column":31},"end":{"line":390,"column":78}},"type":"cond-expr","locations":[{"start":{"line":390,"column":48},"end":{"line":390,"column":62}},{"start":{"line":390,"column":65},"end":{"line":390,"column":78}}],"line":390},"40":{"loc":{"start":{"line":393,"column":37},"end":{"line":393,"column":66}},"type":"cond-expr","locations":[{"start":{"line":393,"column":54},"end":{"line":393,"column":58}},{"start":{"line":393,"column":61},"end":{"line":393,"column":66}}],"line":393},"41":{"loc":{"start":{"line":399,"column":27},"end":{"line":399,"column":81}},"type":"cond-expr","locations":[{"start":{"line":399,"column":44},"end":{"line":399,"column":58}},{"start":{"line":399,"column":61},"end":{"line":399,"column":81}}],"line":399},"42":{"loc":{"start":{"line":409,"column":9},"end":{"line":425,"column":16}},"type":"cond-expr","locations":[{"start":{"line":410,"column":10},"end":{"line":424,"column":17}},{"start":{"line":425,"column":12},"end":{"line":425,"column":16}}],"line":409},"43":{"loc":{"start":{"line":428,"column":9},"end":{"line":447,"column":9}},"type":"binary-expr","locations":[{"start":{"line":428,"column":9},"end":{"line":428,"column":33}},{"start":{"line":429,"column":10},"end":{"line":446,"column":23}}],"line":428},"44":{"loc":{"start":{"line":473,"column":21},"end":{"line":473,"column":73}},"type":"cond-expr","locations":[{"start":{"line":473,"column":36},"end":{"line":473,"column":50}},{"start":{"line":473,"column":53},"end":{"line":473,"column":73}}],"line":473},"45":{"loc":{"start":{"line":492,"column":52},"end":{"line":492,"column":84}},"type":"cond-expr","locations":[{"start":{"line":492,"column":61},"end":{"line":492,"column":72}},{"start":{"line":492,"column":75},"end":{"line":492,"column":84}}],"line":492},"46":{"loc":{"start":{"line":535,"column":24},"end":{"line":535,"column":66}},"type":"binary-expr","locations":[{"start":{"line":535,"column":24},"end":{"line":535,"column":41}},{"start":{"line":535,"column":45},"end":{"line":535,"column":66}}],"line":535},"47":{"loc":{"start":{"line":537,"column":15},"end":{"line":541,"column":15}},"type":"cond-expr","locations":[{"start":{"line":538,"column":16},"end":{"line":538,"column":63}},{"start":{"line":540,"column":16},"end":{"line":540,"column":68}}],"line":537},"48":{"loc":{"start":{"line":574,"column":19},"end":{"line":581,"column":26}},"type":"cond-expr","locations":[{"start":{"line":575,"column":20},"end":{"line":580,"column":27}},{"start":{"line":581,"column":22},"end":{"line":581,"column":26}}],"line":574},"49":{"loc":{"start":{"line":586,"column":14},"end":{"line":590,"column":22}},"type":"cond-expr","locations":[{"start":{"line":587,"column":16},"end":{"line":589,"column":23}},{"start":{"line":590,"column":18},"end":{"line":590,"column":22}}],"line":586},"50":{"loc":{"start":{"line":586,"column":14},"end":{"line":586,"column":56}},"type":"binary-expr","locations":[{"start":{"line":586,"column":14},"end":{"line":586,"column":34}},{"start":{"line":586,"column":38},"end":{"line":586,"column":56}}],"line":586}},"s":{"0":0,"1":0,"2":0,"3":0,"4":0,"5":0,"6":0,"7":0,"8":0,"9":0,"10":0,"11":0,"12":0,"13":0,"14":0,"15":0,"16":0,"17":0,"18":0,"19":0,"20":0,"21":0,"22":0,"23":0,"24":0,"25":0,"26":0,"27":0,"28":0,"29":0,"30":0,"31":0,"32":0,"33":0,"34":0,"35":0,"36":0,"37":0,"38":0,"39":0,"40":0,"41":0,"42":0,"43":0,"44":0,"45":0,"46":0,"47":0,"48":0,"49":0,"50":0,"51":0,"52":0,"53":0,"54":0,"55":0,"56":0,"57":0,"58":0,"59":0,"60":0,"61":0,"62":0,"63":0,"64":0,"65":0,"66":0,"67":0,"68":0,"69":0,"70":0,"71":0,"72":0,"73":0,"74":0,"75":0,"76":0,"77":0,"78":0,"79":0,"80":0,"81":0,"82":0,"83":0,"84":0,"85":0,"86":0,"87":0,"88":0,"89":0,"90":0,"91":0,"92":0,
[...]
],"line":149},"16":{"loc":{"start":{"line":155,"column":19},"end":{"line":155,"column":36}},"type":"binary-expr","locations":[{"start":{"line":155,"column":19},"end":{"line":155,"column":30}},{"start":{"line":155,"column":34},"end":{"line":155,"column":36}}],"line":155},"17":{"loc":{"start":{"line":158,"column":12},"end":{"line":158,"column":44}},"type":"binary-expr","locations":[{"start":{"line":158,"column":12},"end":{"line":158,"column":35}},{"start":{"line":158,"column":39},"end":{"line":158,"column":44}}],"line":158},"18":{"loc":{"start":{"line":159,"column":15},"end":{"line":159,"column":43}},"type":"binary-expr","locations":[{"start":{"line":159,"column":15},"end":{"line":159,"column":37}},{"start":{"line":159,"column":41},"end":{"line":159,"column":43}}],"line":159},"19":{"loc":{"start":{"line":160,"column":11},"end":{"line":160,"column":40}},"type":"binary-expr","locations":[{"start":{"line":160,"column":11},"end":{"line":160,"column":35}},{"start":{"line":160,"column":39},"end":{"line":160,"column":40}}],"line":160},"20":{"loc":{"start":{"line":161,"column":11},"end":{"line":161,"column":41}},"type":"binary-expr","locations":[{"start":{"line":161,"column":11},"end":{"line":161,"column":36}},{"start":{"line":161,"column":40},"end":{"line":161,"column":41}}],"line":161},"21":{"loc":{"start":{"line":175,"column":4},"end":{"line":175,"column":41}},"type":"if","locations":[{"start":{"line":175,"column":4},"end":{"line":175,"column":41}},{"start":{},"end":{}}],"line":175},"22":{"loc":{"start":{"line":186,"column":16},"end":{"line":186,"column":29}},"type":"binary-expr","locations":[{"start":{"line":186,"column":16},"end":{"line":186,"column":20}},{"start":{"line":186,"column":24},"end":{"line":186,"column":29}}],"line":186}},"s":{"0":0,"1":0,"2":0,"3":0,"4":0,"5":0,"6":0,"7":0,"8":0,"9":0,"10":0,"11":0,"12":0,"13":0,"14":0,"15":0,"16":0,"17":0,"18":0,"19":0,"20":0,"21":0,"22":0,"23":0,"24":0,"25":0,"26":0,"27":0,"28":0,"29":0,"30":0,"31":0,"32":0,"33":0,"34":0,"35":0,"36":0,"37":0,"38":0,"39":0,"40":0,"41":0,"42":0,"43":0,"44":0,"45":0,"46":0,"47":0,"48":0,"49":0,"50":0,"51":0,"52":0,"53":0,"54":0,"55":0,"56":0,"57":0,"58":0,"59":0,"60":0,"61":0,"62":0,"63":0,"64":0,"65":0,"66":0,"67":0,"68":0,"69":0},"f":{"0":0,"1":0,"2":0,"3":0,"4":0,"5":0,"6":0},"b":{"0":[0,0],"1":[0,0],"2":[0,0],"3":[0,0],"4":[0,0],"5":[0,0],"6":[0,0],"7":[0,0],"8":[0,0],"9":[0,0],"10":[0,0],"11":[0,0],"12":[0,0],"13":[0,0],"14":[0,0],"15":[0,0],"16":[0,0],"17":[0,0],"18":[0,0],"19":[0,0],"20":[0,0],"21":[0,0],"22":[0,0]}}
,"/Users/jackdoyle/Desktop/timecapsule-diary/src/lib/notifications.ts": {"path":"/Users/jackdoyle/Desktop/timecapsule-diary/src/lib/notifications.ts","statementMap":{"0":{"start":{"line":7,"column":0},"end":{"line":15,"column":3}},"1":{"start":{"line":8,"column":35},"end":{"line":14,"column":3}},"2":{"start":{"line":18,"column":2},"end":{"line":21,"column":3}},"3":{"start":{"line":19,"column":4},"end":{"line":19,"column":64}},"4":{"start":{"line":20,"column":4},"end":{"line":20,"column":16}},"5":{"start":{"line":23,"column":2},"end":{"line":28,"column":3}},"6":{"start":{"line":24,"column":4},"end":{"line":27,"column":7}},"7":{"start":{"line":30,"column":37},"end":{"line":30,"column":78}},"8":{"start":{"line":31,"column":20},"end":{"line":31,"column":34}},"9":{"start":{"line":33,"column":2},"end":{"line":36,"column":3}},"10":{"start":{"line":34,"column":23},"end":{"line":34,"column":68}},"11":{"start":{"line":35,"column":4},"end":{"line":35,"column":25}},"12":{"start":{"line":38,"column":2},"end":{"line":41,"column":3}},"13":{"start":{"line":39,"column":4},"end":{"line":39,"column":60}},"14":{"start":{"line":40,"column":4},"end":{"line":40,"column":16}},"15":{"start":{"line":43,"column":20},"end":{"line":43,"column":63}},"16":{"start":{"line":44,"column":2},"end":{"line":47,"column":3}},"17":{"start":{"line":45,"column":4},"end":{"line":45,"column":66}},"18":{"start":{"line":46,"column":4},"end":{"line":46,"column":16}},"19":{"start":{"line":49,"column":16},"end":{"line":51,"column":8}},"20":{"start":{"line":54,"column":2},"end":{"line":57,"column":22}},"21":{"start":{"line":59,"column":2},"end":{"line":59,"column":15}},"22":{"start":{"line":65,"column":2},"end":{"line":65,"column":73}},"23":{"start":{"line":71,"column":2},"end":{"line":71,"column":65}}},"fnMap":{"0":{"name":"(anonymous_0)","decl":{"start":{"line":8,"column":22},"end":{"line":8,"column":23}},"loc":{"start":{"line":8,"column":35},"end":{"line":14,"column":3}},"line":8},"1":{"name":"registerForPushNotifications","decl":{"start":{"line":17,"column":22},"end":{"line":17,"column":50}},"loc":{"start":{"line":17,"column":91},"end":{"line":60,"column":1}},"line":17},"2":{"name":"addNotificationResponseListener","decl":{"start":{"line":62,"column":16},"end":{"line":62,"column":47}},"loc":{"start":{"line":64,"column":2},"end":{"line":66,"column":1}},"line":64},"3":{"name":"addNotificationReceivedListener","decl":{"start":{"line":68,"column":16},"end":{"line":68,"column":47}},"loc":{"start":{"line":70,"column":2},"end":{"line":72,"column":1}},"line":70}},"branchMap":{"0":{"loc":{"start":{"line":18,"column":2},"end":{"line":21,"column":3}},"type":"if","locations":[{"start":{"line":18,"column":2},"end":{"line":21,"column":3}},{"start":{},"end":{}}],"line":18},"1":{"loc":{"start":{"line":23,"column":2},"end":{"line":28,"column":3}},"type":"if","locations":[{"start":{"line":23,"column":2},"end":{"line":28,"column":3}},{"start":{},"end":{}}],"line":23},"2":{"loc":{"start":{"line":33,"column":2},"end":{"line":36,"column":3}},"type":"if","locations":[{"start":{"line":33,"column":2},"end":{"line":36,"column":3}},{"start":{},"end":{}}],"line":33},"3":{"loc":{"start":{"line":38,"column":2},"end":{"line":41,"column":3}},"type":"if","locations":[{"start":{"line":38,"column":2},"end":{"line":41,"column":3}},{"start":{},"end":{}}],"line":38},"4":{"loc":{"start":{"line":44,"column":2},"end":{"line":47,"column":3}},"type":"if","locations":[{"start":{"line":44,"column":2},"end":{"line":47,"column":3}},{"start":{},"end":{}}],"line":44}},"s":{"0":0,"1":0,"2":0,"3":0,"4":0,"5":0,"6":0,"7":0,"8":0,"9":0,"10":0,"11":0,"12":0,"13":0,"14":0,"15":0,"16":0,"17":0,"18":0,"19":0,"20":0,"21":0,"22":0,"23":0},"f":{"0":0,"1":0,"2":0,"3":0},"b":{"0":[0,0],"1":[0,0],"2":[0,0],"3":[0,0],"4":[0,0]}}
,"/Users/jackdoyle/Desktop/timecapsule-diary/src/lib/storage.ts": {"path":"/Users/jackdoyle/Desktop/timecapsule-diary/src/lib/storage.ts","statementMap":{"0":{"start":{"line":5,"column":15},"end":{"line":5,"column":28}},"1":{"start":{"line":6,"column":24},"end":{"line":6,"column":28}},"2":{"start":{"line":7,"column":21},"end":{"line":7,"column":24}},"3":{"start":{"line":10,"column":17},"end":{"line":14,"column":3}},"4":{"start":{"line":15,"column":2},"end":{"line":15,"column":20}},"5":{"start":{"line":25,"column":22},"end":{"line":25,"column":56}},"6":{"start":{"line":27,"column":15},"end":{"line":27,"column":33}},"7":{"start":{"line":28,"column":2},"end":{"line":28,"column":59}},"8":{"start":{"line":28,"column":20},"end":{"line":28,"column":59}},"9":{"start":{"line":30,"column":16},"end":{"line":30,"column":34}},"10":{"start":{"line":32,"column":20},"end":{"line":35,"column":4}},"11":{"start":{"line":37,"column":2},"end":{"line":37,"column":25}},"12":{"start":{"line":37,"column":13},"end":{"line":37,"column":25}},"13":{"start":{"line":39,"column":2},"end":{"line":39,"column":21}},"14":{"start":{"line":43,"column":19},"end":{"line":43,"column":74}},"15":{"start":{"line":44,"column":2},"end":{"line":44,"column":24}},"16":{"start":{"line":48,"column":26},"end":{"line":50,"column":44}},"17":{"start":{"line":52,"column":2},"end":{"line":52,"column":25}},"18":{"start":{"line":52,"column":13},"end":{"line":52,"column":25}},"19":{"start":{"line":53,"column":2},"end":{"line":53,"column":24}},"20":{"start":{"line":57,"column":20},"end":{"line":57,"column":77}},"21":{"start":{"line":58,"column":2},"end":{"line":58,"column":25}},"22":{"start":{"line":58,"column":13},"end":{"line":58,"column":25}}},"fnMap":{"0":{"name":"compressImage","decl":{"start":{"line":9,"column":22},"end":{"line":9,"column":35}},"loc":{"start":{"line":9,"column":66},"end":{"line":16,"column":1}},"line":9},"1":{"name":"uploadMedia","decl":{"start":{"line":18,"column":22},"end":{"line":18,"column":33}},"loc":{"start":{"line":24,"column":19},"end":{"line":40,"column":1}},"line":24},"2":{"name":"getMediaUrl","decl":{"start":{"line":42,"column":16},"end":{"line":42,"column":27}},"loc":{"start":{"line":42,"column":57},"end":{"line":45,"column":1}},"line":42},"3":{"name":"getSignedUrl","decl":{"start":{"line":47,"column":22},"end":{"line":47,"column":34}},"loc":{"start":{"line":47,"column":91},"end":{"line":54,"column":1}},"line":47},"4":{"name":"deleteMedia","decl":{"start":{"line":56,"column":22},"end":{"line":56,"column":33}},"loc":{"start":{"line":56,"column":70},"end":{"line":59,"column":1}},"line":56}},"branchMap":{"0":{"loc":{"start":{"line":28,"column":2},"end":{"line":28,"column":59}},"type":"if","locations":[{"start":{"line":28,"column":2},"end":{"line":28,"column":59}},{"start":{},"end":{}}],"line":28},"1":{"loc":{"start":{"line":37,"column":2},"end":{"line":37,"column":25}},"type":"if","locations":[{"start":{"line":37,"column":2},"end":{"line":37,"column":25}},{"start":{},"end":{}}],"line":37},"2":{"loc":{"start":{"line":47,"column":56},"end":{"line":47,"column":72}},"type":"default-arg","locations":[{"start":{"line":47,"column":68},"end":{"line":47,"column":72}}],"line":47},"3":{"loc":{"start":{"line":52,"column":2},"end":{"line":52,"column":25}},"type":"if","locations":[{"start":{"line":52,"column":2},"end":{"line":52,"column":25}},{"start":{},"end":{}}],"line":52},"4":{"loc":{"start":{"line":58,"column":2},"end":{"line":58,"column":25}},"type":"if","locations":[{"start":{"line":58,"column":2},"end":{"line":58,"column":25}},{"start":{},"end":{}}],"line":58}},"s":{"0":0,"1":0,"2":0,"3":0,"4":0,"5":0,"6":0,"7":0,"8":0,"9":0,"10":0,"11":0,"12":0,"13":0,"14":0,"15":0,"16":0,"17":0,"18":0,"19":0,"20":0,"21":0,"22":0},"f":{"0":0,"1":0,"2":0,"3":0,"4":0},"b":{"0":[0,0],"1":[0,0],"2":[0],"3":[0,0],"4":[0,0]}}
,"/Users/jackdoyle/Desktop/timecapsule-diary/src/lib/supabase.ts": {"path":"/Users/jackdoyle/Desktop/timecapsule-diary/src/lib/supabase.ts","statementMap":{"0":{"start":{"line":10,"column":27},"end":{"line":10,"column":31}},"1":{"start":{"line":12,"column":32},"end":{"line":39,"column":1}},"2":{"start":{"line":14,"column":18},"end":{"line":14,"column":53}},"3":{"start":{"line":15,"column":4},"end":{"line":15,"column":28}},"4":{"start":{"line":15,"column":15},"end":{"line":15,"column":28}},"5":{"start":{"line":17,"column":4},"end":{"line":17,"column":37}},"6":{"start":{"line":20,"column":4},"end":{"line":31,"column":5}},"7":{"start":{"line":21,"column":6},"end":{"line":21,"column":49}},"8":{"start":{"line":23,"column":6},"end":{"line":23,"column":41}},"9":{"start":{"line":26,"column":6},"end":{"line":26,"column":45}},"10":{"start":{"line":28,"column":6},"end":{"line":30,"column":16}},"11":{"start":{"line":29,"column":8},"end":{"line":29,"column":47}},"12":{"start":{"line":34,"column":4},"end":{"line":36,"column":14}},"13":{"start":{"line":35,"column":6},"end":{"line":35,"column":45}},"14":{"start":{"line":37,"column":4},"end":{"line":37,"column":39}},"15":{"start":{"line":41,"column":20},"end":{"line":41,"column":62}},"16":{"start":{"line":42,"column":24},"end":{"line":42,"column":71}},"17":{"start":{"line":44,"column":0},"end":{"line":48,"column":1}},"18":{"start":{"line":45,"column":2},"end":{"line":47,"column":4}},"19":{"start":{"line":50,"column":24},"end":{"line":57,"column":2}}},"fnMap":{"0":{"name":"(anonymous_0)","decl":{"start":{"line":13,"column":11},"end":{"line":13,"column":12}},"loc":{"start":{"line":13,"column":58},"end":{"line":18,"column":3}},"line":13},"1":{"name":"(anonymous_1)","decl":{"start":{"line":19,"column":11},"end":{"line":19,"column":12}},"loc":{"start":{"line":19,"column":64},"end":{"line":32,"column":3}},"line":19},"2":{"name":"(anonymous_2)","decl":{"start":{"line":33,"column":14},"end":{"line":33,"column":15}},"loc":{"start":{"line":33,"column":52},"end":{"line":38,"column":3}},"line":33}},"branchMap":{"0":{"loc":{"start":{"line":15,"column":4},"end":{"line":15,"column":28}},"type":"if","locations":[{"start":{"line":15,"column":4},"end":{"line":15,"column":28}},{"start":{},"end":{}}],"line":15},"1":{"loc":{"start":{"line":20,"column":4},"end":{"line":31,"column":5}},"type":"if","locations":[{"start":{"line":20,"column":4},"end":{"line":31,"column":5}},{"start":{"line":24,"column":11},"end":{"line":31,"column":5}}],"line":20},"2":{"loc":{"start":{"line":41,"column":20},"end":{"line":41,"column":62}},"type":"binary-expr","locations":[{"start":{"line":41,"column":20},"end":{"line":41,"column":56}},{"start":{"line":41,"column":60},"end":{"line":41,"column":62}}],"line":41},"3":{"loc":{"start":{"line":42,"column":24},"end":{"line":42,"column":71}},"type":"binary-expr","locations":[{"start":{"line":42,"column":24},"end":{"line":42,"column":65}},{"start":{"line":42,"column":69},"end":{"line":42,"column":71}}],"line":42},"4":{"loc":{"start":{"line":44,"column":0},"end":{"line":48,"column":1}},"type":"if","locations":[{"start":{"line":44,"column":0},"end":{"line":48,"column":1}},{"start":{},"end":{}}],"line":44},"5":{"loc":{"start":{"line":44,"column":4},"end":{"line":44,"column":36}},"type":"binary-expr","locations":[{"start":{"line":44,"column":4},"end":{"line":44,"column":16}},{"start":{"line":44,"column":20},"end":{"line":44,"column":36}}],"line":44}},"s":{"0":0,"1":0,"2":0,"3":0,"4":0,"5":0,"6":0,"7":0,"8":0,"9":0,"10":0,"11":0,"12":0,"13":0,"14":0,"15":0,"16":0,"17":0,"18":0,"19":0},"f":{"0":0,"1":0,"2":0},"b":{"0":[0,0],"1":[0,0],"2":[0,0],"3":[0,0],"4":[0,0],"5":[0,0]}}
,"/Users/jackdoyle/Desktop/timecapsule-diary/src/providers/AuthProvider.tsx": {"path":"/Users/jackdoyle/Desktop/timecapsule-diary/src/providers/AuthProvider.tsx","statementMap":{"0":{"start":{"line":14,"column":20},"end":{"line":20,"column":2}},"1":{"start":{"line":23,"column":32},"end":{"line":23,"column":62}},"2":{"start":{"line":24,"column":32},"end":{"line":24,"column":62}},"3":{"start":{"line":25,"column":32},"end":{"line":25,"column":46}},"4":{"start":{"line":27,"column":23},"end":{"line":43,"column":3}},"5":{"start":{"line":28,"column":21},"end":{"line":28,"column":90}},"6":{"start":{"line":30,"column":4},"end":{"line":42,"column":5}},"7":{"start":{"line":31,"column":6},"end":{"line":31,"column":23}},"8":{"start":{"line":35,"column":26},"end":{"line":35,"column":81}},"9":{"start":{"line":36,"column":35},"end":{"line":40,"column":17}},"10":{"start":{"line":41,"column":6},"end":{"line":41,"column":29}},"11":{"start":{"line":45,"column":25},"end":{"line":49,"column":3}},"12":{"start":{"line":46,"column":4},"end":{"line":48,"column":5}},"13":{"start":{"line":47,"column":6},"end":{"line":47,"column":42}},"14":{"start":{"line":51,"column":2},"end":{"line":72,"column":9}},"15":{"start":{"line":52,"column":4},"end":{"line":58,"column":7}},"16":{"start":{"line":53,"column":6},"end":{"line":53,"column":20}},"17":{"start":{"line":54,"column":6},"end":{"line":56,"column":7}},"18":{"start":{"line":55,"column":8},"end":{"line":55,"column":54}},"19":{"start":{"line":57,"column":6},"end":{"line":57,"column":24}},"20":{"start":{"line":62,"column":8},"end":{"line":69,"column":6}},"21":{"start":{"line":63,"column":6},"end":{"line":63,"column":20}},"22":{"start":{"line":64,"column":6},"end":{"line":68,"column":7}},"23":{"start":{"line":65,"column":8},"end":{"line":65,"column":54}},"24":{"start":{"line":67,"column":8},"end":{"line":67,"column":25}},"25":{"start":{"line":71,"column":4},"end":{"line":71,"column":44}},"26":{"start":{"line":71,"column":17},"end":{"line":71,"column":43}},"27":{"start":{"line":74,"column":2},"end":{"line":86,"column":4}},"28":{"start":{"line":90,"column":18},"end":{"line":90,"column":41}},"29":{"start":{"line":91,"column":2},"end":{"line":93,"column":3}},"30":{"start":{"line":92,"column":4},"end":{"line":92,"column":67}},"31":{"start":{"line":94,"column":2},"end":{"line":94,"column":17}}},"fnMap":{"0":{"name":"(anonymous_0)","decl":{"start":{"line":19,"column":18},"end":{"line":19,"column":19}},"loc":{"start":{"line":19,"column":30},"end":{"line":19,"column":32}},"line":19},"1":{"name":"AuthProvider","decl":{"start":{"line":22,"column":16},"end":{"line":22,"column":28}},"loc":{"start":{"line":22,"column":74},"end":{"line":87,"column":1}},"line":22},"2":{"name":"(anonymous_2)","decl":{"start":{"line":27,"column":23},"end":{"line":27,"column":24}},"loc":{"start":{"line":27,"column":81},"end":{"line":43,"column":3}},"line":27},"3":{"name":"(anonymous_3)","decl":{"start":{"line":45,"column":25},"end":{"line":45,"column":26}},"loc":{"start":{"line":45,"column":37},"end":{"line":49,"column":3}},"line":45},"4":{"name":"(anonymous_4)","decl":{"start":{"line":51,"column":12},"end":{"line":51,"column":13}},"loc":{"start":{"line":51,"column":18},"end":{"line":72,"column":3}},"line":51},"5":{"name":"(anonymous_5)","decl":{"start":{"line":52,"column":36},"end":{"line":52,"column":37}},"loc":{"start":{"line":52,"column":66},"end":{"line":58,"column":5}},"line":52},"6":{"name":"(anonymous_6)","decl":{"start":{"line":62,"column":40},"end":{"line":62,"column":41}},"loc":{"start":{"line":62,"column":55},"end":{"line":69,"column":5}},"line":62},"7":{"name":"(anonymous_7)","decl":{"start":{"line":71,"column":11},"end":{"line":71,"column":12}},"loc":{"start":{"line":71,"column":17},"end":{"line":71,"column":43}},"line":71},"8":{"name":"useAuth","decl":{"start":{"line":89,"column":16},"end":{"line":89,"column":23}},"loc":{"start":{"line":89,"column":26},"end":{"line":95,"column":1}},"line":89}},"branchMap":{"0":{"loc":{"start":{"line":30,"column":4},"end":{"line":42,"column":5}},"type":"if","locations":[{"start":{"line":30,"column":4},"end":{"line":42,"column":5}},{"start":{"line":32,"column":11},"end":{"line":42,"column":5}}],"line":30},"1":{"loc":{"start":{"line":35,"column":26},"end":{"line":35,"column":81}},"type":"binary-expr","locations":[{"start":{"line":35,"column":26},"end":{"line":35,"column":48}},{"start":{"line":35,"column":52},"end":{"line":35,"column":71}},{"start":{"line":35,"column":75},"end":{"line":35,"column":81}}],"line":35},"2":{"loc":{"start":{"line":46,"column":4},"end":{"line":48,"column":5}},"type":"if","locations":[{"start":{"line":46,"column":4},"end":{"line":48,"column":5}},{"start":{},"end":{}}],"line":46},"3":{"loc":{"start":{"line":54,"column":6},"end":{"line":56,"column":7}},"type":"if","locations":[{"start":{"line":54,"column":6},"end":{"line":56,"column":7}},{"start":{},"end":{}}],"line":54},"4":{"loc":{"start":{"line":64,"column":6},"end":{"line":68,"column":7}},"type":"if","locations":[{"start":{"line":64,"column":6},"end":{"line":68,"column":7}},{"start":{"line":66,"column":13},"end":{"line":68,"column":7}}],"line":64},"5":{"loc":{"start":{"line":78,"column":14},"end":{"line":78,"column":35}},"type":"binary-expr","locations":[{"start":{"line":78,"column":14},"end":{"line":78,"column":27}},{"start":{"line":78,"column":31},"end":{"line":78,"column":35}}],"line":78},"6":{"loc":{"start":{"line":91,"column":2},"end":{"line":93,"column":3}},"type":"if","locations":[{"start":{"line":91,"column":2},"end":{"line":93,"column":3}},{"start":{},"end":{}}],"line":91}},"s":{"0":0,"1":0,"2":0,"3":0,"4":0,"5":0,"6":0,"7":0,"8":0,"9":0,"10":0,"11":0,"12":0,"13":0,"14":0,"15":0,"16":0,"17":0,"18":0,"19":0,"20":0,"21":0,"22":0,"23":0,"24":0,"25":0,"26":0,"27":0,"28":0,"29":0,"30":0,"31":0},"f":{"0":0,"1":0,"2":0,"3":0,"4":0,"5":0,"6":0,"7":0,"8":0},"b":{"0":[0,0],"1":[0,0,0],"2":[0,0],"3":[0,0],"4":[0,0],"5":[0,0],"6":[0,0]}}
,"/Users/jackdoyle/Desktop/timecapsule-diary/src/types/database.ts": {"path":"/Users/jackdoyle/Desktop/timecapsule-diary/src/types/database.ts","statementMap":{},"fnMap":{},"branchMap":{},"s":{},"f":{},"b":{}}
}
