{"/Users/jackdoyle/Desktop/timecapsule-diary/app/+not-found.tsx": {"path":"/Users/jackdoyle/Desktop/timecapsule-diary/app/+not-found.tsx","statementMap":{"0":{"start":{"line":5,"column":2},"end":{"line":15,"column":4}},"1":{"start":{"line":18,"column":15},"end":{"line":37,"column":2}}},"fnMap":{"0":{"name":"NotFoundScreen","decl":{"start":{"line":4,"column":24},"end":{"line":4,"column":38}},"loc":{"start":{"line":4,"column":41},"end":{"line":16,"column":1}},"line":4}},"branchMap":{},"s":{"0":0,"1":0},"f":{"0":0},"b":{}}
,"/Users/jackdoyle/Desktop/timecapsule-diary/app/_layout.tsx": {"path":"/Users/jackdoyle/Desktop/timecapsule-diary/app/_layout.tsx","statementMap":{"0":{"start":{"line":12,"column":0},"end":{"line":12,"column":36}},"1":{"start":{"line":15,"column":31},"end":{"line":15,"column":40}},"2":{"start":{"line":16,"column":19},"end":{"line":16,"column":32}},"3":{"start":{"line":17,"column":17},"end":{"line":17,"column":28}},"4":{"start":{"line":19,"column":2},"end":{"line":29,"column":35}},"5":{"start":{"line":20,"column":4},"end":{"line":20,"column":24}},"6":{"start":{"line":20,"column":17},"end":{"line":20,"column":24}},"7":{"start":{"line":22,"column":24},"end":{"line":22,"column":48}},"8":{"start":{"line":24,"column":4},"end":{"line":28,"column":5}},"9":{"start":{"line":25,"column":6},"end":{"line":25,"column":40}},"10":{"start":{"line":26,"column":11},"end":{"line":28,"column":5}},"11":{"start":{"line":27,"column":6},"end":{"line":27,"column":32}},"12":{"start":{"line":33,"column":22},"end":{"line":33,"column":31}},"13":{"start":{"line":34,"column":22},"end":{"line":34,"column":38}},"14":{"start":{"line":35,"column":17},"end":{"line":35,"column":47}},"15":{"start":{"line":37,"column":2},"end":{"line":37,"column":22}},"16":{"start":{"line":39,"column":2},"end":{"line":43,"column":16}},"17":{"start":{"line":40,"column":4},"end":{"line":42,"column":5}},"18":{"start":{"line":41,"column":6},"end":{"line":41,"column":31}},"19":{"start":{"line":45,"column":2},"end":{"line":45,"column":27}},"20":{"start":{"line":45,"column":15},"end":{"line":45,"column":27}},"21":{"start":{"line":47,"column":2},"end":{"line":62,"column":4}},"22":{"start":{"line":66,"column":2},"end":{"line":70,"column":4}}},"fnMap":{"0":{"name":"useProtectedRoute","decl":{"start":{"line":14,"column":9},"end":{"line":14,"column":26}},"loc":{"start":{"line":14,"column":29},"end":{"line":30,"column":1}},"line":14},"1":{"name":"(anonymous_1)","decl":{"start":{"line":19,"column":12},"end":{"line":19,"column":13}},"loc":{"start":{"line":19,"column":18},"end":{"line":29,"column":3}},"line":19},"2":{"name":"RootLayoutNav","decl":{"start":{"line":32,"column":9},"end":{"line":32,"column":22}},"loc":{"start":{"line":32,"column":25},"end":{"line":63,"column":1}},"line":32},"3":{"name":"(anonymous_3)","decl":{"start":{"line":39,"column":12},"end":{"line":39,"column":13}},"loc":{"start":{"line":39,"column":18},"end":{"line":43,"column":3}},"line":39},"4":{"name":"RootLayout","decl":{"start":{"line":65,"column":24},"end":{"line":65,"column":34}},"loc":{"start":{"line":65,"column":37},"end":{"line":71,"column":1}},"line":65}},"branchMap":{"0":{"loc":{"start":{"line":20,"column":4},"end":{"line":20,"column":24}},"type":"if","locations":[{"start":{"line":20,"column":4},"end":{"line":20,"column":24}},{"start":{},"end":{}}],"line":20},"1":{"loc":{"start":{"line":24,"column":4},"end":{"line":28,"column":5}},"type":"if","locations":[{"start":{"line":24,"column":4},"end":{"line":28,"column":5}},{"start":{"line":26,"column":11},"end":{"line":28,"column":5}}],"line":24},"2":{"loc":{"start":{"line":24,"column":8},"end":{"line":24,"column":32}},"type":"binary-expr","locations":[{"start":{"line":24,"column":8},"end":{"line":24,"column":16}},{"start":{"line":24,"column":20},"end":{"line":24,"column":32}}],"line":24},"3":{"loc":{"start":{"line":26,"column":11},"end":{"line":28,"column":5}},"type":"if","locations":[{"start":{"line":26,"column":11},"end":{"line":28,"column":5}},{"start":{},"end":{}}],"line":26},"4":{"loc":{"start":{"line":26,"column":15},"end":{"line":26,"column":37}},"type":"binary-expr","locations":[{"start":{"line":26,"column":15},"end":{"line":26,"column":22}},{"start":{"line":26,"column":26},"end":{"line":26,"column":37}}],"line":26},"5":{"loc":{"start":{"line":35,"column":24},"end":{"line":35,"column":46}},"type":"binary-expr","locations":[{"start":{"line":35,"column":24},"end":{"line":35,"column":35}},{"start":{"line":35,"column":39},"end":{"line":35,"column":46}}],"line":35},"6":{"loc":{"start":{"line":40,"column":4},"end":{"line":42,"column":5}},"type":"if","locations":[{"start":{"line":40,"column":4},"end":{"line":42,"column":5}},{"start":{},"end":{}}],"line":40},"7":{"loc":{"start":{"line":45,"column":2},"end":{"line":45,"column":27}},"type":"if","locations":[{"start":{"line":45,"column":2},"end":{"line":45,"column":27}},{"start":{},"end":{}}],"line":45},"8":{"loc":{"start":{"line":49,"column":24},"end":{"line":49,"column":65}},"type":"cond-expr","locations":[{"start":{"line":49,"column":49},"end":{"line":49,"column":56}},{"start":{"line":49,"column":59},"end":{"line":49,"column":65}}],"line":49}},"s":{"0":0,"1":0,"2":0,"3":0,"4":0,"5":0,"6":0,"7":0,"8":0,"9":0,"10":0,"11":0,"12":0,"13":0,"14":0,"15":0,"16":0,"17":0,"18":0,"19":0,"20":0,"21":0,"22":0},"f":{"0":0,"1":0,"2":0,"3":0,"4":0},"b":{"0":[0,0],"1":[0,0],"2":[0,0],"3":[0,0],"4":[0,0],"5":[0,0],"6":[0,0],"7":[0,0],"8":[0,0]}}
,"/Users/jackdoyle/Desktop/timecapsule-diary/app/(auth)/_layout.tsx": {"path":"/Users/jackdoyle/Desktop/timecapsule-diary/app/(auth)/_layout.tsx","statementMap":{"0":{"start":{"line":4,"column":2},"end":{"line":9,"column":4}}},"fnMap":{"0":{"name":"AuthLayout","decl":{"start":{"line":3,"column":24},"end":{"line":3,"column":34}},"loc":{"start":{"line":3,"column":37},"end":{"line":10,"column":1}},"line":3}},"branchMap":{},"s":{"0":0},"f":{"0":0},"b":{}}
,"/Users/jackdoyle/Desktop/timecapsule-diary/app/(auth)/sign-in.tsx": {"path":"/Users/jackdoyle/Desktop/timecapsule-diary/app/(auth)/sign-in.tsx","statementMap":{"0":{"start":{"line":18,"column":28},"end":{"line":18,"column":40}},"1":{"start":{"line":19,"column":34},"end":{"line":19,"column":46}},"2":{"start":{"line":20,"column":32},"end":{"line":20,"column":47}},"3":{"start":{"line":21,"column":22},"end":{"line":21,"column":38}},"4":{"start":{"line":22,"column":17},"end":{"line":22,"column":47}},"5":{"start":{"line":24,"column":23},"end":{"line":38,"column":3}},"6":{"start":{"line":25,"column":4},"end":{"line":28,"column":5}},"7":{"start":{"line":26,"column":6},"end":{"line":26,"column":56}},"8":{"start":{"line":27,"column":6},"end":{"line":27,"column":13}},"9":{"start":{"line":30,"column":4},"end":{"line":30,"column":21}},"10":{"start":{"line":31,"column":4},"end":{"line":37,"column":5}},"11":{"start":{"line":32,"column":6},"end":{"line":32,"column":43}},"12":{"start":{"line":34,"column":6},"end":{"line":34,"column":47}},"13":{"start":{"line":36,"column":6},"end":{"line":36,"column":24}},"14":{"start":{"line":40,"column":2},"end":{"line":106,"column":4}},"15":{"start":{"line":109,"column":15},"end":{"line":159,"column":2}}},"fnMap":{"0":{"name":"SignInScreen","decl":{"start":{"line":17,"column":24},"end":{"line":17,"column":36}},"loc":{"start":{"line":17,"column":39},"end":{"line":107,"column":1}},"line":17},"1":{"name":"(anonymous_1)","decl":{"start":{"line":24,"column":23},"end":{"line":24,"column":24}},"loc":{"start":{"line":24,"column":35},"end":{"line":38,"column":3}},"line":24}},"branchMap":{"0":{"loc":{"start":{"line":22,"column":24},"end":{"line":22,"column":46}},"type":"binary-expr","locations":[{"start":{"line":22,"column":24},"end":{"line":22,"column":35}},{"start":{"line":22,"column":39},"end":{"line":22,"column":46}}],"line":22},"1":{"loc":{"start":{"line":25,"column":4},"end":{"line":28,"column":5}},"type":"if","locations":[{"start":{"line":25,"column":4},"end":{"line":28,"column":5}},{"start":{},"end":{}}],"line":25},"2":{"loc":{"start":{"line":25,"column":8},"end":{"line":25,"column":41}},"type":"binary-expr","locations":[{"start":{"line":25,"column":8},"end":{"line":25,"column":21}},{"start":{"line":25,"column":25},"end":{"line":25,"column":41}}],"line":25},"3":{"loc":{"start":{"line":43,"column":16},"end":{"line":43,"column":60}},"type":"cond-expr","locations":[{"start":{"line":43,"column":40},"end":{"line":43,"column":49}},{"start":{"line":43,"column":52},"end":{"line":43,"column":60}}],"line":43},"4":{"loc":{"start":{"line":92,"column":15},"end":{"line":92,"column":52}},"type":"cond-expr","locations":[{"start":{"line":92,"column":25},"end":{"line":92,"column":40}},{"start":{"line":92,"column":43},"end":{"line":92,"column":52}}],"line":92}},"s":{"0":0,"1":0,"2":0,"3":0,"4":0,"5":0,"6":0,"7":0,"8":0,"9":0,"10":0,"11":0,"12":0,"13":0,"14":0,"15":0},"f":{"0":0,"1":0},"b":{"0":[0,0],"1":[0,0],"2":[0,0],"3":[0,0],"4":[0,0]}}
,"/Users/jackdoyle/Desktop/timecapsule-diary/app/(auth)/sign-up.tsx": {"path":"/Users/jackdoyle/Desktop/timecapsule-diary/app/(auth)/sign-up.tsx","statementMap":{"0":{"start":{"line":18,"column":40},"end":{"line":18,"column":52}},"1":{"start":{"line":19,"column":28},"end":{"line":19,"column":40}},"2":{"start":{"line":20,"column":34},"end":{"line":20,"column":46}},"3":{"start":{"line":21,"column":32},"end":{"line":21,"column":47}},"4":{"start":{"line":22,"column":22},"end":{"line":22,"column":38}},"5":{"start":{"line":23,"column":17},"end":{"line":23,"column":47}},"6":{"start":{"line":25,"column":23},"end":{"line":49,"column":3}},"7":{"start":{"line":26,"column":4},"end":{"line":29,"column":5}},"8":{"start":{"line":27,"column":6},"end":{"line":27,"column":56}},"9":{"start":{"line":28,"column":6},"end":{"line":28,"column":13}},"10":{"start":{"line":31,"column":4},"end":{"line":34,"column":5}},"11":{"start":{"line":32,"column":6},"end":{"line":32,"column":69}},"12":{"start":{"line":33,"column":6},"end":{"line":33,"column":13}},"13":{"start":{"line":36,"column":4},"end":{"line":36,"column":21}},"14":{"start":{"line":37,"column":4},"end":{"line":48,"column":5}},"15":{"start":{"line":38,"column":21},"end":{"line":38,"column":77}},"16":{"start":{"line":39,"column":6},"end":{"line":43,"column":7}},"17":{"start":{"line":42,"column":8},"end":{"line":42,"column":86}},"18":{"start":{"line":45,"column":6},"end":{"line":45,"column":47}},"19":{"start":{"line":47,"column":6},"end":{"line":47,"column":24}},"20":{"start":{"line":51,"column":2},"end":{"line":131,"column":4}},"21":{"start":{"line":134,"column":15},"end":{"line":184,"column":2}}},"fnMap":{"0":{"name":"SignUpScreen","decl":{"start":{"line":17,"column":24},"end":{"line":17,"column":36}},"loc":{"start":{"line":17,"column":39},"end":{"line":132,"column":1}},"line":17},"1":{"name":"(anonymous_1)","decl":{"start":{"line":25,"column":23},"end":{"line":25,"column":24}},"loc":{"start":{"line":25,"column":35},"end":{"line":49,"column":3}},"line":25}},"branchMap":{"0":{"loc":{"start":{"line":23,"column":24},"end":{"line":23,"column":46}},"type":"binary-expr","locations":[{"start":{"line":23,"column":24},"end":{"line":23,"column":35}},{"start":{"line":23,"column":39},"end":{"line":23,"column":46}}],"line":23},"1":{"loc":{"start":{"line":26,"column":4},"end":{"line":29,"column":5}},"type":"if","locations":[{"start":{"line":26,"column":4},"end":{"line":29,"column":5}},{"start":{},"end":{}}],"line":26},"2":{"loc":{"start":{"line":26,"column":8},"end":{"line":26,"column":64}},"type":"binary-expr","locations":[{"start":{"line":26,"column":8},"end":{"line":26,"column":27}},{"start":{"line":26,"column":31},"end":{"line":26,"column":44}},{"start":{"line":26,"column":48},"end":{"line":26,"column":64}}],"line":26},"3":{"loc":{"start":{"line":31,"column":4},"end":{"line":34,"column":5}},"type":"if","locations":[{"start":{"line":31,"column":4},"end":{"line":34,"column":5}},{"start":{},"end":{}}],"line":31},"4":{"loc":{"start":{"line":39,"column":6},"end":{"line":43,"column":7}},"type":"if","locations":[{"start":{"line":39,"column":6},"end":{"line":43,"column":7}},{"start":{"line":41,"column":13},"end":{"line":43,"column":7}}],"line":39},"5":{"loc":{"start":{"line":54,"column":16},"end":{"line":54,"column":60}},"type":"cond-expr","locations":[{"start":{"line":54,"column":40},"end":{"line":54,"column":49}},{"start":{"line":54,"column":52},"end":{"line":54,"column":60}}],"line":54},"6":{"loc":{"start":{"line":118,"column":45},"end":{"line":118,"column":88}},"type":"cond-expr","locations":[{"start":{"line":118,"column":55},"end":{"line":118,"column":76}},{"start":{"line":118,"column":79},"end":{"line":118,"column":88}}],"line":118}},"s":{"0":0,"1":0,"2":0,"3":0,"4":0,"5":0,"6":0,"7":0,"8":0,"9":0,"10":0,"11":0,"12":0,"13":0,"14":0,"15":0,"16":0,"17":0,"18":0,"19":0,"20":0,"21":0},"f":{"0":0,"1":0},"b":{"0":[0,0],"1":[0,0],"2":[0,0,0],"3":[0,0],"4":[0,0],"5":[0,0],"6":[0,0]}}
,"/Users/jackdoyle/Desktop/timecapsule-diary/app/(tabs)/_layout.tsx": {"path":"/Users/jackdoyle/Desktop/timecapsule-diary/app/(tabs)/_layout.tsx","statementMap":{"0":{"start":{"line":11,"column":2},"end":{"line":11,"column":75}},"1":{"start":{"line":15,"column":22},"end":{"line":15,"column":38}},"2":{"start":{"line":16,"column":17},"end":{"line":16,"column":47}},"3":{"start":{"line":18,"column":2},"end":{"line":65,"column":4}},"4":{"start":{"line":37,"column":37},"end":{"line":37,"column":77}},"5":{"start":{"line":45,"column":37},"end":{"line":45,"column":77}},"6":{"start":{"line":53,"column":37},"end":{"line":53,"column":77}},"7":{"start":{"line":61,"column":37},"end":{"line":61,"column":76}}},"fnMap":{"0":{"name":"TabBarIcon","decl":{"start":{"line":7,"column":9},"end":{"line":7,"column":19}},"loc":{"start":{"line":10,"column":3},"end":{"line":12,"column":1}},"line":10},"1":{"name":"TabLayout","decl":{"start":{"line":14,"column":24},"end":{"line":14,"column":33}},"loc":{"start":{"line":14,"column":36},"end":{"line":66,"column":1}},"line":14},"2":{"name":"(anonymous_2)","decl":{"start":{"line":37,"column":22},"end":{"line":37,"column":23}},"loc":{"start":{"line":37,"column":37},"end":{"line":37,"column":77}},"line":37},"3":{"name":"(anonymous_3)","decl":{"start":{"line":45,"column":22},"end":{"line":45,"column":23}},"loc":{"start":{"line":45,"column":37},"end":{"line":45,"column":77}},"line":45},"4":{"name":"(anonymous_4)","decl":{"start":{"line":53,"column":22},"end":{"line":53,"column":23}},"loc":{"start":{"line":53,"column":37},"end":{"line":53,"column":77}},"line":53},"5":{"name":"(anonymous_5)","decl":{"start":{"line":61,"column":22},"end":{"line":61,"column":23}},"loc":{"start":{"line":61,"column":37},"end":{"line":61,"column":76}},"line":61}},"branchMap":{"0":{"loc":{"start":{"line":16,"column":24},"end":{"line":16,"column":46}},"type":"binary-expr","locations":[{"start":{"line":16,"column":24},"end":{"line":16,"column":35}},{"start":{"line":16,"column":39},"end":{"line":16,"column":46}}],"line":16}},"s":{"0":0,"1":0,"2":0,"3":0,"4":0,"5":0,"6":0,"7":0},"f":{"0":0,"1":0,"2":0,"3":0,"4":0,"5":0},"b":{"0":[0,0]}}
,"/Users/jackdoyle/Desktop/timecapsule-diary/app/(tabs)/index.tsx": {"path":"/Users/jackdoyle/Desktop/timecapsule-diary/app/(tabs)/index.tsx","statementMap":{"0":{"start":{"line":19,"column":22},"end":{"line":19,"column":31}},"1":{"start":{"line":20,"column":91},"end":{"line":20,"column":102}},"2":{"start":{"line":21,"column":47},"end":{"line":21,"column":69}},"3":{"start":{"line":22,"column":52},"end":{"line":22,"column":71}},"4":{"start":{"line":23,"column":17},"end":{"line":23,"column":28}},"5":{"start":{"line":24,"column":22},"end":{"line":24,"column":38}},"6":{"start":{"line":25,"column":17},"end":{"line":25,"column":47}},"7":{"start":{"line":27,"column":2},"end":{"line":35,"column":19}},"8":{"start":{"line":28,"column":4},"end":{"line":34,"column":5}},"9":{"start":{"line":29,"column":6},"end":{"line":33,"column":11}},"10":{"start":{"line":32,"column":10},"end":{"line":32,"column":56}},"11":{"start":{"line":32,"column":29},"end":{"line":32,"column":56}},"12":{"start":{"line":37,"column":27},"end":{"line":37,"column":61}},"13":{"start":{"line":37,"column":49},"end":{"line":37,"column":60}},"14":{"start":{"line":38,"column":21},"end":{"line":38,"column":79}},"15":{"start":{"line":38,"column":57},"end":{"line":38,"column":75}},"16":{"start":{"line":40,"column":2},"end":{"line":46,"column":3}},"17":{"start":{"line":41,"column":4},"end":{"line":45,"column":6}},"18":{"start":{"line":48,"column":2},"end":{"line":68,"column":3}},"19":{"start":{"line":49,"column":4},"end":{"line":67,"column":6}},"20":{"start":{"line":61,"column":27},"end":{"line":61,"column":58}},"21":{"start":{"line":70,"column":2},"end":{"line":157,"column":4}},"22":{"start":{"line":105,"column":25},"end":{"line":105,"column":54}},"23":{"start":{"line":151,"column":23},"end":{"line":151,"column":57}},"24":{"start":{"line":160,"column":15},"end":{"line":286,"column":2}}},"fnMap":{"0":{"name":"HomeScreen","decl":{"start":{"line":18,"column":24},"end":{"line":18,"column":34}},"loc":{"start":{"line":18,"column":37},"end":{"line":158,"column":1}},"line":18},"1":{"name":"(anonymous_1)","decl":{"start":{"line":27,"column":12},"end":{"line":27,"column":13}},"loc":{"start":{"line":27,"column":18},"end":{"line":35,"column":3}},"line":27},"2":{"name":"(anonymous_2)","decl":{"start":{"line":31,"column":14},"end":{"line":31,"column":15}},"loc":{"start":{"line":31,"column":28},"end":{"line":33,"column":9}},"line":31},"3":{"name":"(anonymous_3)","decl":{"start":{"line":37,"column":42},"end":{"line":37,"column":43}},"loc":{"start":{"line":37,"column":49},"end":{"line":37,"column":60}},"line":37},"4":{"name":"(anonymous_4)","decl":{"start":{"line":38,"column":45},"end":{"line":38,"column":46}},"loc":{"start":{"line":38,"column":57},"end":{"line":38,"column":75}},"line":38},"5":{"name":"(anonymous_5)","decl":{"start":{"line":61,"column":21},"end":{"line":61,"column":22}},"loc":{"start":{"line":61,"column":27},"end":{"line":61,"column":58}},"line":61},"6":{"name":"(anonymous_6)","decl":{"start":{"line":105,"column":19},"end":{"line":105,"column":20}},"loc":{"start":{"line":105,"column":25},"end":{"line":105,"column":54}},"line":105},"7":{"name":"(anonymous_7)","decl":{"start":{"line":151,"column":17},"end":{"line":151,"column":18}},"loc":{"start":{"line":151,"column":23},"end":{"line":151,"column":57}},"line":151}},"branchMap":{"0":{"loc":{"start":{"line":25,"column":24},"end":{"line":25,"column":46}},"type":"binary-expr","locations":[{"start":{"line":25,"column":24},"end":{"line":25,"column":35}},{"start":{"line":25,"column":39},"end":{"line":25,"column":46}}],"line":25},"1":{"loc":{"start":{"line":28,"column":4},"end":{"line":34,"column":5}},"type":"if","locations":[{"start":{"line":28,"column":4},"end":{"line":34,"column":5}},{"start":{},"end":{}}],"line":28},"2":{"loc":{"start":{"line":32,"column":10},"end":{"line":32,"column":56}},"type":"if","locations":[{"start":{"line":32,"column":10},"end":{"line":32,"column":56}},{"start":{},"end":{}}],"line":32},"3":{"loc":{"start":{"line":40,"column":2},"end":{"line":46,"column":3}},"type":"if","locations":[{"start":{"line":40,"column":2},"end":{"line":46,"column":3}},{"start":{},"end":{}}],"line":40},"4":{"loc":{"start":{"line":48,"column":2},"end":{"line":68,"column":3}},"type":"if","locations":[{"start":{"line":48,"column":2},"end":{"line":68,"column":3}},{"start":{},"end":{}}],"line":48},"5":{"loc":{"start":{"line":80,"column":9},"end":{"line":84,"column":9}},"type":"binary-expr","locations":[{"start":{"line":80,"column":9},"end":{"line":80,"column":16}},{"start":{"line":81,"column":10},"end":{"line":83,"column":17}}],"line":80},"6":{"loc":{"start":{"line":88,"column":7},"end":{"line":99,"column":7}},"type":"binary-expr","locations":[{"start":{"line":88,"column":7},"end":{"line":88,"column":36}},{"start":{"line":89,"column":8},"end":{"line":98,"column":15}}],"line":88},"7":{"loc":{"start":{"line":95,"column":15},"end":{"line":95,"column":58}},"type":"cond-expr","locations":[{"start":{"line":95,"column":44},"end":{"line":95,"column":49}},{"start":{"line":95,"column":52},"end":{"line":95,"column":58}}],"line":95},"8":{"loc":{"start":{"line":102,"column":7},"end":{"line":110,"column":7}},"type":"binary-expr","locations":[{"start":{"line":102,"column":7},"end":{"line":102,"column":20}},{"start":{"line":103,"column":8},"end":{"line":109,"column":27}}],"line":102},"9":{"loc":{"start":{"line":132,"column":7},"end":{"line":146,"column":7}},"type":"binary-expr","locations":[{"start":{"line":132,"column":7},"end":{"line":132,"column":14}},{"start":{"line":133,"column":8},"end":{"line":145,"column":15}}],"line":132},"10":{"loc":{"start":{"line":138,"column":13},"end":{"line":140,"column":103}},"type":"cond-expr","locations":[{"start":{"line":139,"column":16},"end":{"line":139,"column":32}},{"start":{"line":140,"column":16},"end":{"line":140,"column":103}}],"line":138},"11":{"loc":{"start":{"line":140,"column":40},"end":{"line":140,"column":85}},"type":"cond-expr","locations":[{"start":{"line":140,"column":66},"end":{"line":140,"column":73}},{"start":{"line":140,"column":76},"end":{"line":140,"column":85}}],"line":140}},"s":{"0":0,"1":0,"2":0,"3":0,"4":0,"5":0,"6":0,"7":0,"8":0,"9":0,"10":0,"11":0,"12":0,"13":0,"14":0,"15":0,"16":0,"17":0,"18":0,"19":0,"20":0,"21":0,"22":0,"23":0,"24":0},"f":{"0":0,"1":0,"2":0,"3":0,"4":0,"5":0,"6":0,"7":0},"b":{"0":[0,0],"1":[0,0],"2":[0,0],"3":[0,0],"4":[0,0],"5":[0,0],"6":[0,0],"7":[0,0],"8":[0,0],"9":[0,0],"10":[0,0],"11":[0,0]}}
,"/Users/jackdoyle/Desktop/timecapsule-diary/app/(tabs)/entries/[id].tsx": {"path":"/Users/jackdoyle/Desktop/timecapsule-diary/app/(tabs)/entries/[id].tsx","statementMap":{"0":{"start":{"line":33,"column":17},"end":{"line":33,"column":55}},"1":{"start":{"line":34,"column":19},"end":{"line":34,"column":28}},"2":{"start":{"line":35,"column":21},"end":{"line":35,"column":32}},"3":{"start":{"line":36,"column":39},"end":{"line":36,"column":61}},"4":{"start":{"line":37,"column":17},"end":{"line":37,"column":28}},"5":{"start":{"line":38,"column":22},"end":{"line":38,"column":38}},"6":{"start":{"line":39,"column":17},"end":{"line":39,"column":47}},"7":{"start":{"line":41,"column":20},"end":{"line":41,"column":34}},"8":{"start":{"line":43,"column":28},"end":{"line":43,"column":56}},"9":{"start":{"line":44,"column":28},"end":{"line":44,"column":76}},"10":{"start":{"line":45,"column":32},"end":{"line":45,"column":46}},"11":{"start":{"line":46,"column":32},"end":{"line":46,"column":47}},"12":{"start":{"line":47,"column":36},"end":{"line":47,"column":48}},"13":{"start":{"line":48,"column":40},"end":{"line":48,"column":52}},"14":{"start":{"line":49,"column":44},"end":{"line":49,"column":56}},"15":{"start":{"line":50,"column":46},"end":{"line":50,"column":61}},"16":{"start":{"line":51,"column":24},"end":{"line":51,"column":48}},"17":{"start":{"line":53,"column":2},"end":{"line":55,"column":11}},"18":{"start":{"line":54,"column":4},"end":{"line":54,"column":17}},"19":{"start":{"line":57,"column":21},"end":{"line":72,"column":3}},"20":{"start":{"line":58,"column":28},"end":{"line":58,"column":92}},"21":{"start":{"line":60,"column":4},"end":{"line":64,"column":5}},"22":{"start":{"line":61,"column":6},"end":{"line":61,"column":46}},"23":{"start":{"line":62,"column":6},"end":{"line":62,"column":20}},"24":{"start":{"line":63,"column":6},"end":{"line":63,"column":13}},"25":{"start":{"line":66,"column":4},"end":{"line":66,"column":19}},"26":{"start":{"line":67,"column":4},"end":{"line":67,"column":29}},"27":{"start":{"line":68,"column":4},"end":{"line":68,"column":39}},"28":{"start":{"line":69,"column":4},"end":{"line":69,"column":38}},"29":{"start":{"line":70,"column":4},"end":{"line":70,"column":22}},"30":{"start":{"line":71,"column":4},"end":{"line":71,"column":24}},"31":{"start":{"line":74,"column":21},"end":{"line":96,"column":3}},"32":{"start":{"line":75,"column":32},"end":{"line":79,"column":47}},"33":{"start":{"line":81,"column":4},"end":{"line":95,"column":5}},"34":{"start":{"line":82,"column":23},"end":{"line":91,"column":7}},"35":{"start":{"line":84,"column":10},"end":{"line":89,"column":11}},"36":{"start":{"line":85,"column":30},"end":{"line":85,"column":64}},"37":{"start":{"line":86,"column":12},"end":{"line":86,"column":39}},"38":{"start":{"line":88,"column":12},"end":{"line":88,"column":50}},"39":{"start":{"line":92,"column":6},"end":{"line":92,"column":25}},"40":{"start":{"line":94,"column":6},"end":{"line":94,"column":19}},"41":{"start":{"line":98,"column":32},"end":{"line":113,"column":3}},"42":{"start":{"line":99,"column":4},"end":{"line":112,"column":5}},"43":{"start":{"line":100,"column":6},"end":{"line":109,"column":8}},"44":{"start":{"line":106,"column":10},"end":{"line":107,"column":74}},"45":{"start":{"line":106,"column":33},"end":{"line":106,"column":68}},"46":{"start":{"line":107,"column":15},"end":{"line":107,"column":74}},"47":{"start":{"line":107,"column":38},"end":{"line":107,"column":74}},"48":{"start":{"line":111,"column":6},"end":{"line":111,"column":42}},"49":{"start":{"line":115,"column":29},"end":{"line":152,"column":3}},"50":{"start":{"line":116,"column":4},"end":{"line":116,"column":32}},"51":{"start":{"line":116,"column":25},"end":{"line":116,"column":32}},"52":{"start":{"line":117,"column":52},"end":{"line":121,"column":5}},"53":{"start":{"line":123,"column":4},"end":{"line":132,"column":5}},"54":{"start":{"line":124,"column":25},"end":{"line":124,"column":74}},"55":{"start":{"line":125,"column":6},"end":{"line":128,"column":7}},"56":{"start":{"line":126,"column":8},"end":{"line":126,"column":74}},"57":{"start":{"line":127,"column":8},"end":{"line":127,"column":15}},"58":{"start":{"line":129,"column":6},"end":{"line":129,"column":60}},"59":{"start":{"line":131,"column":6},"end":{"line":131,"column":66}},"60":{"start":{"line":133,"column":4},"end":{"line":133,"column":53}},"61":{"start":{"line":133,"column":46},"end":{"line":133,"column":53}},"62":{"start":{"line":134,"column":18},"end":{"line":134,"column":34}},"63":{"start":{"line":135,"column":4},"end":{"line":151,"column":5}},"64":{"start":{"line":136,"column":25},"end":{"line":136,"column":55}},"65":{"start":{"line":137,"column":23},"end":{"line":137,"column":84}},"66":{"start":{"line":138,"column":26},"end":{"line":138,"column":98}},"67":{"start":{"line":139,"column":6},"end":{"line":147,"column":9}},"68":{"start":{"line":148,"column":6},"end":{"line":148,"column":33}},"69":{"start":{"line":150,"column":6},"end":{"line":150,"column":66}},"70":{"start":{"line":154,"column":28},"end":{"line":172,"column":3}},"71":{"start":{"line":155,"column":18},"end":{"line":155,"column":67}},"72":{"start":{"line":156,"column":4},"end":{"line":171,"column":7}},"73":{"start":{"line":162,"column":10},"end":{"line":168,"column":11}},"74":{"start":{"line":163,"column":12},"end":{"line":163,"column":46}},"75":{"start":{"line":164,"column":12},"end":{"line":164,"column":65}},"76":{"start":{"line":165,"column":12},"end":{"line":165,"column":40}},"77":{"start":{"line":167,"column":12},"end":{"line":167,"column":59}},"78":{"start":{"line":174,"column":18},"end":{"line":174,"column":47}},"79":{"start":{"line":175,"column":15},"end":{"line":175,"column":55}},"80":{"start":{"line":175,"column":33},"end":{"line":175,"column":54}},"81":{"start":{"line":176,"column":21},"end":{"line":176,"column":66}},"82":{"start":{"line":176,"column":41},"end":{"line":176,"column":65}},"83":{"start":{"line":177,"column":21},"end":{"line":177,"column":64}},"84":{"start":{"line":177,"column":39},"end":{"line":177,"column":63}},"85":{"start":{"line":179,"column":21},"end":{"line":196,"column":3}},"86":{"start":{"line":180,"column":4},"end":{"line":180,"column":23}},"87":{"start":{"line":181,"column":4},"end":{"line":181,"column":23}},"88":{"start":{"line":181,"column":16},"end":{"line":181,"column":23}},"89":{"start":{"line":183,"column":4},"end":{"line":195,"column":5}},"90":{"start":{"line":184,"column":6},"end":{"line":190,"column":9}},"91":{"start":{"line":191,"column":6},"end":{"line":191,"column":25}},"92":{"start":{"line":192,"column":6},"end":{"line":192,"column":24}},"93":{"start":{"line":194,"column":6},"end":{"line":194,"column":38}},"94":{"start":{"line":198,"column":23},"end":{"line":214,"column":3}},"95":{"start":{"line":199,"column":4},"end":{"line":213,"column":7}},"96":{"start":{"line":205,"column":10},"end":{"line":210,"column":11}},"97":{"start":{"line":206,"column":12},"end":{"line":206,"column":41}},"98":{"start":{"line":207,"column":12},"end":{"line":207,"column":26}},"99":{"start":{"line":209,"column":12},"end":{"line":209,"column":44}},"100":{"start":{"line":216,"column":24},"end":{"line":224,"column":3}},"101":{"start":{"line":217,"column":4},"end":{"line":217,"column":23}},"102":{"start":{"line":217,"column":16},"end":{"line":217,"column":23}},"103":{"start":{"line":218,"column":4},"end":{"line":223,"column":5}},"104":{"start":{"line":219,"column":6},"end":{"line":219,"column":55}},"105":{"start":{"line":220,"column":6},"end":{"line":220,"column":25}},"106":{"start":{"line":222,"column":6},"end":{"line":222,"column":38}},"107":{"start":{"line":226,"column":2},"end":{"line":232,"column":3}},"108":{"start":{"line":227,"column":4},"end":{"line":231,"column":6}},"109":{"start":{"line":234,"column":2},"end":{"line":514,"column":4}},"110":{"start":{"line":280,"column":27},"end":{"line":280,"column":61}},"111":{"start":{"line":299,"column":16},"end":{"line":299,"column":72}},"112":{"start":{"line":299,"column":47},"end":{"line":299,"column":72}},"113":{"start":{"line":300,"column":16},"end":{"line":302,"column":17}},"114":{"start":{"line":301,"column":18},"end":{"line":301,"column":77}},"115":{"start":{"line":324,"column":36},"end":{"line":324,"column":68}},"116":{"start":{"line":325,"column":14},"end":{"line":327,"column":15}},"117":{"start":{"line":326,"column":16},"end":{"line":326,"column":71}},"118":{"start":{"line":340,"column":16},"end":{"line":350,"column":23}},"119":{"start":{"line":345,"column":37},"end":{"line":345,"column":57}},"120":{"start":{"line":374,"column":18},"end":{"line":376,"column":63}},"121":{"start":{"line":392,"column":49},"end":{"line":392,"column":78}},"122":{"start":{"line":403,"column":16},"end":{"line":403,"column":35}},"123":{"start":{"line":404,"column":16},"end":{"line":404,"column":42}},"124":{"start":{"line":405,"column":16},"end":{"line":405,"column":52}},"125":{"start":{"line":406,"column":16},"end":{"line":406,"column":51}},"126":{"start":{"line":407,"column":16},"end":{"line":407,"column":41}},"127":{"start":{"line":408,"column":16},"end":{"line":408,"column":41}},"128":{"start":{"line":409,"column":16},"end":{"line":409,"column":34}},"129":{"start":{"line":433,"column":16},"end":{"line":440,"column":24}},"130":{"start":{"line":455,"column":18},"end":{"line":457,"column":63}},"131":{"start":{"line":495,"column":31},"end":{"line":495,"column":47}},"132":{"start":{"line":517,"column":15},"end":{"line":727,"column":2}}},"fnMap":{"0":{"name":"EntryDetailScreen","decl":{"start":{"line":32,"column":24},"end":{"line":32,"column":41}},"loc":{"start":{"line":32,"column":44},"end":{"line":515,"column":1}},"line":32},"1":{"name":"(anonymous_1)","decl":{"start":{"line":53,"column":12},"end":{"line":53,"column":13}},"loc":{"start":{"line":53,"column":18},"end":{"line":55,"column":3}},"line":53},"2":{"name":"(anonymous_2)","decl":{"start":{"line":57,"column":21},"end":{"line":57,"column":22}},"loc":{"start":{"line":57,"column":33},"end":{"line":72,"column":3}},"line":57},"3":{"name":"(anonymous_3)","decl":{"start":{"line":74,"column":21},"end":{"line":74,"column":22}},"loc":{"start":{"line":74,"column":48},"end":{"line":96,"column":3}},"line":74},"4":{"name":"(anonymous_4)","decl":{"start":{"line":83,"column":22},"end":{"line":83,"column":23}},"loc":{"start":{"line":83,"column":35},"end":{"line":90,"column":9}},"line":83},"5":{"name":"(anonymous_5)","decl":{"start":{"line":98,"column":32},"end":{"line":98,"column":33}},"loc":{"start":{"line":98,"column":44},"end":{"line":113,"column":3}},"line":98},"6":{"name":"(anonymous_6)","decl":{"start":{"line":105,"column":8},"end":{"line":105,"column":9}},"loc":{"start":{"line":105,"column":31},"end":{"line":108,"column":9}},"line":105},"7":{"name":"(anonymous_7)","decl":{"start":{"line":115,"column":29},"end":{"line":115,"column":30}},"loc":{"start":{"line":115,"column":69},"end":{"line":152,"column":3}},"line":115},"8":{"name":"(anonymous_8)","decl":{"start":{"line":154,"column":28},"end":{"line":154,"column":29}},"loc":{"start":{"line":154,"column":48},"end":{"line":172,"column":3}},"line":154},"9":{"name":"(anonymous_9)","decl":{"start":{"line":161,"column":17},"end":{"line":161,"column":18}},"loc":{"start":{"line":161,"column":29},"end":{"line":169,"column":9}},"line":161},"10":{"name":"(anonymous_10)","decl":{"start":{"line":175,"column":26},"end":{"line":175,"column":27}},"loc":{"start":{"line":175,"column":33},"end":{"line":175,"column":54}},"line":175},"11":{"name":"(anonymous_11)","decl":{"start":{"line":176,"column":34},"end":{"line":176,"column":35}},"loc":{"start":{"line":176,"column":41},"end":{"line":176,"column":65}},"line":176},"12":{"name":"(anonymous_12)","decl":{"start":{"line":177,"column":32},"end":{"line":177,"column":33}},"loc":{"start":{"line":177,"column":39},"end":{"line":177,"column":63}},"line":177},"13":{"name":"(anonymous_13)","decl":{"start":{"line":179,"column":21},"end":{"line":179,"column":22}},"loc":{"start":{"line":179,"column":33},"end":{"line":196,"column":3}},"line":179},"14":{"name":"(anonymous_14)","decl":{"start":{"line":198,"column":23},"end":{"line":198,"column":24}},"loc":{"start":{"line":198,"column":29},"end":{"line":214,"column":3}},"line":198},"15":{"name":"(anonymous_15)","decl":{"start":{"line":204,"column":17},"end":{"line":204,"column":18}},"loc":{"start":{"line":204,"column":29},"end":{"line":211,"column":9}},"line":204},"16":{"name":"(anonymous_16)","decl":{"start":{"line":216,"column":24},"end":{"line":216,"column":25}},"loc":{"start":{"line":216,"column":36},"end":{"line":224,"column":3}},"line":216},"17":{"name":"(anonymous_17)","decl":{"start":{"line":280,"column":21},"end":{"line":280,"column":22}},"loc":{"start":{"line":280,"column":27},"end":{"line":280,"column":61}},"line":280},"18":{"name":"(anonymous_18)","decl":{"start":{"line":298,"column":24},"end":{"line":298,"column":25}},"loc":{"start":{"line":298,"column":61},"end":{"line":303,"column":15}},"line":298},"19":{"name":"(anonymous_19)","decl":{"start":{"line":323,"column":33},"end":{"line":323,"column":34}},"loc":{"start":{"line":323,"column":40},"end":{"line":328,"column":13}},"line":323},"20":{"name":"(anonymous_20)","decl":{"start":{"line":339,"column":30},"end":{"line":339,"column":31}},"loc":{"start":{"line":340,"column":16},"end":{"line":350,"column":23}},"line":340},"21":{"name":"(anonymous_21)","decl":{"start":{"line":345,"column":31},"end":{"line":345,"column":32}},"loc":{"start":{"line":345,"column":37},"end":{"line":345,"column":57}},"line":345},"22":{"name":"(anonymous_22)","decl":{"start":{"line":373,"column":25},"end":{"line":373,"column":26}},"loc":{"start":{"line":374,"column":18},"end":{"line":376,"column":63}},"line":374},"23":{"name":"(anonymous_23)","decl":{"start":{"line":392,"column":43},"end":{"line":392,"column":44}},"loc":{"start":{"line":392,"column":49},"end":{"line":392,"column":78}},"line":392},"24":{"name":"(anonymous_24)","decl":{"start":{"line":402,"column":23},"end":{"line":402,"column":24}},"loc":{"start":{"line":402,"column":29},"end":{"line":410,"column":15}},"line":402},"25":{"name":"(anonymous_25)","decl":{"start":{"line":432,"column":30},"end":{"line":432,"column":31}},"loc":{"start":{"line":433,"column":16},"end":{"line":440,"column":24}},"line":433},"26":{"name":"(anonymous_26)","decl":{"start":{"line":454,"column":25},"end":{"line":454,"column":26}},"loc":{"start":{"line":455,"column":18},"end":{"line":457,"column":63}},"line":455},"27":{"name":"(anonymous_27)","decl":{"start":{"line":495,"column":25},"end":{"line":495,"column":26}},"loc":{"start":{"line":495,"column":31},"end":{"line":495,"column":47}},"line":495}},"branchMap":{"0":{"loc":{"start":{"line":39,"column":24},"end":{"line":39,"column":46}},"type":"binary-expr","locations":[{"start":{"line":39,"column":24},"end":{"line":39,"column":35}},{"start":{"line":39,"column":39},"end":{"line":39,"column":46}}],"line":39},"1":{"loc":{"start":{"line":60,"column":4},"end":{"line":64,"column":5}},"type":"if","locations":[{"start":{"line":60,"column":4},"end":{"line":64,"column":5}},{"start":{},"end":{}}],"line":60},"2":{"loc":{"start":{"line":81,"column":4},"end":{"line":95,"column":5}},"type":"if","locations":[{"start":{"line":81,"column":4},"end":{"line":95,"column":5}},{"start":{"line":93,"column":11},"end":{"line":95,"column":5}}],"line":81},"3":{"loc":{"start":{"line":81,"column":8},"end":{"line":81,"column":41}},"type":"binary-expr","locations":[{"start":{"line":81,"column":8},"end":{"line":81,"column":17}},{"start":{"line":81,"column":21},"end":{"line":81,"column":41}}],"line":81},"4":{"loc":{"start":{"line":99,"column":4},"end":{"line":112,"column":5}},"type":"if","locations":[{"start":{"line":99,"column":4},"end":{"line":112,"column":5}},{"start":{"line":110,"column":11},"end":{"line":112,"column":5}}],"line":99},"5":{"loc":{"start":{"line":106,"column":10},"end":{"line":107,"column":74}},"type":"if","locations":[{"start":{"line":106,"column":10},"end":{"line":107,"column":74}},{"start":{"line":107,"column":15},"end":{"line":107,"column":74}}],"line":106},"6":{"loc":{"start":{"line":107,"column":15},"end":{"line":107,"column":74}},"type":"if","locations":[{"start":{"line":107,"column":15},"end":{"line":107,"column":74}},{"start":{},"end":{}}],"line":107},"7":{"loc":{"start":{"line":116,"column":4},"end":{"line":116,"column":32}},"type":"if","locations":[{"start":{"line":116,"column":4},"end":{"line":116,"column":32}},{"start":{},"end":{}}],"line":116},"8":{"loc":{"start":{"line":116,"column":8},"end":{"line":116,"column":23}},"type":"binary-expr","locations":[{"start":{"line":116,"column":8},"end":{"line":116,"column":14}},{"start":{"line":116,"column":18},"end":{"line":116,"column":23}}],"line":116},"9":{"loc":{"start":{"line":123,"column":4},"end":{"line":132,"column":5}},"type":"if","locations":[{"start":{"line":123,"column":4},"end":{"line":132,"column":5}},{"start":{"line":130,"column":11},"end":{"line":132,"column":5}}],"line":123},"10":{"loc":{"start":{"line":125,"column":6},"end":{"line":128,"column":7}},"type":"if","locations":[{"start":{"line":125,"column":6},"end":{"line":128,"column":7}},{"start":{},"end":{}}],"line":125},"11":{"loc":{"start":{"line":133,"column":4},"end":{"line":133,"column":53}},"type":"if","locations":[{"start":{"line":133,"column":4},"end":{"line":133,"column":53}},{"start":{},"end":{}}],"line":133},"12":{"loc":{"start":{"line":133,"column":8},"end":{"line":133,"column":44}},"type":"binary-expr","locations":[{"start":{"line":133,"column":8},"end":{"line":133,"column":23}},{"start":{"line":133,"column":27},"end":{"line":133,"column":44}}],"line":133},"13":{"loc":{"start":{"line":150,"column":27},"end":{"line":150,"column":64}},"type":"binary-expr","locations":[{"start":{"line":150,"column":27},"end":{"line":150,"column":36}},{"start":{"line":150,"column":40},"end":{"line":150,"column":64}}],"line":150},"14":{"loc":{"start":{"line":155,"column":18},"end":{"line":155,"column":67}},"type":"cond-expr","locations":[{"start":{"line":155,"column":45},"end":{"line":155,"column":57}},{"start":{"line":155,"column":60},"end":{"line":155,"column":67}}],"line":155},"15":{"loc":{"start":{"line":181,"column":4},"end":{"line":181,"column":23}},"type":"if","locations":[{"start":{"line":181,"column":4},"end":{"line":181,"column":23}},{"start":{},"end":{}}],"line":181},"16":{"loc":{"start":{"line":188,"column":20},"end":{"line":188,"column":83}},"type":"cond-expr","locations":[{"start":{"line":188,"column":41},"end":{"line":188,"column":79}},{"start":{"line":188,"column":82},"end":{"line":188,"column":83}}],"line":188},"17":{"loc":{"start":{"line":217,"column":4},"end":{"line":217,"column":23}},"type":"if","locations":[{"start":{"line":217,"column":4},"end":{"line":217,"column":23}},{"start":{},"end":{}}],"line":217},"18":{"loc":{"start":{"line":226,"column":2},"end":{"line":232,"column":3}},"type":"if","locations":[{"start":{"line":226,"column":2},"end":{"line":232,"column":3}},{"start":{},"end":{}}],"line":226},"19":{"loc":{"start":{"line":226,"column":6},"end":{"line":226,"column":23}},"type":"binary-expr","locations":[{"start":{"line":226,"column":6},"end":{"line":226,"column":13}},{"start":{"line":226,"column":17},"end":{"line":226,"column":23}}],"line":226},"20":{"loc":{"start":{"line":237,"column":16},"end":{"line":237,"column":60}},"type":"cond-expr","locations":[{"start":{"line":237,"column":40},"end":{"line":237,"column":49}},{"start":{"line":237,"column":52},"end":{"line":237,"column":60}}],"line":237},"21":{"loc":{"start":{"line":252,"column":9},"end":{"line":256,"column":9}},"type":"binary-expr","locations":[{"start":{"line":252,"column":9},"end":{"line":252,"column":23}},{"start":{"line":253,"column":10},"end":{"line":255,"column":17}}],"line":252},"22":{"loc":{"start":{"line":257,"column":9},"end":{"line":261,"column":9}},"type":"binary-expr","locations":[{"start":{"line":257,"column":9},"end":{"line":257,"column":13}},{"start":{"line":258,"column":10},"end":{"line":260,"column":17}}],"line":257},"23":{"loc":{"start":{"line":265,"column":7},"end":{"line":272,"column":7}},"type":"binary-expr","locations":[{"start":{"line":265,"column":7},"end":{"line":265,"column":26}},{"start":{"line":266,"column":8},"end":{"line":271,"column":15}}],"line":265},"24":{"loc":{"start":{"line":275,"column":7},"end":{"line":510,"column":7}},"type":"cond-expr","locations":[{"start":{"line":276,"column":8},"end":{"line":421,"column":11}},{"start":{"line":423,"column":8},"end":{"line":509,"column":11}}],"line":275},"25":{"loc":{"start":{"line":287,"column":20},"end":{"line":287,"column":66}},"type":"cond-expr","locations":[{"start":{"line":287,"column":37},"end":{"line":287,"column":49}},{"start":{"line":287,"column":52},"end":{"line":287,"column":66}}],"line":287},"26":{"loc":{"start":{"line":292,"column":11},"end":{"line":305,"column":11}},"type":"binary-expr","locations":[{"start":{"line":292,"column":11},"end":{"line":292,"column":25}},{"start":{"line":293,"column":12},"end":{"line":304,"column":14}}],"line":292},"27":{"loc":{"start":{"line":299,"column":16},"end":{"line":299,"column":72}},"type":"if","locations":[{"start":{"line":299,"column":16},"end":{"line":299,"column":72}},{"start":{},"end":{}}],"line":299},"28":{"loc":{"start":{"line":300,"column":16},"end":{"line":302,"column":17}},"type":"if","locations":[{"start":{"line":300,"column":16},"end":{"line":302,"column":17}},{"start":{},"end":{}}],"line":300},"29":{"loc":{"start":{"line":325,"column":14},"end":{"line":327,"column":15}},"type":"if","locations":[{"start":{"line":325,"column":14},"end":{"line":327,"column":15}},{"start":{},"end":{}}],"line":325},"30":{"loc":{"start":{"line":332,"column":11},"end":{"line":353,"column":11}},"type":"binary-expr","locations":[{"start":{"line":332,"column":11},"end":{"line":332,"column":32}},{"start":{"line":333,"column":12},"end":{"line":352,"column":25}}],"line":332},"31":{"loc":{"start":{"line":341,"column":19},"end":{"line":341,"column":99}},"type":"binary-expr","locations":[{"start":{"line":341,"column":19},"end":{"line":341,"column":30}},{"start":{"line":341,"column":34},"end":{"line":341,"column":99}}],"line":341},"32":{"loc":{"start":{"line":342,"column":19},"end":{"line":349,"column":19}},"type":"binary-expr","locations":[{"start":{"line":342,"column":19},"end":{"line":342,"column":26}},{"start":{"line":343,"column":20},"end":{"line":348,"column":39}}],"line":342},"33":{"loc":{"start":{"line":365,"column":11},"end":{"line":397,"column":11}},"type":"binary-expr","locations":[{"start":{"line":365,"column":11},"end":{"line":365,"column":21}},{"start":{"line":365,"column":25},"end":{"line":365,"column":45}},{"start":{"line":366,"column":12},"end":{"line":396,"column":19}}],"line":365},"34":{"loc":{"start":{"line":374,"column":18},"end":{"line":376,"column":63}},"type":"cond-expr","locations":[{"start":{"line":375,"column":22},"end":{"line":375,"column":44}},{"start":{"line":376,"column":22},"end":{"line":376,"column":63}}],"line":374},"35":{"loc":{"start":{"line":380,"column":24},"end":{"line":380,"column":76}},"type":"cond-expr","locations":[{"start":{"line":380,"column":46},"end":{"line":380,"column":60}},{"start":{"line":380,"column":63},"end":{"line":380,"column":76}}],"line":380},"36":{"loc":{"start":{"line":388,"column":34},"end":{"line":388,"column":61}},"type":"binary-expr","locations":[{"start":{"line":388,"column":34},"end":{"line":388,"column":56}},{"start":{"line":388,"column":60},"end":{"line":388,"column":61}}],"line":388},"37":{"loc":{"start":{"line":391,"column":15},"end":{"line":395,"column":15}},"type":"binary-expr","locations":[{"start":{"line":391,"column":15},"end":{"line":391,"column":22}},{"start":{"line":392,"column":16},"end":{"line":394,"column":35}}],"line":391},"38":{"loc":{"start":{"line":425,"column":13},"end":{"line":425,"column":44}},"type":"binary-expr","locations":[{"start":{"line":425,"column":13},"end":{"line":425,"column":24}},{"start":{"line":425,"column":28},"end":{"line":425,"column":44}}],"line":425},"39":{"loc":{"start":{"line":430,"column":11},"end":{"line":443,"column":11}},"type":"binary-expr","locations":[{"start":{"line":430,"column":11},"end":{"line":430,"column":32}},{"start":{"line":431,"column":12},"end":{"line":442,"column":19}}],"line":430},"40":{"loc":{"start":{"line":433,"column":16},"end":{"line":440,"column":24}},"type":"cond-expr","locations":[{"start":{"line":434,"column":18},"end":{"line":439,"column":20}},{"start":{"line":440,"column":20},"end":{"line":440,"column":24}}],"line":433},"41":{"loc":{"start":{"line":446,"column":11},"end":{"line":476,"column":11}},"type":"binary-expr","locations":[{"start":{"line":446,"column":11},"end":{"line":446,"column":21}},{"start":{"line":446,"column":25},"end":{"line":446,"column":45}},{"start":{"line":447,"column":12},"end":{"line":475,"column":19}}],"line":446},"42":{"loc":{"start":{"line":455,"column":18},"end":{"line":457,"column":63}},"type":"cond-expr","locations":[{"start":{"line":456,"column":22},"end":{"line":456,"column":44}},{"start":{"line":457,"column":22},"end":{"line":457,"column":63}}],"line":455},"43":{"loc":{"start":{"line":461,"column":24},"end":{"line":461,"column":76}},"type":"cond-expr","locations":[{"start":{"line":461,"column":46},"end":{"line":461,"column":60}},{"start":{"line":461,"column":63},"end":{"line":461,"column":76}}],"line":461},"44":{"loc":{"start":{"line":469,"column":19},"end":{"line":471,"column":65}},"type":"cond-expr","locations":[{"start":{"line":470,"column":22},"end":{"line":470,"column":75}},{"start":{"line":471,"column":22},"end":{"line":471,"column":65}}],"line":469},"45":{"loc":{"start":{"line":471,"column":37},"end":{"line":471,"column":64}},"type":"binary-expr","locations":[{"start":{"line":471,"column":37},"end":{"line":471,"column":59}},{"start":{"line":471,"column":63},"end":{"line":471,"column":64}}],"line":471},"46":{"loc":{"start":{"line":472,"column":19},"end":{"line":472,"column":95}},"type":"cond-expr","locations":[{"start":{"line":472,"column":44},"end":{"line":472,"column":90}},{"start":{"line":472,"column":93},"end":{"line":472,"column":95}}],"line":472},"47":{"loc":{"start":{"line":479,"column":32},"end":{"line":479,"column":73}},"type":"cond-expr","locations":[{"start":{"line":479,"column":57},"end":{"line":479,"column":63}},{"start":{"line":479,"column":66},"end":{"line":479,"column":73}}],"line":479},"48":{"loc":{"start":{"line":483,"column":11},"end":{"line":508,"column":11}},"type":"binary-expr","locations":[{"start":{"line":483,"column":11},"end":{"line":483,"column":18}},{"start":{"line":484,"column":12},"end":{"line":507,"column":19}}],"line":483},"49":{"loc":{"start":{"line":485,"column":15},"end":{"line":492,"column":15}},"type":"binary-expr","locations":[{"start":{"line":485,"column":15},"end":{"line":485,"column":29}},{"start":{"line":486,"column":16},"end":{"line":491,"column":35}}],"line":485}},"s":{"0":0,"1":0,"2":0,"3":0,"4":0,"5":0,"6":0,"7":0,"8":0,"9":0,"10":0,"11":0,"12":0,"13":0,"14":0,"15":0,"16":0,"17":0,"18":0,"19":0,"20":0,"21":0,"22":0,"23":0,"24":0,"25":0,"26":0,"27":0,"28":0,"29":0,"30":0,"31":0,"32":0,"33":0,"34":0,"35":0,"36":0,"37":0,"38":0,"39":0,"40":0,"41":0,"42":0,"43":0,"44":0,"45":0,"46":0,"47":0,"48":0,"49":0,"50":0,"51":0,"52":0,"53":0,"54":0,"55":0,"56":0,"57":0,"58":0,"59":0,"60":0,"61":0,"62":0,"63":0,"64":0,"65":0,"66":0,"67":0,"68":0,"69":0,"70":0,"71":0,"72":0,"73":0,"74":0,"75":0,"76":0,"77":0,"78":0,"79":0,"80":0,"81":0,"82":0,"83":0,"84":0,"85":0,"86":0,"87":0,"88":0,"89":0,"90":0,"91":0,"92":0,"93":0,"94":0,"95":0,"96":0,"97":0,"98":0,"99":0,"100":0,"101":0,"102":0,"103":0,"104":0,"105":0,"106":0,"107":0,"108":0,"109":0,"110":0,"111":0,"112":0,"113":0,"114":0,"115":0,"116":0,"117":0,"118":0,"119":0,"120":0,"121":0,"122":0,"123":0,"124":0,"125":0,"126":0,"127":0,"128":0,"129":0,"130":0,"131":0,"132":0},"f":{"0":0,"1":0,"2":0,"3":0,"4":0,"5":0,"6":0,"7":0,"8":0,"9":0,"10":0,"11":0,"12":0,"13":0,"14":0,"15":0,"16":0,"17":0,"18":0,"19":0,"20":0,"21":0,"22":0,"23":0,"24":0,"25":0,"26":0,"27":0},"b":{"0":[0,0],"1":[0,0],"2":[0,0],"3":[0,0],"4":[0,0],"5":[0,0],"6":[0,0],"7":[0,0],"8":[0,0],"9":[0,0],"10":[0,0],"11":[0,0],"12":[0,0],"13":[0,0],"14":[0,0],"15":[0,0],"16":[0,0],"17":[0,0],"18":[0,0],"19":[0,0],"20":[0,0],"21":[0,0],"22":[0,0],"23":[0,0],"24":[0,0],"25":[0,0],"26":[0,0],"27":[0,0],"28":[0,0],"29":[0,0],"30":[0,0],"31":[0,0],"32":[0,0],"33":[0,0,0],"34":[0,0],"35":[0,0],"36":[0,0],"37":[0,0],"38":[0,0],"39":[0,0],"40":[0,0],"41":[0,0,0],"42":[0,0],"43":[0,0],"44":[0,0],"45":[0,0],"46":[0,0],"47":[0,0],"48":[0,0],"49":[0,0]}}
,"/Users/jackdoyle/Desktop/timecapsule-diary/app/(tabs)/entries/_layout.tsx": {"path":"/Users/jackdoyle/Desktop/timecapsule-diary/app/(tabs)/entries/_layout.tsx","statementMap":{"0":{"start":{"line":6,"column":22},"end":{"line":6,"column":38}},"1":{"start":{"line":7,"column":17},"end":{"line":7,"column":47}},"2":{"start":{"line":9,"column":2},"end":{"line":27,"column":4}}},"fnMap":{"0":{"name":"EntriesLayout","decl":{"start":{"line":5,"column":24},"end":{"line":5,"column":37}},"loc":{"start":{"line":5,"column":40},"end":{"line":28,"column":1}},"line":5}},"branchMap":{"0":{"loc":{"start":{"line":7,"column":24},"end":{"line":7,"column":46}},"type":"binary-expr","locations":[{"start":{"line":7,"column":24},"end":{"line":7,"column":35}},{"start":{"line":7,"column":39},"end":{"line":7,"column":46}}],"line":7}},"s":{"0":0,"1":0,"2":0},"f":{"0":0},"b":{"0":[0,0]}}
,"/Users/jackdoyle/Desktop/timecapsule-diary/app/(tabs)/entries/index.tsx": {"path":"/Users/jackdoyle/Desktop/timecapsule-diary/app/(tabs)/entries/index.tsx","statementMap":{"0":{"start":{"line":13,"column":17},"end":{"line":13,"column":28}},"1":{"start":{"line":14,"column":15},"end":{"line":14,"column":54}},"2":{"start":{"line":14,"column":33},"end":{"line":14,"column":53}},"3":{"start":{"line":16,"column":2},"end":{"line":59,"column":4}},"4":{"start":{"line":19,"column":21},"end":{"line":19,"column":63}},"5":{"start":{"line":63,"column":45},"end":{"line":63,"column":56}},"6":{"start":{"line":64,"column":56},"end":{"line":64,"column":78}},"7":{"start":{"line":65,"column":17},"end":{"line":65,"column":28}},"8":{"start":{"line":66,"column":22},"end":{"line":66,"column":38}},"9":{"start":{"line":67,"column":17},"end":{"line":67,"column":47}},"10":{"start":{"line":69,"column":18},"end":{"line":69,"column":49}},"11":{"start":{"line":72,"column":2},"end":{"line":76,"column":4}},"12":{"start":{"line":74,"column":6},"end":{"line":74,"column":32}},"13":{"start":{"line":74,"column":22},"end":{"line":74,"column":32}},"14":{"start":{"line":78,"column":2},"end":{"line":86,"column":3}},"15":{"start":{"line":79,"column":4},"end":{"line":85,"column":6}},"16":{"start":{"line":88,"column":2},"end":{"line":115,"column":4}},"17":{"start":{"line":92,"column":32},"end":{"line":92,"column":39}},"18":{"start":{"line":93,"column":34},"end":{"line":93,"column":76}},"19":{"start":{"line":110,"column":23},"end":{"line":110,"column":57}},"20":{"start":{"line":118,"column":15},"end":{"line":215,"column":2}}},"fnMap":{"0":{"name":"EntryCard","decl":{"start":{"line":12,"column":9},"end":{"line":12,"column":18}},"loc":{"start":{"line":12,"column":69},"end":{"line":60,"column":1}},"line":12},"1":{"name":"(anonymous_1)","decl":{"start":{"line":14,"column":26},"end":{"line":14,"column":27}},"loc":{"start":{"line":14,"column":33},"end":{"line":14,"column":53}},"line":14},"2":{"name":"(anonymous_2)","decl":{"start":{"line":19,"column":15},"end":{"line":19,"column":16}},"loc":{"start":{"line":19,"column":21},"end":{"line":19,"column":63}},"line":19},"3":{"name":"EntriesListScreen","decl":{"start":{"line":62,"column":24},"end":{"line":62,"column":41}},"loc":{"start":{"line":62,"column":44},"end":{"line":116,"column":1}},"line":62},"4":{"name":"(anonymous_4)","decl":{"start":{"line":73,"column":16},"end":{"line":73,"column":17}},"loc":{"start":{"line":73,"column":22},"end":{"line":75,"column":5}},"line":73},"5":{"name":"(anonymous_5)","decl":{"start":{"line":92,"column":22},"end":{"line":92,"column":23}},"loc":{"start":{"line":92,"column":32},"end":{"line":92,"column":39}},"line":92},"6":{"name":"(anonymous_6)","decl":{"start":{"line":93,"column":20},"end":{"line":93,"column":21}},"loc":{"start":{"line":93,"column":34},"end":{"line":93,"column":76}},"line":93},"7":{"name":"(anonymous_7)","decl":{"start":{"line":110,"column":17},"end":{"line":110,"column":18}},"loc":{"start":{"line":110,"column":23},"end":{"line":110,"column":57}},"line":110}},"branchMap":{"0":{"loc":{"start":{"line":23,"column":11},"end":{"line":27,"column":11}},"type":"binary-expr","locations":[{"start":{"line":23,"column":11},"end":{"line":23,"column":25}},{"start":{"line":24,"column":12},"end":{"line":26,"column":19}}],"line":23},"1":{"loc":{"start":{"line":28,"column":11},"end":{"line":28,"column":69}},"type":"binary-expr","locations":[{"start":{"line":28,"column":11},"end":{"line":28,"column":15}},{"start":{"line":28,"column":19},"end":{"line":28,"column":69}}],"line":28},"2":{"loc":{"start":{"line":36,"column":9},"end":{"line":36,"column":40}},"type":"binary-expr","locations":[{"start":{"line":36,"column":9},"end":{"line":36,"column":20}},{"start":{"line":36,"column":24},"end":{"line":36,"column":40}}],"line":36},"3":{"loc":{"start":{"line":39,"column":7},"end":{"line":43,"column":14}},"type":"cond-expr","locations":[{"start":{"line":40,"column":8},"end":{"line":42,"column":15}},{"start":{"line":43,"column":10},"end":{"line":43,"column":14}}],"line":39},"4":{"loc":{"start":{"line":47,"column":30},"end":{"line":47,"column":71}},"type":"cond-expr","locations":[{"start":{"line":47,"column":55},"end":{"line":47,"column":61}},{"start":{"line":47,"column":64},"end":{"line":47,"column":71}}],"line":47},"5":{"loc":{"start":{"line":49,"column":9},"end":{"line":56,"column":9}},"type":"binary-expr","locations":[{"start":{"line":49,"column":9},"end":{"line":49,"column":28}},{"start":{"line":50,"column":10},"end":{"line":55,"column":17}}],"line":49},"6":{"loc":{"start":{"line":67,"column":24},"end":{"line":67,"column":46}},"type":"binary-expr","locations":[{"start":{"line":67,"column":24},"end":{"line":67,"column":35}},{"start":{"line":67,"column":39},"end":{"line":67,"column":46}}],"line":67},"7":{"loc":{"start":{"line":69,"column":18},"end":{"line":69,"column":49}},"type":"binary-expr","locations":[{"start":{"line":69,"column":18},"end":{"line":69,"column":31}},{"start":{"line":69,"column":35},"end":{"line":69,"column":49}}],"line":69},"8":{"loc":{"start":{"line":74,"column":6},"end":{"line":74,"column":32}},"type":"if","locations":[{"start":{"line":74,"column":6},"end":{"line":74,"column":32}},{"start":{},"end":{}}],"line":74},"9":{"loc":{"start":{"line":78,"column":2},"end":{"line":86,"column":3}},"type":"if","locations":[{"start":{"line":78,"column":2},"end":{"line":86,"column":3}},{"start":{},"end":{}}],"line":78}},"s":{"0":0,"1":0,"2":0,"3":0,"4":0,"5":0,"6":0,"7":0,"8":0,"9":0,"10":0,"11":0,"12":0,"13":0,"14":0,"15":0,"16":0,"17":0,"18":0,"19":0,"20":0},"f":{"0":0,"1":0,"2":0,"3":0,"4":0,"5":0,"6":0,"7":0},"b":{"0":[0,0],"1":[0,0],"2":[0,0],"3":[0,0],"4":[0,0],"5":[0,0],"6":[0,0],"7":[0,0],"8":[0,0],"9":[0,0]}}
,"/Users/jackdoyle/Desktop/timecapsule-diary/app/(tabs)/entries/new.tsx": {"path":"/Users/jackdoyle/Desktop/timecapsule-diary/app/(tabs)/entries/new.tsx","statementMap":{"0":{"start":{"line":43,"column":18},"end":{"line":43,"column":35}},"1":{"start":{"line":46,"column":21},"end":{"line":46,"column":32}},"2":{"start":{"line":47,"column":19},"end":{"line":47,"column":28}},"3":{"start":{"line":48,"column":26},"end":{"line":48,"column":48}},"4":{"start":{"line":49,"column":17},"end":{"line":49,"column":28}},"5":{"start":{"line":50,"column":21},"end":{"line":50,"column":36}},"6":{"start":{"line":51,"column":22},"end":{"line":51,"column":38}},"7":{"start":{"line":52,"column":17},"end":{"line":52,"column":47}},"8":{"start":{"line":54,"column":28},"end":{"line":54,"column":40}},"9":{"start":{"line":55,"column":32},"end":{"line":55,"column":44}},"10":{"start":{"line":56,"column":26},"end":{"line":56,"column":56}},"11":{"start":{"line":57,"column":36},"end":{"line":57,"column":68}},"12":{"start":{"line":58,"column":46},"end":{"line":58,"column":61}},"13":{"start":{"line":59,"column":42},"end":{"line":59,"column":71}},"14":{"start":{"line":60,"column":40},"end":{"line":60,"column":69}},"15":{"start":{"line":61,"column":40},"end":{"line":61,"column":69}},"16":{"start":{"line":62,"column":44},"end":{"line":62,"column":88}},"17":{"start":{"line":63,"column":30},"end":{"line":63,"column":45}},"18":{"start":{"line":64,"column":50},"end":{"line":67,"column":17}},"19":{"start":{"line":68,"column":20},"end":{"line":68,"column":34}},"20":{"start":{"line":71,"column":2},"end":{"line":78,"column":53}},"21":{"start":{"line":72,"column":4},"end":{"line":77,"column":5}},"22":{"start":{"line":73,"column":6},"end":{"line":76,"column":9}},"23":{"start":{"line":80,"column":60},"end":{"line":80,"column":75}},"24":{"start":{"line":81,"column":44},"end":{"line":81,"column":56}},"25":{"start":{"line":82,"column":52},"end":{"line":82,"column":67}},"26":{"start":{"line":83,"column":48},"end":{"line":83,"column":78}},"27":{"start":{"line":84,"column":28},"end":{"line":84,"column":41}},"28":{"start":{"line":85,"column":24},"end":{"line":85,"column":48}},"29":{"start":{"line":86,"column":28},"end":{"line":86,"column":51}},"30":{"start":{"line":87,"column":28},"end":{"line":87,"column":78}},"31":{"start":{"line":90,"column":2},"end":{"line":104,"column":9}},"32":{"start":{"line":91,"column":4},"end":{"line":103,"column":7}},"33":{"start":{"line":92,"column":6},"end":{"line":92,"column":23}},"34":{"start":{"line":92,"column":16},"end":{"line":92,"column":23}},"35":{"start":{"line":93,"column":6},"end":{"line":102,"column":16}},"36":{"start":{"line":94,"column":22},"end":{"line":94,"column":37}},"37":{"start":{"line":95,"column":8},"end":{"line":95,"column":47}},"38":{"start":{"line":95,"column":25},"end":{"line":95,"column":47}},"39":{"start":{"line":96,"column":8},"end":{"line":96,"column":53}},"40":{"start":{"line":96,"column":27},"end":{"line":96,"column":53}},"41":{"start":{"line":97,"column":8},"end":{"line":97,"column":44}},"42":{"start":{"line":97,"column":24},"end":{"line":97,"column":44}},"43":{"start":{"line":98,"column":8},"end":{"line":98,"column":59}},"44":{"start":{"line":98,"column":29},"end":{"line":98,"column":59}},"45":{"start":{"line":99,"column":8},"end":{"line":99,"column":68}},"46":{"start":{"line":99,"column":32},"end":{"line":99,"column":68}},"47":{"start":{"line":100,"column":8},"end":{"line":100,"column":65}},"48":{"start":{"line":100,"column":31},"end":{"line":100,"column":65}},"49":{"start":{"line":101,"column":8},"end":{"line":101,"column":65}},"50":{"start":{"line":101,"column":31},"end":{"line":101,"column":65}},"51":{"start":{"line":107,"column":2},"end":{"line":126,"column":80}},"52":{"start":{"line":108,"column":4},"end":{"line":108,"column":42}},"53":{"start":{"line":108,"column":35},"end":{"line":108,"column":42}},"54":{"start":{"line":109,"column":20},"end":{"line":124,"column":11}},"55":{"start":{"line":110,"column":6},"end":{"line":123,"column":7}},"56":{"start":{"line":111,"column":8},"end":{"line":122,"column":10}},"57":{"start":{"line":125,"column":4},"end":{"line":125,"column":39}},"58":{"start":{"line":125,"column":17},"end":{"line":125,"column":38}},"59":{"start":{"line":128,"column":21},"end":{"line":133,"column":3}},"60":{"start":{"line":136,"column":2},"end":{"line":140,"column":31}},"61":{"start":{"line":137,"column":4},"end":{"line":139,"column":7}},"62":{"start":{"line":142,"column":22},"end":{"line":163,"column":3}},"63":{"start":{"line":143,"column":4},"end":{"line":147,"column":5}},"64":{"start":{"line":144,"column":6},"end":{"line":144,"column":41}},"65":{"start":{"line":145,"column":6},"end":{"line":145,"column":26}},"66":{"start":{"line":146,"column":6},"end":{"line":146,"column":13}},"67":{"start":{"line":148,"column":4},"end":{"line":162,"column":6}},"68":{"start":{"line":157,"column":12},"end":{"line":157,"column":47}},"69":{"start":{"line":158,"column":12},"end":{"line":158,"column":32}},"70":{"start":{"line":166,"column":2},"end":{"line":174,"column":47}},"71":{"start":{"line":167,"column":4},"end":{"line":173,"column":7}},"72":{"start":{"line":169,"column":8},"end":{"line":171,"column":27}},"73":{"start":{"line":176,"column":21},"end":{"line":266,"column":3}},"74":{"start":{"line":177,"column":4},"end":{"line":177,"column":23}},"75":{"start":{"line":178,"column":4},"end":{"line":181,"column":5}},"76":{"start":{"line":179,"column":6},"end":{"line":179,"column":68}},"77":{"start":{"line":180,"column":6},"end":{"line":180,"column":13}},"78":{"start":{"line":183,"column":4},"end":{"line":186,"column":5}},"79":{"start":{"line":184,"column":6},"end":{"line":184,"column":65}},"80":{"start":{"line":185,"column":6},"end":{"line":185,"column":13}},"81":{"start":{"line":188,"column":4},"end":{"line":188,"column":20}},"82":{"start":{"line":189,"column":4},"end":{"line":265,"column":5}},"83":{"start":{"line":190,"column":42},"end":{"line":202,"column":7}},"84":{"start":{"line":204,"column":20},"end":{"line":204,"column":48}},"85":{"start":{"line":207,"column":6},"end":{"line":232,"column":7}},"86":{"start":{"line":208,"column":8},"end":{"line":231,"column":9}},"87":{"start":{"line":209,"column":10},"end":{"line":230,"column":11}},"88":{"start":{"line":210,"column":31},"end":{"line":210,"column":61}},"89":{"start":{"line":211,"column":29},"end":{"line":211,"column":90}},"90":{"start":{"line":212,"column":32},"end":{"line":218,"column":13}},"91":{"start":{"line":219,"column":12},"end":{"line":227,"column":15}},"92":{"start":{"line":229,"column":12},"end":{"line":229,"column":68}},"93":{"start":{"line":235,"column":6},"end":{"line":256,"column":7}},"94":{"start":{"line":236,"column":8},"end":{"line":255,"column":9}},"95":{"start":{"line":237,"column":27},"end":{"line":237,"column":56}},"96":{"start":{"line":238,"column":30},"end":{"line":244,"column":11}},"97":{"start":{"line":245,"column":10},"end":{"line":252,"column":13}},"98":{"start":{"line":254,"column":10},"end":{"line":254,"column":71}},"99":{"start":{"line":258,"column":6},"end":{"line":258,"column":39}},"100":{"start":{"line":259,"column":6},"end":{"line":259,"column":47}},"101":{"start":{"line":260,"column":6},"end":{"line":260,"column":26}},"102":{"start":{"line":262,"column":6},"end":{"line":262,"column":38}},"103":{"start":{"line":264,"column":6},"end":{"line":264,"column":23}},"104":{"start":{"line":268,"column":27},"end":{"line":274,"column":3}},"105":{"start":{"line":269,"column":4},"end":{"line":269,"column":29}},"106":{"start":{"line":270,"column":4},"end":{"line":273,"column":5}},"107":{"start":{"line":271,"column":22},"end":{"line":271,"column":62}},"108":{"start":{"line":272,"column":6},"end":{"line":272,"column":28}},"109":{"start":{"line":276,"column":28},"end":{"line":280,"column":3}},"110":{"start":{"line":277,"column":4},"end":{"line":277,"column":25}},"111":{"start":{"line":278,"column":4},"end":{"line":278,"column":27}},"112":{"start":{"line":279,"column":4},"end":{"line":279,"column":35}},"113":{"start":{"line":282,"column":36},"end":{"line":302,"column":3}},"114":{"start":{"line":283,"column":4},"end":{"line":283,"column":27}},"115":{"start":{"line":286,"column":4},"end":{"line":286,"column":75}},"116":{"start":{"line":286,"column":35},"end":{"line":286,"column":75}},"117":{"start":{"line":287,"column":4},"end":{"line":290,"column":5}},"118":{"start":{"line":288,"column":6},"end":{"line":288,"column":29}},"119":{"start":{"line":289,"column":6},"end":{"line":289,"column":13}},"120":{"start":{"line":291,"column":4},"end":{"line":301,"column":12}},"121":{"start":{"line":292,"column":6},"end":{"line":292,"column":33}},"122":{"start":{"line":293,"column":6},"end":{"line":300,"column":7}},"123":{"start":{"line":294,"column":24},"end":{"line":294,"column":58}},"124":{"start":{"line":295,"column":8},"end":{"line":295,"column":36}},"125":{"start":{"line":299,"column":8},"end":{"line":299,"column":36}},"126":{"start":{"line":304,"column":31},"end":{"line":325,"column":3}},"127":{"start":{"line":305,"column":18},"end":{"line":305,"column":38}},"128":{"start":{"line":306,"column":4},"end":{"line":306,"column":23}},"129":{"start":{"line":306,"column":16},"end":{"line":306,"column":23}},"130":{"start":{"line":308,"column":4},"end":{"line":308,"column":31}},"131":{"start":{"line":309,"column":4},"end":{"line":324,"column":5}},"132":{"start":{"line":310,"column":22},"end":{"line":310,"column":50}},"133":{"start":{"line":311,"column":6},"end":{"line":318,"column":7}},"134":{"start":{"line":312,"column":8},"end":{"line":312,"column":31}},"135":{"start":{"line":313,"column":8},"end":{"line":316,"column":10}},"136":{"start":{"line":317,"column":8},"end":{"line":317,"column":15}},"137":{"start":{"line":319,"column":6},"end":{"line":319,"column":34}},"138":{"start":{"line":321,"column":6},"end":{"line":321,"column":60}},"139":{"start":{"line":323,"column":6},"end":{"line":323,"column":34}},"140":{"start":{"line":327,"column":31},"end":{"line":335,"column":3}},"141":{"start":{"line":329,"column":20},"end":{"line":329,"column":37}},"142":{"start":{"line":330,"column":28},"end":{"line":330,"column":82}},"143":{"start":{"line":331,"column":4},"end":{"line":331,"column":59}},"144":{"start":{"line":332,"column":4},"end":{"line":332,"column":28}},"145":{"start":{"line":333,"column":4},"end":{"line":333,"column":28}},"146":{"start":{"line":334,"column":4},"end":{"line":334,"column":36}},"147":{"start":{"line":337,"column":25},"end":{"line":355,"column":3}},"148":{"start":{"line":338,"column":4},"end":{"line":354,"column":5}},"149":{"start":{"line":339,"column":6},"end":{"line":351,"column":8}},"150":{"start":{"line":345,"column":10},"end":{"line":349,"column":11}},"151":{"start":{"line":346,"column":12},"end":{"line":346,"column":38}},"152":{"start":{"line":347,"column":17},"end":{"line":349,"column":11}},"153":{"start":{"line":348,"column":12},"end":{"line":348,"column":39}},"154":{"start":{"line":353,"column":6},"end":{"line":353,"column":33}},"155":{"start":{"line":357,"column":20},"end":{"line":379,"column":3}},"156":{"start":{"line":358,"column":52},"end":{"line":362,"column":5}},"157":{"start":{"line":365,"column":4},"end":{"line":374,"column":5}},"158":{"start":{"line":366,"column":25},"end":{"line":366,"column":74}},"159":{"start":{"line":367,"column":6},"end":{"line":370,"column":7}},"160":{"start":{"line":368,"column":8},"end":{"line":368,"column":74}},"161":{"start":{"line":369,"column":8},"end":{"line":369,"column":15}},"162":{"start":{"line":371,"column":6},"end":{"line":371,"column":60}},"163":{"start":{"line":373,"column":6},"end":{"line":373,"column":66}},"164":{"start":{"line":376,"column":4},"end":{"line":378,"column":5}},"165":{"start":{"line":377,"column":6},"end":{"line":377,"column":62}},"166":{"start":{"line":377,"column":33},"end":{"line":377,"column":60}},"167":{"start":{"line":381,"column":2},"end":{"line":741,"column":4}},"168":{"start":{"line":406,"column":25},"end":{"line":406,"column":59}},"169":{"start":{"line":436,"column":12},"end":{"line":456,"column":31}},"170":{"start":{"line":445,"column":29},"end":{"line":445,"column":67}},"171":{"start":{"line":469,"column":16},"end":{"line":469,"column":38}},"172":{"start":{"line":470,"column":16},"end":{"line":470,"column":37}},"173":{"start":{"line":471,"column":16},"end":{"line":471,"column":37}},"174":{"start":{"line":488,"column":14},"end":{"line":496,"column":21}},"175":{"start":{"line":492,"column":33},"end":{"line":492,"column":95}},"176":{"start":{"line":492,"column":60},"end":{"line":492,"column":94}},"177":{"start":{"line":492,"column":82},"end":{"line":492,"column":93}},"178":{"start":{"line":511,"column":16},"end":{"line":513,"column":61}},"179":{"start":{"line":534,"column":16},"end":{"line":534,"column":41}},"180":{"start":{"line":535,"column":16},"end":{"line":535,"column":43}},"181":{"start":{"line":536,"column":16},"end":{"line":536,"column":42}},"182":{"start":{"line":556,"column":34},"end":{"line":556,"column":66}},"183":{"start":{"line":557,"column":12},"end":{"line":559,"column":13}},"184":{"start":{"line":558,"column":14},"end":{"line":558,"column":69}},"185":{"start":{"line":625,"column":27},"end":{"line":625,"column":43}},"186":{"start":{"line":634,"column":27},"end":{"line":634,"column":44}},"187":{"start":{"line":647,"column":30},"end":{"line":647,"column":61}},"188":{"start":{"line":651,"column":45},"end":{"line":651,"column":76}},"189":{"start":{"line":696,"column":36},"end":{"line":696,"column":48}},"190":{"start":{"line":699,"column":14},"end":{"line":728,"column":33}},"191":{"start":{"line":704,"column":31},"end":{"line":704,"column":57}},"192":{"start":{"line":744,"column":15},"end":{"line":969,"column":2}}},"fnMap":{"0":{"name":"NewEntryScreen","decl":{"start":{"line":45,"column":24},"end":{"line":45,"column":38}},"loc":{"start":{"line":45,"column":41},"end":{"line":742,"column":1}},"line":45},"1":{"name":"(anonymous_1)","decl":{"start":{"line":71,"column":12},"end":{"line":71,"column":13}},"loc":{"start":{"line":71,"column":18},"end":{"line":78,"column":3}},"line":71},"2":{"name":"(anonymous_2)","decl":{"start":{"line":90,"column":12},"end":{"line":90,"column":13}},"loc":{"start":{"line":90,"column":18},"end":{"line":104,"column":3}},"line":90},"3":{"name":"(anonymous_3)","decl":{"start":{"line":91,"column":41},"end":{"line":91,"column":42}},"loc":{"start":{"line":91,"column":50},"end":{"line":103,"column":5}},"line":91},"4":{"name":"(anonymous_4)","decl":{"start":{"line":107,"column":12},"end":{"line":107,"column":13}},"loc":{"start":{"line":107,"column":18},"end":{"line":126,"column":3}},"line":107},"5":{"name":"(anonymous_5)","decl":{"start":{"line":109,"column":31},"end":{"line":109,"column":32}},"loc":{"start":{"line":109,"column":37},"end":{"line":124,"column":5}},"line":109},"6":{"name":"(anonymous_6)","decl":{"start":{"line":125,"column":11},"end":{"line":125,"column":12}},"loc":{"start":{"line":125,"column":17},"end":{"line":125,"column":38}},"line":125},"7":{"name":"(anonymous_7)","decl":{"start":{"line":136,"column":12},"end":{"line":136,"column":13}},"loc":{"start":{"line":136,"column":18},"end":{"line":140,"column":3}},"line":136},"8":{"name":"(anonymous_8)","decl":{"start":{"line":142,"column":22},"end":{"line":142,"column":23}},"loc":{"start":{"line":142,"column":28},"end":{"line":163,"column":3}},"line":142},"9":{"name":"(anonymous_9)","decl":{"start":{"line":156,"column":19},"end":{"line":156,"column":20}},"loc":{"start":{"line":156,"column":25},"end":{"line":159,"column":11}},"line":156},"10":{"name":"(anonymous_10)","decl":{"start":{"line":166,"column":12},"end":{"line":166,"column":13}},"loc":{"start":{"line":166,"column":18},"end":{"line":174,"column":3}},"line":166},"11":{"name":"(anonymous_11)","decl":{"start":{"line":168,"column":18},"end":{"line":168,"column":19}},"loc":{"start":{"line":169,"column":8},"end":{"line":171,"column":27}},"line":169},"12":{"name":"(anonymous_12)","decl":{"start":{"line":176,"column":21},"end":{"line":176,"column":22}},"loc":{"start":{"line":176,"column":49},"end":{"line":266,"column":3}},"line":176},"13":{"name":"(anonymous_13)","decl":{"start":{"line":268,"column":27},"end":{"line":268,"column":28}},"loc":{"start":{"line":268,"column":64},"end":{"line":274,"column":3}},"line":268},"14":{"name":"(anonymous_14)","decl":{"start":{"line":276,"column":28},"end":{"line":276,"column":29}},"loc":{"start":{"line":276,"column":34},"end":{"line":280,"column":3}},"line":276},"15":{"name":"(anonymous_15)","decl":{"start":{"line":282,"column":36},"end":{"line":282,"column":37}},"loc":{"start":{"line":282,"column":54},"end":{"line":302,"column":3}},"line":282},"16":{"name":"(anonymous_16)","decl":{"start":{"line":291,"column":43},"end":{"line":291,"column":44}},"loc":{"start":{"line":291,"column":55},"end":{"line":301,"column":5}},"line":291},"17":{"name":"(anonymous_17)","decl":{"start":{"line":304,"column":31},"end":{"line":304,"column":32}},"loc":{"start":{"line":304,"column":43},"end":{"line":325,"column":3}},"line":304},"18":{"name":"(anonymous_18)","decl":{"start":{"line":327,"column":31},"end":{"line":327,"column":32}},"loc":{"start":{"line":327,"column":56},"end":{"line":335,"column":3}},"line":327},"19":{"name":"(anonymous_19)","decl":{"start":{"line":337,"column":25},"end":{"line":337,"column":26}},"loc":{"start":{"line":337,"column":37},"end":{"line":355,"column":3}},"line":337},"20":{"name":"(anonymous_20)","decl":{"start":{"line":344,"column":8},"end":{"line":344,"column":9}},"loc":{"start":{"line":344,"column":31},"end":{"line":350,"column":9}},"line":344},"21":{"name":"(anonymous_21)","decl":{"start":{"line":357,"column":20},"end":{"line":357,"column":21}},"loc":{"start":{"line":357,"column":60},"end":{"line":379,"column":3}},"line":357},"22":{"name":"(anonymous_22)","decl":{"start":{"line":377,"column":23},"end":{"line":377,"column":24}},"loc":{"start":{"line":377,"column":33},"end":{"line":377,"column":60}},"line":377},"23":{"name":"(anonymous_23)","decl":{"start":{"line":406,"column":19},"end":{"line":406,"column":20}},"loc":{"start":{"line":406,"column":25},"end":{"line":406,"column":59}},"line":406},"24":{"name":"(anonymous_24)","decl":{"start":{"line":435,"column":21},"end":{"line":435,"column":22}},"loc":{"start":{"line":436,"column":12},"end":{"line":456,"column":31}},"line":436},"25":{"name":"(anonymous_25)","decl":{"start":{"line":445,"column":23},"end":{"line":445,"column":24}},"loc":{"start":{"line":445,"column":29},"end":{"line":445,"column":67}},"line":445},"26":{"name":"(anonymous_26)","decl":{"start":{"line":468,"column":23},"end":{"line":468,"column":24}},"loc":{"start":{"line":468,"column":29},"end":{"line":472,"column":15}},"line":468},"27":{"name":"(anonymous_27)","decl":{"start":{"line":487,"column":31},"end":{"line":487,"column":32}},"loc":{"start":{"line":488,"column":14},"end":{"line":496,"column":21}},"line":488},"28":{"name":"(anonymous_28)","decl":{"start":{"line":492,"column":27},"end":{"line":492,"column":28}},"loc":{"start":{"line":492,"column":33},"end":{"line":492,"column":95}},"line":492},"29":{"name":"(anonymous_29)","decl":{"start":{"line":492,"column":50},"end":{"line":492,"column":51}},"loc":{"start":{"line":492,"column":60},"end":{"line":492,"column":94}},"line":492},"30":{"name":"(anonymous_30)","decl":{"start":{"line":492,"column":72},"end":{"line":492,"column":73}},"loc":{"start":{"line":492,"column":82},"end":{"line":492,"column":93}},"line":492},"31":{"name":"(anonymous_31)","decl":{"start":{"line":510,"column":23},"end":{"line":510,"column":24}},"loc":{"start":{"line":511,"column":16},"end":{"line":513,"column":61}},"line":511},"32":{"name":"(anonymous_32)","decl":{"start":{"line":533,"column":23},"end":{"line":533,"column":24}},"loc":{"start":{"line":533,"column":29},"end":{"line":537,"column":15}},"line":533},"33":{"name":"(anonymous_33)","decl":{"start":{"line":554,"column":31},"end":{"line":554,"column":32}},"loc":{"start":{"line":554,"column":38},"end":{"line":560,"column":11}},"line":554},"34":{"name":"(anonymous_34)","decl":{"start":{"line":625,"column":21},"end":{"line":625,"column":22}},"loc":{"start":{"line":625,"column":27},"end":{"line":625,"column":43}},"line":625},"35":{"name":"(anonymous_35)","decl":{"start":{"line":634,"column":21},"end":{"line":634,"column":22}},"loc":{"start":{"line":634,"column":27},"end":{"line":634,"column":44}},"line":634},"36":{"name":"(anonymous_36)","decl":{"start":{"line":647,"column":24},"end":{"line":647,"column":25}},"loc":{"start":{"line":647,"column":30},"end":{"line":647,"column":61}},"line":647},"37":{"name":"(anonymous_37)","decl":{"start":{"line":651,"column":39},"end":{"line":651,"column":40}},"loc":{"start":{"line":651,"column":45},"end":{"line":651,"column":76}},"line":651},"38":{"name":"(anonymous_38)","decl":{"start":{"line":696,"column":26},"end":{"line":696,"column":27}},"loc":{"start":{"line":696,"column":36},"end":{"line":696,"column":48}},"line":696},"39":{"name":"(anonymous_39)","decl":{"start":{"line":698,"column":24},"end":{"line":698,"column":25}},"loc":{"start":{"line":699,"column":14},"end":{"line":728,"column":33}},"line":699},"40":{"name":"(anonymous_40)","decl":{"start":{"line":704,"column":25},"end":{"line":704,"column":26}},"loc":{"start":{"line":704,"column":31},"end":{"line":704,"column":57}},"line":704}},"branchMap":{"0":{"loc":{"start":{"line":52,"column":24},"end":{"line":52,"column":46}},"type":"binary-expr","locations":[{"start":{"line":52,"column":24},"end":{"line":52,"column":35}},{"start":{"line":52,"column":39},"end":{"line":52,"column":46}}],"line":52},"1":{"loc":{"start":{"line":72,"column":4},"end":{"line":77,"column":5}},"type":"if","locations":[{"start":{"line":72,"column":4},"end":{"line":77,"column":5}},{"start":{},"end":{}}],"line":72},"2":{"loc":{"start":{"line":72,"column":8},"end":{"line":72,"column":79}},"type":"binary-expr","locations":[{"start":{"line":72,"column":8},"end":{"line":72,"column":30}},{"start":{"line":72,"column":34},"end":{"line":72,"column":58}},{"start":{"line":72,"column":62},"end":{"line":72,"column":79}}],"line":72},"3":{"loc":{"start":{"line":92,"column":6},"end":{"line":92,"column":23}},"type":"if","locations":[{"start":{"line":92,"column":6},"end":{"line":92,"column":23}},{"start":{},"end":{}}],"line":92},"4":{"loc":{"start":{"line":95,"column":8},"end":{"line":95,"column":47}},"type":"if","locations":[{"start":{"line":95,"column":8},"end":{"line":95,"column":47}},{"start":{},"end":{}}],"line":95},"5":{"loc":{"start":{"line":96,"column":8},"end":{"line":96,"column":53}},"type":"if","locations":[{"start":{"line":96,"column":8},"end":{"line":96,"column":53}},{"start":{},"end":{}}],"line":96},"6":{"loc":{"start":{"line":97,"column":8},"end":{"line":97,"column":44}},"type":"if","locations":[{"start":{"line":97,"column":8},"end":{"line":97,"column":44}},{"start":{},"end":{}}],"line":97},"7":{"loc":{"start":{"line":98,"column":8},"end":{"line":98,"column":59}},"type":"if","locations":[{"start":{"line":98,"column":8},"end":{"line":98,"column":59}},{"start":{},"end":{}}],"line":98},"8":{"loc":{"start":{"line":99,"column":8},"end":{"line":99,"column":68}},"type":"if","locations":[{"start":{"line":99,"column":8},"end":{"line":99,"column
[...]
],"line":149},"16":{"loc":{"start":{"line":155,"column":19},"end":{"line":155,"column":36}},"type":"binary-expr","locations":[{"start":{"line":155,"column":19},"end":{"line":155,"column":30}},{"start":{"line":155,"column":34},"end":{"line":155,"column":36}}],"line":155},"17":{"loc":{"start":{"line":158,"column":12},"end":{"line":158,"column":44}},"type":"binary-expr","locations":[{"start":{"line":158,"column":12},"end":{"line":158,"column":35}},{"start":{"line":158,"column":39},"end":{"line":158,"column":44}}],"line":158},"18":{"loc":{"start":{"line":159,"column":15},"end":{"line":159,"column":43}},"type":"binary-expr","locations":[{"start":{"line":159,"column":15},"end":{"line":159,"column":37}},{"start":{"line":159,"column":41},"end":{"line":159,"column":43}}],"line":159},"19":{"loc":{"start":{"line":160,"column":11},"end":{"line":160,"column":40}},"type":"binary-expr","locations":[{"start":{"line":160,"column":11},"end":{"line":160,"column":35}},{"start":{"line":160,"column":39},"end":{"line":160,"column":40}}],"line":160},"20":{"loc":{"start":{"line":161,"column":11},"end":{"line":161,"column":41}},"type":"binary-expr","locations":[{"start":{"line":161,"column":11},"end":{"line":161,"column":36}},{"start":{"line":161,"column":40},"end":{"line":161,"column":41}}],"line":161},"21":{"loc":{"start":{"line":175,"column":4},"end":{"line":175,"column":41}},"type":"if","locations":[{"start":{"line":175,"column":4},"end":{"line":175,"column":41}},{"start":{},"end":{}}],"line":175},"22":{"loc":{"start":{"line":186,"column":16},"end":{"line":186,"column":29}},"type":"binary-expr","locations":[{"start":{"line":186,"column":16},"end":{"line":186,"column":20}},{"start":{"line":186,"column":24},"end":{"line":186,"column":29}}],"line":186}},"s":{"0":0,"1":0,"2":0,"3":0,"4":0,"5":0,"6":0,"7":0,"8":0,"9":0,"10":0,"11":0,"12":0,"13":0,"14":0,"15":0,"16":0,"17":0,"18":0,"19":0,"20":0,"21":0,"22":0,"23":0,"24":0,"25":0,"26":0,"27":0,"28":0,"29":0,"30":0,"31":0,"32":0,"33":0,"34":0,"35":0,"36":0,"37":0,"38":0,"39":0,"40":0,"41":0,"42":0,"43":0,"44":0,"45":0,"46":0,"47":0,"48":0,"49":0,"50":0,"51":0,"52":0,"53":0,"54":0,"55":0,"56":0,"57":0,"58":0,"59":0,"60":0,"61":0,"62":0,"63":0,"64":0,"65":0,"66":0,"67":0,"68":0,"69":0},"f":{"0":0,"1":0,"2":0,"3":0,"4":0,"5":0,"6":0},"b":{"0":[0,0],"1":[0,0],"2":[0,0],"3":[0,0],"4":[0,0],"5":[0,0],"6":[0,0],"7":[0,0],"8":[0,0],"9":[0,0],"10":[0,0],"11":[0,0],"12":[0,0],"13":[0,0],"14":[0,0],"15":[0,0],"16":[0,0],"17":[0,0],"18":[0,0],"19":[0,0],"20":[0,0],"21":[0,0],"22":[0,0]}}
,"/Users/jackdoyle/Desktop/timecapsule-diary/src/lib/notifications.ts": {"path":"/Users/jackdoyle/Desktop/timecapsule-diary/src/lib/notifications.ts","statementMap":{"0":{"start":{"line":7,"column":0},"end":{"line":15,"column":3}},"1":{"start":{"line":8,"column":35},"end":{"line":14,"column":3}},"2":{"start":{"line":18,"column":2},"end":{"line":21,"column":3}},"3":{"start":{"line":19,"column":4},"end":{"line":19,"column":64}},"4":{"start":{"line":20,"column":4},"end":{"line":20,"column":16}},"5":{"start":{"line":23,"column":2},"end":{"line":28,"column":3}},"6":{"start":{"line":24,"column":4},"end":{"line":27,"column":7}},"7":{"start":{"line":30,"column":37},"end":{"line":30,"column":78}},"8":{"start":{"line":31,"column":20},"end":{"line":31,"column":34}},"9":{"start":{"line":33,"column":2},"end":{"line":36,"column":3}},"10":{"start":{"line":34,"column":23},"end":{"line":34,"column":68}},"11":{"start":{"line":35,"column":4},"end":{"line":35,"column":25}},"12":{"start":{"line":38,"column":2},"end":{"line":41,"column":3}},"13":{"start":{"line":39,"column":4},"end":{"line":39,"column":60}},"14":{"start":{"line":40,"column":4},"end":{"line":40,"column":16}},"15":{"start":{"line":43,"column":20},"end":{"line":43,"column":63}},"16":{"start":{"line":44,"column":2},"end":{"line":47,"column":3}},"17":{"start":{"line":45,"column":4},"end":{"line":45,"column":66}},"18":{"start":{"line":46,"column":4},"end":{"line":46,"column":16}},"19":{"start":{"line":49,"column":16},"end":{"line":51,"column":8}},"20":{"start":{"line":54,"column":2},"end":{"line":57,"column":22}},"21":{"start":{"line":59,"column":2},"end":{"line":59,"column":15}},"22":{"start":{"line":65,"column":2},"end":{"line":65,"column":73}},"23":{"start":{"line":71,"column":2},"end":{"line":71,"column":65}}},"fnMap":{"0":{"name":"(anonymous_0)","decl":{"start":{"line":8,"column":22},"end":{"line":8,"column":23}},"loc":{"start":{"line":8,"column":35},"end":{"line":14,"column":3}},"line":8},"1":{"name":"registerForPushNotifications","decl":{"start":{"line":17,"column":22},"end":{"line":17,"column":50}},"loc":{"start":{"line":17,"column":91},"end":{"line":60,"column":1}},"line":17},"2":{"name":"addNotificationResponseListener","decl":{"start":{"line":62,"column":16},"end":{"line":62,"column":47}},"loc":{"start":{"line":64,"column":2},"end":{"line":66,"column":1}},"line":64},"3":{"name":"addNotificationReceivedListener","decl":{"start":{"line":68,"column":16},"end":{"line":68,"column":47}},"loc":{"start":{"line":70,"column":2},"end":{"line":72,"column":1}},"line":70}},"branchMap":{"0":{"loc":{"start":{"line":18,"column":2},"end":{"line":21,"column":3}},"type":"if","locations":[{"start":{"line":18,"column":2},"end":{"line":21,"column":3}},{"start":{},"end":{}}],"line":18},"1":{"loc":{"start":{"line":23,"column":2},"end":{"line":28,"column":3}},"type":"if","locations":[{"start":{"line":23,"column":2},"end":{"line":28,"column":3}},{"start":{},"end":{}}],"line":23},"2":{"loc":{"start":{"line":33,"column":2},"end":{"line":36,"column":3}},"type":"if","locations":[{"start":{"line":33,"column":2},"end":{"line":36,"column":3}},{"start":{},"end":{}}],"line":33},"3":{"loc":{"start":{"line":38,"column":2},"end":{"line":41,"column":3}},"type":"if","locations":[{"start":{"line":38,"column":2},"end":{"line":41,"column":3}},{"start":{},"end":{}}],"line":38},"4":{"loc":{"start":{"line":44,"column":2},"end":{"line":47,"column":3}},"type":"if","locations":[{"start":{"line":44,"column":2},"end":{"line":47,"column":3}},{"start":{},"end":{}}],"line":44}},"s":{"0":0,"1":0,"2":0,"3":0,"4":0,"5":0,"6":0,"7":0,"8":0,"9":0,"10":0,"11":0,"12":0,"13":0,"14":0,"15":0,"16":0,"17":0,"18":0,"19":0,"20":0,"21":0,"22":0,"23":0},"f":{"0":0,"1":0,"2":0,"3":0},"b":{"0":[0,0],"1":[0,0],"2":[0,0],"3":[0,0],"4":[0,0]}}
,"/Users/jackdoyle/Desktop/timecapsule-diary/src/lib/storage.ts": {"path":"/Users/jackdoyle/Desktop/timecapsule-diary/src/lib/storage.ts","statementMap":{"0":{"start":{"line":5,"column":15},"end":{"line":5,"column":28}},"1":{"start":{"line":6,"column":24},"end":{"line":6,"column":28}},"2":{"start":{"line":7,"column":21},"end":{"line":7,"column":24}},"3":{"start":{"line":10,"column":17},"end":{"line":14,"column":3}},"4":{"start":{"line":15,"column":2},"end":{"line":15,"column":20}},"5":{"start":{"line":25,"column":22},"end":{"line":25,"column":56}},"6":{"start":{"line":27,"column":15},"end":{"line":27,"column":33}},"7":{"start":{"line":28,"column":2},"end":{"line":28,"column":59}},"8":{"start":{"line":28,"column":20},"end":{"line":28,"column":59}},"9":{"start":{"line":30,"column":16},"end":{"line":30,"column":34}},"10":{"start":{"line":32,"column":20},"end":{"line":35,"column":4}},"11":{"start":{"line":37,"column":2},"end":{"line":37,"column":25}},"12":{"start":{"line":37,"column":13},"end":{"line":37,"column":25}},"13":{"start":{"line":39,"column":2},"end":{"line":39,"column":21}},"14":{"start":{"line":43,"column":19},"end":{"line":43,"column":74}},"15":{"start":{"line":44,"column":2},"end":{"line":44,"column":24}},"16":{"start":{"line":48,"column":26},"end":{"line":50,"column":44}},"17":{"start":{"line":52,"column":2},"end":{"line":52,"column":25}},"18":{"start":{"line":52,"column":13},"end":{"line":52,"column":25}},"19":{"start":{"line":53,"column":2},"end":{"line":53,"column":24}},"20":{"start":{"line":57,"column":20},"end":{"line":57,"column":77}},"21":{"start":{"line":58,"column":2},"end":{"line":58,"column":25}},"22":{"start":{"line":58,"column":13},"end":{"line":58,"column":25}}},"fnMap":{"0":{"name":"compressImage","decl":{"start":{"line":9,"column":22},"end":{"line":9,"column":35}},"loc":{"start":{"line":9,"column":66},"end":{"line":16,"column":1}},"line":9},"1":{"name":"uploadMedia","decl":{"start":{"line":18,"column":22},"end":{"line":18,"column":33}},"loc":{"start":{"line":24,"column":19},"end":{"line":40,"column":1}},"line":24},"2":{"name":"getMediaUrl","decl":{"start":{"line":42,"column":16},"end":{"line":42,"column":27}},"loc":{"start":{"line":42,"column":57},"end":{"line":45,"column":1}},"line":42},"3":{"name":"getSignedUrl","decl":{"start":{"line":47,"column":22},"end":{"line":47,"column":34}},"loc":{"start":{"line":47,"column":91},"end":{"line":54,"column":1}},"line":47},"4":{"name":"deleteMedia","decl":{"start":{"line":56,"column":22},"end":{"line":56,"column":33}},"loc":{"start":{"line":56,"column":70},"end":{"line":59,"column":1}},"line":56}},"branchMap":{"0":{"loc":{"start":{"line":28,"column":2},"end":{"line":28,"column":59}},"type":"if","locations":[{"start":{"line":28,"column":2},"end":{"line":28,"column":59}},{"start":{},"end":{}}],"line":28},"1":{"loc":{"start":{"line":37,"column":2},"end":{"line":37,"column":25}},"type":"if","locations":[{"start":{"line":37,"column":2},"end":{"line":37,"column":25}},{"start":{},"end":{}}],"line":37},"2":{"loc":{"start":{"line":47,"column":56},"end":{"line":47,"column":72}},"type":"default-arg","locations":[{"start":{"line":47,"column":68},"end":{"line":47,"column":72}}],"line":47},"3":{"loc":{"start":{"line":52,"column":2},"end":{"line":52,"column":25}},"type":"if","locations":[{"start":{"line":52,"column":2},"end":{"line":52,"column":25}},{"start":{},"end":{}}],"line":52},"4":{"loc":{"start":{"line":58,"column":2},"end":{"line":58,"column":25}},"type":"if","locations":[{"start":{"line":58,"column":2},"end":{"line":58,"column":25}},{"start":{},"end":{}}],"line":58}},"s":{"0":0,"1":0,"2":0,"3":0,"4":0,"5":0,"6":0,"7":0,"8":0,"9":0,"10":0,"11":0,"12":0,"13":0,"14":0,"15":0,"16":0,"17":0,"18":0,"19":0,"20":0,"21":0,"22":0},"f":{"0":0,"1":0,"2":0,"3":0,"4":0},"b":{"0":[0,0],"1":[0,0],"2":[0],"3":[0,0],"4":[0,0]}}
,"/Users/jackdoyle/Desktop/timecapsule-diary/src/lib/supabase.ts": {"path":"/Users/jackdoyle/Desktop/timecapsule-diary/src/lib/supabase.ts","statementMap":{"0":{"start":{"line":10,"column":27},"end":{"line":10,"column":31}},"1":{"start":{"line":12,"column":32},"end":{"line":39,"column":1}},"2":{"start":{"line":14,"column":18},"end":{"line":14,"column":53}},"3":{"start":{"line":15,"column":4},"end":{"line":15,"column":28}},"4":{"start":{"line":15,"column":15},"end":{"line":15,"column":28}},"5":{"start":{"line":17,"column":4},"end":{"line":17,"column":37}},"6":{"start":{"line":20,"column":4},"end":{"line":31,"column":5}},"7":{"start":{"line":21,"column":6},"end":{"line":21,"column":49}},"8":{"start":{"line":23,"column":6},"end":{"line":23,"column":41}},"9":{"start":{"line":26,"column":6},"end":{"line":26,"column":45}},"10":{"start":{"line":28,"column":6},"end":{"line":30,"column":16}},"11":{"start":{"line":29,"column":8},"end":{"line":29,"column":47}},"12":{"start":{"line":34,"column":4},"end":{"line":36,"column":14}},"13":{"start":{"line":35,"column":6},"end":{"line":35,"column":45}},"14":{"start":{"line":37,"column":4},"end":{"line":37,"column":39}},"15":{"start":{"line":41,"column":20},"end":{"line":41,"column":62}},"16":{"start":{"line":42,"column":24},"end":{"line":42,"column":71}},"17":{"start":{"line":44,"column":0},"end":{"line":48,"column":1}},"18":{"start":{"line":45,"column":2},"end":{"line":47,"column":4}},"19":{"start":{"line":50,"column":24},"end":{"line":57,"column":2}}},"fnMap":{"0":{"name":"(anonymous_0)","decl":{"start":{"line":13,"column":11},"end":{"line":13,"column":12}},"loc":{"start":{"line":13,"column":58},"end":{"line":18,"column":3}},"line":13},"1":{"name":"(anonymous_1)","decl":{"start":{"line":19,"column":11},"end":{"line":19,"column":12}},"loc":{"start":{"line":19,"column":64},"end":{"line":32,"column":3}},"line":19},"2":{"name":"(anonymous_2)","decl":{"start":{"line":33,"column":14},"end":{"line":33,"column":15}},"loc":{"start":{"line":33,"column":52},"end":{"line":38,"column":3}},"line":33}},"branchMap":{"0":{"loc":{"start":{"line":15,"column":4},"end":{"line":15,"column":28}},"type":"if","locations":[{"start":{"line":15,"column":4},"end":{"line":15,"column":28}},{"start":{},"end":{}}],"line":15},"1":{"loc":{"start":{"line":20,"column":4},"end":{"line":31,"column":5}},"type":"if","locations":[{"start":{"line":20,"column":4},"end":{"line":31,"column":5}},{"start":{"line":24,"column":11},"end":{"line":31,"column":5}}],"line":20},"2":{"loc":{"start":{"line":41,"column":20},"end":{"line":41,"column":62}},"type":"binary-expr","locations":[{"start":{"line":41,"column":20},"end":{"line":41,"column":56}},{"start":{"line":41,"column":60},"end":{"line":41,"column":62}}],"line":41},"3":{"loc":{"start":{"line":42,"column":24},"end":{"line":42,"column":71}},"type":"binary-expr","locations":[{"start":{"line":42,"column":24},"end":{"line":42,"column":65}},{"start":{"line":42,"column":69},"end":{"line":42,"column":71}}],"line":42},"4":{"loc":{"start":{"line":44,"column":0},"end":{"line":48,"column":1}},"type":"if","locations":[{"start":{"line":44,"column":0},"end":{"line":48,"column":1}},{"start":{},"end":{}}],"line":44},"5":{"loc":{"start":{"line":44,"column":4},"end":{"line":44,"column":36}},"type":"binary-expr","locations":[{"start":{"line":44,"column":4},"end":{"line":44,"column":16}},{"start":{"line":44,"column":20},"end":{"line":44,"column":36}}],"line":44}},"s":{"0":0,"1":0,"2":0,"3":0,"4":0,"5":0,"6":0,"7":0,"8":0,"9":0,"10":0,"11":0,"12":0,"13":0,"14":0,"15":0,"16":0,"17":0,"18":0,"19":0},"f":{"0":0,"1":0,"2":0},"b":{"0":[0,0],"1":[0,0],"2":[0,0],"3":[0,0],"4":[0,0],"5":[0,0]}}
,"/Users/jackdoyle/Desktop/timecapsule-diary/src/providers/AuthProvider.tsx": {"path":"/Users/jackdoyle/Desktop/timecapsule-diary/src/providers/AuthProvider.tsx","statementMap":{"0":{"start":{"line":14,"column":20},"end":{"line":20,"column":2}},"1":{"start":{"line":23,"column":32},"end":{"line":23,"column":62}},"2":{"start":{"line":24,"column":32},"end":{"line":24,"column":62}},"3":{"start":{"line":25,"column":32},"end":{"line":25,"column":46}},"4":{"start":{"line":27,"column":23},"end":{"line":43,"column":3}},"5":{"start":{"line":28,"column":21},"end":{"line":28,"column":90}},"6":{"start":{"line":30,"column":4},"end":{"line":42,"column":5}},"7":{"start":{"line":31,"column":6},"end":{"line":31,"column":23}},"8":{"start":{"line":35,"column":26},"end":{"line":35,"column":81}},"9":{"start":{"line":36,"column":35},"end":{"line":40,"column":17}},"10":{"start":{"line":41,"column":6},"end":{"line":41,"column":29}},"11":{"start":{"line":45,"column":25},"end":{"line":49,"column":3}},"12":{"start":{"line":46,"column":4},"end":{"line":48,"column":5}},"13":{"start":{"line":47,"column":6},"end":{"line":47,"column":42}},"14":{"start":{"line":51,"column":2},"end":{"line":72,"column":9}},"15":{"start":{"line":52,"column":4},"end":{"line":58,"column":7}},"16":{"start":{"line":53,"column":6},"end":{"line":53,"column":20}},"17":{"start":{"line":54,"column":6},"end":{"line":56,"column":7}},"18":{"start":{"line":55,"column":8},"end":{"line":55,"column":54}},"19":{"start":{"line":57,"column":6},"end":{"line":57,"column":24}},"20":{"start":{"line":62,"column":8},"end":{"line":69,"column":6}},"21":{"start":{"line":63,"column":6},"end":{"line":63,"column":20}},"22":{"start":{"line":64,"column":6},"end":{"line":68,"column":7}},"23":{"start":{"line":65,"column":8},"end":{"line":65,"column":54}},"24":{"start":{"line":67,"column":8},"end":{"line":67,"column":25}},"25":{"start":{"line":71,"column":4},"end":{"line":71,"column":44}},"26":{"start":{"line":71,"column":17},"end":{"line":71,"column":43}},"27":{"start":{"line":74,"column":2},"end":{"line":86,"column":4}},"28":{"start":{"line":90,"column":18},"end":{"line":90,"column":41}},"29":{"start":{"line":91,"column":2},"end":{"line":93,"column":3}},"30":{"start":{"line":92,"column":4},"end":{"line":92,"column":67}},"31":{"start":{"line":94,"column":2},"end":{"line":94,"column":17}}},"fnMap":{"0":{"name":"(anonymous_0)","decl":{"start":{"line":19,"column":18},"end":{"line":19,"column":19}},"loc":{"start":{"line":19,"column":30},"end":{"line":19,"column":32}},"line":19},"1":{"name":"AuthProvider","decl":{"start":{"line":22,"column":16},"end":{"line":22,"column":28}},"loc":{"start":{"line":22,"column":74},"end":{"line":87,"column":1}},"line":22},"2":{"name":"(anonymous_2)","decl":{"start":{"line":27,"column":23},"end":{"line":27,"column":24}},"loc":{"start":{"line":27,"column":81},"end":{"line":43,"column":3}},"line":27},"3":{"name":"(anonymous_3)","decl":{"start":{"line":45,"column":25},"end":{"line":45,"column":26}},"loc":{"start":{"line":45,"column":37},"end":{"line":49,"column":3}},"line":45},"4":{"name":"(anonymous_4)","decl":{"start":{"line":51,"column":12},"end":{"line":51,"column":13}},"loc":{"start":{"line":51,"column":18},"end":{"line":72,"column":3}},"line":51},"5":{"name":"(anonymous_5)","decl":{"start":{"line":52,"column":36},"end":{"line":52,"column":37}},"loc":{"start":{"line":52,"column":66},"end":{"line":58,"column":5}},"line":52},"6":{"name":"(anonymous_6)","decl":{"start":{"line":62,"column":40},"end":{"line":62,"column":41}},"loc":{"start":{"line":62,"column":55},"end":{"line":69,"column":5}},"line":62},"7":{"name":"(anonymous_7)","decl":{"start":{"line":71,"column":11},"end":{"line":71,"column":12}},"loc":{"start":{"line":71,"column":17},"end":{"line":71,"column":43}},"line":71},"8":{"name":"useAuth","decl":{"start":{"line":89,"column":16},"end":{"line":89,"column":23}},"loc":{"start":{"line":89,"column":26},"end":{"line":95,"column":1}},"line":89}},"branchMap":{"0":{"loc":{"start":{"line":30,"column":4},"end":{"line":42,"column":5}},"type":"if","locations":[{"start":{"line":30,"column":4},"end":{"line":42,"column":5}},{"start":{"line":32,"column":11},"end":{"line":42,"column":5}}],"line":30},"1":{"loc":{"start":{"line":35,"column":26},"end":{"line":35,"column":81}},"type":"binary-expr","locations":[{"start":{"line":35,"column":26},"end":{"line":35,"column":48}},{"start":{"line":35,"column":52},"end":{"line":35,"column":71}},{"start":{"line":35,"column":75},"end":{"line":35,"column":81}}],"line":35},"2":{"loc":{"start":{"line":46,"column":4},"end":{"line":48,"column":5}},"type":"if","locations":[{"start":{"line":46,"column":4},"end":{"line":48,"column":5}},{"start":{},"end":{}}],"line":46},"3":{"loc":{"start":{"line":54,"column":6},"end":{"line":56,"column":7}},"type":"if","locations":[{"start":{"line":54,"column":6},"end":{"line":56,"column":7}},{"start":{},"end":{}}],"line":54},"4":{"loc":{"start":{"line":64,"column":6},"end":{"line":68,"column":7}},"type":"if","locations":[{"start":{"line":64,"column":6},"end":{"line":68,"column":7}},{"start":{"line":66,"column":13},"end":{"line":68,"column":7}}],"line":64},"5":{"loc":{"start":{"line":78,"column":14},"end":{"line":78,"column":35}},"type":"binary-expr","locations":[{"start":{"line":78,"column":14},"end":{"line":78,"column":27}},{"start":{"line":78,"column":31},"end":{"line":78,"column":35}}],"line":78},"6":{"loc":{"start":{"line":91,"column":2},"end":{"line":93,"column":3}},"type":"if","locations":[{"start":{"line":91,"column":2},"end":{"line":93,"column":3}},{"start":{},"end":{}}],"line":91}},"s":{"0":0,"1":0,"2":0,"3":0,"4":0,"5":0,"6":0,"7":0,"8":0,"9":0,"10":0,"11":0,"12":0,"13":0,"14":0,"15":0,"16":0,"17":0,"18":0,"19":0,"20":0,"21":0,"22":0,"23":0,"24":0,"25":0,"26":0,"27":0,"28":0,"29":0,"30":0,"31":0},"f":{"0":0,"1":0,"2":0,"3":0,"4":0,"5":0,"6":0,"7":0,"8":0},"b":{"0":[0,0],"1":[0,0,0],"2":[0,0],"3":[0,0],"4":[0,0],"5":[0,0],"6":[0,0]}}
,"/Users/jackdoyle/Desktop/timecapsule-diary/src/types/database.ts": {"path":"/Users/jackdoyle/Desktop/timecapsule-diary/src/types/database.ts","statementMap":{},"fnMap":{},"branchMap":{},"s":{},"f":{},"b":{}}
}
