TN:
SF:app/+not-found.tsx
FN:4,NotFoundScreen
FNF:1
FNH:0
FNDA:0,NotFoundScreen
DA:5,0
DA:18,0
LF:2
LH:0
BRF:0
BRH:0
end_of_record
TN:
SF:app/_layout.tsx
FN:14,useProtectedRoute
FN:19,(anonymous_1)
FN:32,RootLayoutNav
FN:39,(anonymous_3)
FN:65,RootLayout
FNF:5
FNH:0
FNDA:0,useProtectedRoute
FNDA:0,(anonymous_1)
FNDA:0,RootLayoutNav
FNDA:0,(anonymous_3)
FNDA:0,RootLayout
DA:12,0
DA:15,0
DA:16,0
DA:17,0
DA:19,0
DA:20,0
DA:22,0
DA:24,0
DA:25,0
DA:26,0
DA:27,0
DA:33,0
DA:34,0
DA:35,0
DA:37,0
DA:39,0
DA:40,0
DA:41,0
DA:45,0
DA:47,0
DA:66,0
LF:21
LH:0
BRDA:20,0,0,0
BRDA:20,0,1,0
BRDA:24,1,0,0
BRDA:24,1,1,0
BRDA:24,2,0,0
BRDA:24,2,1,0
BRDA:26,3,0,0
BRDA:26,3,1,0
BRDA:26,4,0,0
BRDA:26,4,1,0
BRDA:35,5,0,0
BRDA:35,5,1,0
BRDA:40,6,0,0
BRDA:40,6,1,0
BRDA:45,7,0,0
BRDA:45,7,1,0
BRDA:49,8,0,0
BRDA:49,8,1,0
BRF:18
BRH:0
end_of_record
TN:
SF:app/(auth)/_layout.tsx
FN:3,AuthLayout
FNF:1
FNH:0
FNDA:0,AuthLayout
DA:4,0
LF:1
LH:0
BRF:0
BRH:0
end_of_record
TN:
SF:app/(auth)/sign-in.tsx
FN:17,SignInScreen
FN:24,(anonymous_1)
FNF:2
FNH:0
FNDA:0,SignInScreen
FNDA:0,(anonymous_1)
DA:18,0
DA:19,0
DA:20,0
DA:21,0
DA:22,0
DA:24,0
DA:25,0
DA:26,0
DA:27,0
DA:30,0
DA:31,0
DA:32,0
DA:34,0
DA:36,0
DA:40,0
DA:109,0
LF:16
LH:0
BRDA:22,0,0,0
BRDA:22,0,1,0
BRDA:25,1,0,0
BRDA:25,1,1,0
BRDA:25,2,0,0
BRDA:25,2,1,0
BRDA:43,3,0,0
BRDA:43,3,1,0
BRDA:92,4,0,0
BRDA:92,4,1,0
BRF:10
BRH:0
end_of_record
TN:
SF:app/(auth)/sign-up.tsx
FN:17,SignUpScreen
FN:25,(anonymous_1)
FNF:2
FNH:0
FNDA:0,SignUpScreen
FNDA:0,(anonymous_1)
DA:18,0
DA:19,0
DA:20,0
DA:21,0
DA:22,0
DA:23,0
DA:25,0
DA:26,0
DA:27,0
DA:28,0
DA:31,0
DA:32,0
DA:33,0
DA:36,0
DA:37,0
DA:38,0
DA:39,0
DA:42,0
DA:45,0
DA:47,0
DA:51,0
DA:134,0
LF:22
LH:0
BRDA:23,0,0,0
BRDA:23,0,1,0
BRDA:26,1,0,0
BRDA:26,1,1,0
BRDA:26,2,0,0
BRDA:26,2,1,0
BRDA:26,2,2,0
BRDA:31,3,0,0
BRDA:31,3,1,0
BRDA:39,4,0,0
BRDA:39,4,1,0
BRDA:54,5,0,0
BRDA:54,5,1,0
BRDA:118,6,0,0
BRDA:118,6,1,0
BRF:15
BRH:0
end_of_record
TN:
SF:app/(tabs)/_layout.tsx
FN:7,TabBarIcon
FN:14,TabLayout
FN:37,(anonymous_2)
FN:45,(anonymous_3)
FN:53,(anonymous_4)
FN:61,(anonymous_5)
FNF:6
FNH:0
FNDA:0,TabBarIcon
FNDA:0,TabLayout
FNDA:0,(anonymous_2)
FNDA:0,(anonymous_3)
FNDA:0,(anonymous_4)
FNDA:0,(anonymous_5)
DA:11,0
DA:15,0
DA:16,0
DA:18,0
DA:37,0
DA:45,0
DA:53,0
DA:61,0
LF:8
LH:0
BRDA:16,0,0,0
BRDA:16,0,1,0
BRF:2
BRH:0
end_of_record
TN:
SF:app/(tabs)/index.tsx
FN:18,HomeScreen
FN:27,(anonymous_1)
FN:31,(anonymous_2)
FN:37,(anonymous_3)
FN:38,(anonymous_4)
FN:61,(anonymous_5)
FN:105,(anonymous_6)
FN:151,(anonymous_7)
FNF:8
FNH:0
FNDA:0,HomeScreen
FNDA:0,(anonymous_1)
FNDA:0,(anonymous_2)
FNDA:0,(anonymous_3)
FNDA:0,(anonymous_4)
FNDA:0,(anonymous_5)
FNDA:0,(anonymous_6)
FNDA:0,(anonymous_7)
DA:19,0
DA:20,0
DA:21,0
DA:22,0
DA:23,0
DA:24,0
DA:25,0
DA:27,0
DA:28,0
DA:29,0
DA:32,0
DA:37,0
DA:38,0
DA:40,0
DA:41,0
DA:48,0
DA:49,0
DA:61,0
DA:70,0
DA:105,0
DA:151,0
DA:160,0
LF:22
LH:0
BRDA:25,0,0,0
BRDA:25,0,1,0
BRDA:28,1,0,0
BRDA:28,1,1,0
BRDA:32,2,0,0
BRDA:32,2,1,0
BRDA:40,3,0,0
BRDA:40,3,1,0
BRDA:48,4,0,0
BRDA:48,4,1,0
BRDA:80,5,0,0
BRDA:80,5,1,0
BRDA:88,6,0,0
BRDA:88,6,1,0
BRDA:95,7,0,0
BRDA:95,7,1,0
BRDA:102,8,0,0
BRDA:102,8,1,0
BRDA:132,9,0,0
BRDA:132,9,1,0
BRDA:138,10,0,0
BRDA:138,10,1,0
BRDA:140,11,0,0
BRDA:140,11,1,0
BRF:24
BRH:0
end_of_record
TN:
SF:app/(tabs)/entries/[id].tsx
FN:27,EntryDetailScreen
FN:43,(anonymous_1)
FN:47,(anonymous_2)
FN:63,(anonymous_3)
FN:72,(anonymous_4)
FN:87,(anonymous_5)
FN:94,(anonymous_6)
FN:104,(anonymous_7)
FN:143,(anonymous_8)
FN:149,(anonymous_9)
FN:163,(anonymous_10)
FN:165,(anonymous_11)
FN:182,(anonymous_12)
FN:188,(anonymous_13)
FN:200,(anonymous_14)
FN:278,(anonymous_15)
FN:284,(anonymous_16)
FN:306,(anonymous_17)
FN:332,(anonymous_18)
FN:362,(anonymous_19)
FNF:20
FNH:0
FNDA:0,EntryDetailScreen
FNDA:0,(anonymous_1)
FNDA:0,(anonymous_2)
FNDA:0,(anonymous_3)
FNDA:0,(anonymous_4)
FNDA:0,(anonymous_5)
FNDA:0,(anonymous_6)
FNDA:0,(anonymous_7)
FNDA:0,(anonymous_8)
FNDA:0,(anonymous_9)
FNDA:0,(anonymous_10)
FNDA:0,(anonymous_11)
FNDA:0,(anonymous_12)
FNDA:0,(anonymous_13)
FNDA:0,(anonymous_14)
FNDA:0,(anonymous_15)
FNDA:0,(anonymous_16)
FNDA:0,(anonymous_17)
FNDA:0,(anonymous_18)
FNDA:0,(anonymous_19)
DA:28,0
DA:29,0
DA:30,0
DA:31,0
DA:32,0
DA:33,0
DA:34,0
DA:36,0
DA:37,0
DA:38,0
DA:39,0
DA:40,0
DA:41,0
DA:43,0
DA:44,0
DA:47,0
DA:48,0
DA:50,0
DA:51,0
DA:52,0
DA:53,0
DA:56,0
DA:57,0
DA:58,0
DA:59,0
DA:60,0
DA:63,0
DA:64,0
DA:70,0
DA:71,0
DA:73,0
DA:74,0
DA:75,0
DA:77,0
DA:81,0
DA:83,0
DA:87,0
DA:88,0
DA:89,0
DA:95,0
DA:96,0
DA:100,0
DA:104,0
DA:105,0
DA:106,0
DA:112,0
DA:113,0
DA:114,0
DA:115,0
DA:116,0
DA:118,0
DA:120,0
DA:122,0
DA:123,0
DA:124,0
DA:125,0
DA:126,0
DA:127,0
DA:128,0
DA:137,0
DA:139,0
DA:143,0
DA:144,0
DA:150,0
DA:151,0
DA:152,0
DA:153,0
DA:155,0
DA:162,0
DA:163,0
DA:165,0
DA:166,0
DA:168,0
DA:169,0
DA:175,0
DA:176,0
DA:178,0
DA:182,0
DA:183,0
DA:189,0
DA:190,0
DA:191,0
DA:193,0
DA:200,0
DA:201,0
DA:202,0
DA:203,0
DA:204,0
DA:206,0
DA:210,0
DA:211,0
DA:218,0
DA:279,0
DA:284,0
DA:307,0
DA:308,0
DA:309,0
DA:333,0
DA:362,0
DA:382,0
LF:100
LH:0
BRDA:34,0,0,0
BRDA:34,0,1,0
BRDA:50,1,0,0
BRDA:50,1,1,0
BRDA:70,2,0,0
BRDA:70,2,1,0
BRDA:70,3,0,0
BRDA:70,3,1,0
BRDA:88,4,0,0
BRDA:88,4,1,0
BRDA:95,5,0,0
BRDA:95,5,1,0
BRDA:96,6,0,0
BRDA:96,6,1,0
BRDA:105,7,0,0
BRDA:105,7,1,0
BRDA:105,8,0,0
BRDA:105,8,1,0
BRDA:112,9,0,0
BRDA:112,9,1,0
BRDA:114,10,0,0
BRDA:114,10,1,0
BRDA:122,11,0,0
BRDA:122,11,1,0
BRDA:122,12,0,0
BRDA:122,12,1,0
BRDA:139,13,0,0
BRDA:139,13,1,0
BRDA:166,14,0,0
BRDA:166,14,1,0
BRDA:173,15,0,0
BRDA:173,15,1,0
BRDA:201,16,0,0
BRDA:201,16,1,0
BRDA:210,17,0,0
BRDA:210,17,1,0
BRDA:210,18,0,0
BRDA:210,18,1,0
BRDA:228,19,0,0
BRDA:228,19,1,0
BRDA:233,20,0,0
BRDA:233,20,1,0
BRDA:241,21,0,0
BRDA:241,21,1,0
BRDA:251,22,0,0
BRDA:251,22,1,0
BRDA:271,23,0,0
BRDA:271,23,1,0
BRDA:280,24,0,0
BRDA:280,24,1,0
BRDA:281,25,0,0
BRDA:281,25,1,0
BRDA:325,26,0,0
BRDA:325,26,1,0
BRDA:330,27,0,0
BRDA:330,27,1,0
BRDA:333,28,0,0
BRDA:333,28,1,0
BRDA:346,29,0,0
BRDA:346,29,1,0
BRDA:350,30,0,0
BRDA:350,30,1,0
BRDA:352,31,0,0
BRDA:352,31,1,0
BRF:64
BRH:0
end_of_record
TN:
SF:app/(tabs)/entries/_layout.tsx
FN:5,EntriesLayout
FNF:1
FNH:0
FNDA:0,EntriesLayout
DA:6,0
DA:7,0
DA:9,0
LF:3
LH:0
BRDA:7,0,0,0
BRDA:7,0,1,0
BRF:2
BRH:0
end_of_record
TN:
SF:app/(tabs)/entries/index.tsx
FN:12,EntryCard
FN:14,(anonymous_1)
FN:19,(anonymous_2)
FN:62,EntriesListScreen
FN:73,(anonymous_4)
FN:92,(anonymous_5)
FN:93,(anonymous_6)
FN:110,(anonymous_7)
FNF:8
FNH:0
FNDA:0,EntryCard
FNDA:0,(anonymous_1)
FNDA:0,(anonymous_2)
FNDA:0,EntriesListScreen
FNDA:0,(anonymous_4)
FNDA:0,(anonymous_5)
FNDA:0,(anonymous_6)
FNDA:0,(anonymous_7)
DA:13,0
DA:14,0
DA:16,0
DA:19,0
DA:63,0
DA:64,0
DA:65,0
DA:66,0
DA:67,0
DA:69,0
DA:72,0
DA:74,0
DA:78,0
DA:79,0
DA:88,0
DA:92,0
DA:93,0
DA:110,0
DA:118,0
LF:19
LH:0
BRDA:23,0,0,0
BRDA:23,0,1,0
BRDA:28,1,0,0
BRDA:28,1,1,0
BRDA:36,2,0,0
BRDA:36,2,1,0
BRDA:39,3,0,0
BRDA:39,3,1,0
BRDA:47,4,0,0
BRDA:47,4,1,0
BRDA:49,5,0,0
BRDA:49,5,1,0
BRDA:67,6,0,0
BRDA:67,6,1,0
BRDA:69,7,0,0
BRDA:69,7,1,0
BRDA:74,8,0,0
BRDA:74,8,1,0
BRDA:78,9,0,0
BRDA:78,9,1,0
BRF:20
BRH:0
end_of_record
TN:
SF:app/(tabs)/entries/new.tsx
FN:42,NewEntryScreen
FN:70,(anonymous_1)
FN:71,(anonymous_2)
FN:87,(anonymous_3)
FN:89,(anonymous_4)
FN:105,(anonymous_5)
FN:111,(anonymous_6)
FN:117,(anonymous_7)
FN:131,(anonymous_8)
FN:141,(anonymous_9)
FN:143,(anonymous_10)
FN:151,(anonymous_11)
FN:218,(anonymous_12)
FN:226,(anonymous_13)
FN:232,(anonymous_14)
FN:241,(anonymous_15)
FN:254,(anonymous_16)
FN:277,(anonymous_17)
FN:287,(anonymous_18)
FN:294,(anonymous_19)
FN:307,(anonymous_20)
FN:327,(anonymous_21)
FN:354,(anonymous_22)
FN:383,(anonymous_23)
FN:393,(anonymous_24)
FN:416,(anonymous_25)
FN:435,(anonymous_26)
FN:440,(anonymous_27)
FN:440,(anonymous_28)
FN:440,(anonymous_29)
FN:480,(anonymous_30)
FN:489,(anonymous_31)
FN:502,(anonymous_32)
FN:506,(anonymous_33)
FN:551,(anonymous_34)
FN:553,(anonymous_35)
FN:559,(anonymous_36)
FNF:37
FNH:0
FNDA:0,NewEntryScreen
FNDA:0,(anonymous_1)
FNDA:0,(anonymous_2)
FNDA:0,(anonymous_3)
FNDA:0,(anonymous_4)
FNDA:0,(anonymous_5)
FNDA:0,(anonymous_6)
FNDA:0,(anonymous_7)
FNDA:0,(anonymous_8)
FNDA:0,(anonymous_9)
FNDA:0,(anonymous_10)
FNDA:0,(anonymous_11)
FNDA:0,(anonymous_12)
FNDA:0,(anonymous_13)
FNDA:0,(anonymous_14)
FNDA:0,(anonymous_15)
FNDA:0,(anonymous_16)
FNDA:0,(anonymous_17)
FNDA:0,(anonymous_18)
FNDA:0,(anonymous_19)
FNDA:0,(anonymous_20)
FNDA:0,(anonymous_21)
FNDA:0,(anonymous_22)
FNDA:0,(anonymous_23)
FNDA:0,(anonymous_24)
FNDA:0,(anonymous_25)
FNDA:0,(anonymous_26)
FNDA:0,(anonymous_27)
FNDA:0,(anonymous_28)
FNDA:0,(anonymous_29)
FNDA:0,(anonymous_30)
FNDA:0,(anonymous_31)
FNDA:0,(anonymous_32)
FNDA:0,(anonymous_33)
FNDA:0,(anonymous_34)
FNDA:0,(anonymous_35)
FNDA:0,(anonymous_36)
DA:40,0
DA:43,0
DA:44,0
DA:45,0
DA:46,0
DA:47,0
DA:48,0
DA:49,0
DA:51,0
DA:52,0
DA:53,0
DA:54,0
DA:55,0
DA:56,0
DA:57,0
DA:58,0
DA:59,0
DA:60,0
DA:61,0
DA:62,0
DA:63,0
DA:64,0
DA:65,0
DA:66,0
DA:67,0
DA:70,0
DA:71,0
DA:72,0
DA:73,0
DA:74,0
DA:75,0
DA:76,0
DA:77,0
DA:78,0
DA:79,0
DA:80,0
DA:81,0
DA:87,0
DA:88,0
DA:89,0
DA:90,0
DA:91,0
DA:105,0
DA:108,0
DA:111,0
DA:112,0
DA:117,0
DA:118,0
DA:119,0
DA:120,0
DA:121,0
DA:123,0
DA:132,0
DA:133,0
DA:141,0
DA:142,0
DA:144,0
DA:151,0
DA:152,0
DA:153,0
DA:154,0
DA:157,0
DA:158,0
DA:159,0
DA:162,0
DA:163,0
DA:164,0
DA:178,0
DA:181,0
DA:182,0
DA:183,0
DA:184,0
DA:185,0
DA:186,0
DA:193,0
DA:203,0
DA:208,0
DA:209,0
DA:210,0
DA:212,0
DA:214,0
DA:218,0
DA:219,0
DA:220,0
DA:221,0
DA:222,0
DA:226,0
DA:227,0
DA:228,0
DA:229,0
DA:232,0
DA:233,0
DA:236,0
DA:237,0
DA:238,0
DA:239,0
DA:241,0
DA:242,0
DA:243,0
DA:244,0
DA:245,0
DA:249,0
DA:254,0
DA:255,0
DA:256,0
DA:258,0
DA:259,0
DA:260,0
DA:261,0
DA:262,0
DA:263,0
DA:267,0
DA:269,0
DA:271,0
DA:273,0
DA:277,0
DA:279,0
DA:280,0
DA:281,0
DA:282,0
DA:283,0
DA:284,0
DA:287,0
DA:288,0
DA:289,0
DA:295,0
DA:296,0
DA:297,0
DA:298,0
DA:303,0
DA:307,0
DA:308,0
DA:315,0
DA:316,0
DA:317,0
DA:318,0
DA:319,0
DA:321,0
DA:323,0
DA:326,0
DA:327,0
DA:331,0
DA:354,0
DA:384,0
DA:393,0
DA:417,0
DA:418,0
DA:419,0
DA:436,0
DA:440,0
DA:480,0
DA:489,0
DA:502,0
DA:506,0
DA:551,0
DA:554,0
DA:559,0
DA:599,0
LF:158
LH:0
BRDA:49,0,0,0
BRDA:49,0,1,0
BRDA:72,1,0,0
BRDA:72,1,1,0
BRDA:75,2,0,0
BRDA:75,2,1,0
BRDA:76,3,0,0
BRDA:76,3,1,0
BRDA:77,4,0,0
BRDA:77,4,1,0
BRDA:78,5,0,0
BRDA:78,5,1,0
BRDA:79,6,0,0
BRDA:79,6,1,0
BRDA:80,7,0,0
BRDA:80,7,1,0
BRDA:81,8,0,0
BRDA:81,8,1,0
BRDA:88,9,0,0
BRDA:88,9,1,0
BRDA:90,10,0,0
BRDA:90,10,1,0
BRDA:90,11,0,0
BRDA:90,11,1,0
BRDA:108,12,0,0
BRDA:108,12,1,0
BRDA:108,12,2,0
BRDA:118,13,0,0
BRDA:118,13,1,0
BRDA:118,14,0,0
BRDA:118,14,1,0
BRDA:152,15,0,0
BRDA:152,15,1,0
BRDA:157,16,0,0
BRDA:157,16,1,0
BRDA:157,17,0,0
BRDA:157,17,1,0
BRDA:157,17,2,0
BRDA:169,18,0,0
BRDA:169,18,1,0
BRDA:181,19,0,0
BRDA:181,19,1,0
BRDA:181,20,0,0
BRDA:181,20,1,0
BRDA:220,21,0,0
BRDA:220,21,1,0
BRDA:236,22,0,0
BRDA:236,22,1,0
BRDA:237,23,0,0
BRDA:237,23,1,0
BRDA:256,24,0,0
BRDA:256,24,1,0
BRDA:261,25,0,0
BRDA:261,25,1,0
BRDA:279,26,0,0
BRDA:279,26,1,0
BRDA:281,27,0,0
BRDA:281,27,1,0
BRDA:288,28,0,0
BRDA:288,28,1,0
BRDA:295,29,0,0
BRDA:295,29,1,0
BRDA:297,30,0,0
BRDA:297,30,1,0
BRDA:315,31,0,0
BRDA:315,31,1,0
BRDA:317,32,0,0
BRDA:317,32,1,0
BRDA:326,33,0,0
BRDA:326,33,1,0
BRDA:326,34,0,0
BRDA:326,34,1,0
BRDA:334,35,0,0
BRDA:334,35,1,0
BRDA:361,36,0,0
BRDA:361,36,1,0
BRDA:366,37,0,0
BRDA:366,37,1,0
BRDA:389,38,0,0
BRDA:389,38,1,0
BRDA:390,39,0,0
BRDA:390,39,1,0
BRDA:393,40,0,0
BRDA:393,40,1,0
BRDA:399,41,0,0
BRDA:399,41,1,0
BRDA:409,42,0,0
BRDA:409,42,1,0
BRDA:428,43,0,0
BRDA:428,43,1,0
BRDA:473,44,0,0
BRDA:473,44,1,0
BRDA:492,45,0,0
BRDA:492,45,1,0
BRDA:535,46,0,0
BRDA:535,46,1,0
BRDA:537,47,0,0
BRDA:537,47,1,0
BRDA:574,48,0,0
BRDA:574,48,1,0
BRDA:586,49,0,0
BRDA:586,49,1,0
BRDA:586,50,0,0
BRDA:586,50,1,0
BRF:104
BRH:0
end_of_record
TN:
SF:app/(tabs)/reveal/_layout.tsx
FN:5,RevealLayout
FNF:1
FNH:0
FNDA:0,RevealLayout
DA:6,0
DA:7,0
DA:9,0
LF:3
LH:0
BRDA:7,0,0,0
BRDA:7,0,1,0
BRF:2
BRH:0
end_of_record
TN:
SF:app/(tabs)/reveal/index.tsx
FN:44,getBookComparison
FN:53,getTimeLabel
FN:61,StatSlide
FN:77,BarComparison
FN:140,RevealScreen
FN:182,(anonymous_5)
FN:189,(anonymous_6)
FN:196,(anonymous_7)
FN:206,(anonymous_8)
FN:219,(anonymous_9)
FN:224,(anonymous_10)
FN:234,(anonymous_11)
FN:247,(anonymous_12)
FN:256,(anonymous_13)
FN:271,(anonymous_14)
FN:281,(anonymous_15)
FN:296,(anonymous_16)
FN:305,(anonymous_17)
FN:347,(anonymous_18)
FN:356,(anonymous_19)
FN:369,(anonymous_20)
FN:374,(anonymous_21)
FN:378,(anonymous_22)
FN:387,(anonymous_23)
FN:394,(anonymous_24)
FN:411,(anonymous_25)
FN:419,(anonymous_26)
FN:426,(anonymous_27)
FN:448,(anonymous_28)
FN:453,(anonymous_29)
FN:457,(anonymous_30)
FN:469,(anonymous_31)
FN:476,(anonymous_32)
FN:517,(anonymous_33)
FN:521,(anonymous_34)
FN:592,(anonymous_35)
FN:705,(anonymous_36)
FN:750,(anonymous_37)
FN:752,(anonymous_38)
FN:754,(anonymous_39)
FN:758,(anonymous_40)
FN:832,(anonymous_41)
FN:836,(anonymous_42)
FN:855,(anonymous_43)
FN:856,(anonymous_44)
FN:1141,(anonymous_45)
FN:1152,(anonymous_46)
FN:1238,(anonymous_47)
FN:1278,(anonymous_48)
FNF:49
FNH:0
FNDA:0,getBookComparison
FNDA:0,getTimeLabel
FNDA:0,StatSlide
FNDA:0,BarComparison
FNDA:0,RevealScreen
FNDA:0,(anonymous_5)
FNDA:0,(anonymous_6)
FNDA:0,(anonymous_7)
FNDA:0,(anonymous_8)
FNDA:0,(anonymous_9)
FNDA:0,(anonymous_10)
FNDA:0,(anonymous_11)
FNDA:0,(anonymous_12)
FNDA:0,(anonymous_13)
FNDA:0,(anonymous_14)
FNDA:0,(anonymous_15)
FNDA:0,(anonymous_16)
FNDA:0,(anonymous_17)
FNDA:0,(anonymous_18)
FNDA:0,(anonymous_19)
FNDA:0,(anonymous_20)
FNDA:0,(anonymous_21)
FNDA:0,(anonymous_22)
FNDA:0,(anonymous_23)
FNDA:0,(anonymous_24)
FNDA:0,(anonymous_25)
FNDA:0,(anonymous_26)
FNDA:0,(anonymous_27)
FNDA:0,(anonymous_28)
FNDA:0,(anonymous_29)
FNDA:0,(anonymous_30)
FNDA:0,(anonymous_31)
FNDA:0,(anonymous_32)
FNDA:0,(anonymous_33)
FNDA:0,(anonymous_34)
FNDA:0,(anonymous_35)
FNDA:0,(anonymous_36)
FNDA:0,(anonymous_37)
FNDA:0,(anonymous_38)
FNDA:0,(anonymous_39)
FNDA:0,(anonymous_40)
FNDA:0,(anonymous_41)
FNDA:0,(anonymous_42)
FNDA:0,(anonymous_43)
FNDA:0,(anonymous_44)
FNDA:0,(anonymous_45)
FNDA:0,(anonymous_46)
FNDA:0,(anonymous_47)
FNDA:0,(anonymous_48)
DA:33,0
DA:36,0
DA:45,0
DA:46,0
DA:47,0
DA:50,0
DA:54,0
DA:55,0
DA:56,0
DA:57,0
DA:58,0
DA:70,0
DA:94,0
DA:95,0
DA:96,0
DA:98,0
DA:141,0
DA:142,0
DA:156,0
DA:170,0
DA:171,0
DA:172,0
DA:173,0
DA:174,0
DA:175,0
DA:176,0
DA:177,0
DA:178,0
DA:179,0
DA:182,0
DA:183,0
DA:184,0
DA:189,0
DA:190,0
DA:191,0
DA:196,0
DA:197,0
DA:198,0
DA:206,0
DA:207,0
DA:208,0
DA:219,0
DA:220,0
DA:221,0
DA:222,0
DA:224,0
DA:225,0
DA:226,0
DA:227,0
DA:228,0
DA:234,0
DA:235,0
DA:236,0
DA:237,0
DA:238,0
DA:239,0
DA:240,0
DA:241,0
DA:242,0
DA:247,0
DA:248,0
DA:249,0
DA:257,0
DA:258,0
DA:262,0
DA:263,0
DA:264,0
DA:271,0
DA:272,0
DA:273,0
DA:282,0
DA:286,0
DA:287,0
DA:288,0
DA:289,0
DA:296,0
DA:297,0
DA:298,0
DA:299,0
DA:300,0
DA:301,0
DA:302,0
DA:305,0
DA:306,0
DA:307,0
DA:347,0
DA:348,0
DA:350,0
DA:356,0
DA:369,0
DA:370,0
DA:374,0
DA:378,0
DA:388,0
DA:394,0
DA:411,0
DA:412,0
DA:413,0
DA:414,0
DA:415,0
DA:419,0
DA:420,0
DA:421,0
DA:422,0
DA:426,0
DA:427,0
DA:428,0
DA:429,0
DA:444,0
DA:448,0
DA:449,0
DA:453,0
DA:457,0
DA:470,0
DA:477,0
DA:495,0
DA:516,0
DA:517,0
DA:518,0
DA:521,0
DA:568,0
DA:569,0
DA:592,0
DA:606,0
DA:608,0
DA:609,0
DA:662,0
DA:679,0
DA:680,0
DA:706,0
DA:707,0
DA:709,0
DA:712,0
DA:728,0
DA:729,0
DA:750,0
DA:753,0
DA:754,0
DA:755,0
DA:758,0
DA:832,0
DA:836,0
DA:855,0
DA:856,0
DA:887,0
DA:888,0
DA:897,0
DA:898,0
DA:899,0
DA:901,0
DA:1141,0
DA:1152,0
DA:1239,0
DA:1279,0
DA:1280,0
DA:1301,0
LF:156
LH:0
BRDA:46,0,0,0
BRDA:46,0,1,0
BRDA:54,1,0,0
BRDA:54,1,1,0
BRDA:55,2,0,0
BRDA:55,2,1,0
BRDA:56,3,0,0
BRDA:56,3,1,0
BRDA:57,4,0,0
BRDA:57,4,1,0
BRDA:71,5,0,0
BRDA:71,5,1,0
BRDA:108,6,0,0
BRDA:108,6,1,0
BRDA:126,7,0,0
BRDA:126,7,1,0
BRDA:179,8,0,0
BRDA:179,8,1,0
BRDA:183,9,0,0
BRDA:183,9,1,0
BRDA:190,10,0,0
BRDA:190,10,1,0
BRDA:190,11,0,0
BRDA:190,11,1,0
BRDA:197,12,0,0
BRDA:197,12,1,0
BRDA:197,13,0,0
BRDA:197,13,1,0
BRDA:198,14,0,0
BRDA:198,14,1,0
BRDA:207,15,0,0
BRDA:207,15,1,0
BRDA:225,16,0,0
BRDA:225,16,1,0
BRDA:226,17,0,0
BRDA:226,17,1,0
BRDA:227,18,0,0
BRDA:227,18,1,0
BRDA:235,19,0,0
BRDA:235,19,1,0
BRDA:241,20,0,0
BRDA:241,20,1,0
BRDA:248,21,0,0
BRDA:248,21,1,0
BRDA:264,22,0,0
BRDA:264,22,1,0
BRDA:272,23,0,0
BRDA:272,23,1,0
BRDA:297,24,0,0
BRDA:297,24,1,0
BRDA:306,25,0,0
BRDA:306,25,1,0
BRDA:306,26,0,0
BRDA:306,26,1,0
BRDA:348,27,0,0
BRDA:348,27,1,0
BRDA:361,28,0,0
BRDA:361,28,1,0
BRDA:412,29,0,0
BRDA:412,29,1,0
BRDA:413,30,0,0
BRDA:413,30,1,0
BRDA:420,31,0,0
BRDA:420,31,1,0
BRDA:427,32,0,0
BRDA:427,32,1,0
BRDA:430,33,0,0
BRDA:430,33,1,0
BRDA:433,34,0,0
BRDA:433,34,1,0
BRDA:464,35,0,0
BRDA:464,35,1,0
BRDA:479,36,0,0
BRDA:479,36,1,0
BRDA:500,37,0,0
BRDA:500,37,1,0
BRDA:503,38,0,0
BRDA:503,38,1,0
BRDA:516,39,0,0
BRDA:516,39,1,0
BRDA:516,40,0,0
BRDA:516,40,1,0
BRDA:534,41,0,0
BRDA:534,41,1,0
BRDA:538,42,0,0
BRDA:538,42,1,0
BRDA:540,43,0,0
BRDA:540,43,1,0
BRDA:551,44,0,0
BRDA:551,44,1,0
BRDA:560,45,0,0
BRDA:560,45,1,0
BRDA:568,46,0,0
BRDA:568,46,1,0
BRDA:568,47,0,0
BRDA:568,47,1,0
BRDA:585,48,0,0
BRDA:585,48,1,0
BRDA:606,49,0,0
BRDA:606,49,1,0
BRDA:606,50,0,0
BRDA:606,50,1,0
BRDA:608,51,0,0
BRDA:608,51,1,0
BRDA:608,52,0,0
BRDA:608,52,1,0
BRDA:626,53,0,0
BRDA:626,53,1,0
BRDA:628,54,0,0
BRDA:628,54,1,0
BRDA:638,55,0,0
BRDA:638,55,1,0
BRDA:679,56,0,0
BRDA:679,56,1,0
BRDA:691,57,0,0
BRDA:691,57,1,0
BRDA:697,58,0,0
BRDA:697,58,1,0
BRDA:701,59,0,0
BRDA:701,59,1,0
BRDA:706,60,0,0
BRDA:706,60,1,0
BRDA:709,61,0,0
BRDA:709,61,1,0
BRDA:712,62,0,0
BRDA:712,62,1,0
BRDA:717,63,0,0
BRDA:717,63,1,0
BRDA:717,64,0,0
BRDA:717,64,1,0
BRDA:728,65,0,0
BRDA:728,65,1,0
BRDA:736,66,0,0
BRDA:736,66,1,0
BRDA:764,67,0,0
BRDA:764,67,1,0
BRDA:773,68,0,0
BRDA:773,68,1,0
BRDA:776,69,0,0
BRDA:776,69,1,0
BRDA:778,70,0,0
BRDA:778,70,1,0
BRDA:783,71,0,0
BRDA:783,71,1,0
BRDA:786,72,0,0
BRDA:786,72,1,0
BRDA:795,73,0,0
BRDA:795,73,1,0
BRDA:808,74,0,0
BRDA:808,74,1,0
BRDA:813,75,0,0
BRDA:813,75,1,0
BRDA:840,76,0,0
BRDA:840,76,1,0
BRDA:844,77,0,0
BRDA:844,77,1,0
BRDA:853,78,0,0
BRDA:853,78,1,0
BRDA:860,79,0,0
BRDA:860,79,1,0
BRDA:877,80,0,0
BRDA:877,80,1,0
BRDA:887,81,0,0
BRDA:887,81,1,0
BRDA:988,82,0,0
BRDA:988,82,1,0
BRDA:1058,83,0,0
BRDA:1058,83,1,0
BRDA:1065,84,0,0
BRDA:1065,84,1,0
BRDA:1087,85,0,0
BRDA:1087,85,1,0
BRDA:1091,86,0,0
BRDA:1091,86,1,0
BRDA:1141,87,0,0
BRDA:1141,87,1,0
BRDA:1144,88,0,0
BRDA:1144,88,1,0
BRDA:1152,89,0,0
BRDA:1152,89,1,0
BRDA:1155,90,0,0
BRDA:1155,90,1,0
BRDA:1181,91,0,0
BRDA:1181,91,1,0
BRDA:1191,92,0,0
BRDA:1191,92,1,0
BRDA:1209,93,0,0
BRDA:1209,93,1,0
BRDA:1212,94,0,0
BRDA:1212,94,1,0
BRDA:1227,95,0,0
BRDA:1227,95,1,0
BRDA:1245,96,0,0
BRDA:1245,96,1,0
BRDA:1252,97,0,0
BRDA:1252,97,1,0
BRDA:1279,98,0,0
BRDA:1279,98,1,0
BRF:198
BRH:0
end_of_record
TN:
SF:app/(tabs)/settings/_layout.tsx
FN:5,SettingsLayout
FNF:1
FNH:0
FNDA:0,SettingsLayout
DA:6,0
DA:7,0
DA:9,0
LF:3
LH:0
BRDA:7,0,0,0
BRDA:7,0,1,0
BRF:2
BRH:0
end_of_record
TN:
SF:app/(tabs)/settings/index.tsx
FN:45,(anonymous_0)
FN:47,SettingsScreen
FN:82,(anonymous_2)
FN:86,(anonymous_3)
FN:90,(anonymous_4)
FN:94,(anonymous_5)
FN:101,(anonymous_6)
FN:107,(anonymous_7)
FN:130,(anonymous_8)
FN:164,(anonymous_9)
FN:173,(anonymous_10)
FN:185,(anonymous_11)
FN:200,(anonymous_12)
FN:208,(anonymous_13)
FN:218,(anonymous_14)
FN:260,(anonymous_15)
FN:269,(anonymous_16)
FN:287,(anonymous_17)
FN:298,(anonymous_18)
FN:310,(anonymous_19)
FN:319,(anonymous_20)
FN:338,(anonymous_21)
FN:344,(anonymous_22)
FN:394,(anonymous_23)
FN:404,(anonymous_24)
FN:564,(anonymous_25)
FN:597,(anonymous_26)
FN:612,(anonymous_27)
FN:640,(anonymous_28)
FN:646,(anonymous_29)
FN:669,(anonymous_30)
FN:673,(anonymous_31)
FN:710,(anonymous_32)
FN:724,(anonymous_33)
FN:748,(anonymous_34)
FN:759,(anonymous_35)
FN:784,(anonymous_36)
FN:796,(anonymous_37)
FNF:38
FNH:0
FNDA:0,(anonymous_0)
FNDA:0,SettingsScreen
FNDA:0,(anonymous_2)
FNDA:0,(anonymous_3)
FNDA:0,(anonymous_4)
FNDA:0,(anonymous_5)
FNDA:0,(anonymous_6)
FNDA:0,(anonymous_7)
FNDA:0,(anonymous_8)
FNDA:0,(anonymous_9)
FNDA:0,(anonymous_10)
FNDA:0,(anonymous_11)
FNDA:0,(anonymous_12)
FNDA:0,(anonymous_13)
FNDA:0,(anonymous_14)
FNDA:0,(anonymous_15)
FNDA:0,(anonymous_16)
FNDA:0,(anonymous_17)
FNDA:0,(anonymous_18)
FNDA:0,(anonymous_19)
FNDA:0,(anonymous_20)
FNDA:0,(anonymous_21)
FNDA:0,(anonymous_22)
FNDA:0,(anonymous_23)
FNDA:0,(anonymous_24)
FNDA:0,(anonymous_25)
FNDA:0,(anonymous_26)
FNDA:0,(anonymous_27)
FNDA:0,(anonymous_28)
FNDA:0,(anonymous_29)
FNDA:0,(anonymous_30)
FNDA:0,(anonymous_31)
FNDA:0,(anonymous_32)
FNDA:0,(anonymous_33)
FNDA:0,(anonymous_34)
FNDA:0,(anonymous_35)
FNDA:0,(anonymous_36)
FNDA:0,(anonymous_37)
DA:38,0
DA:45,0
DA:48,0
DA:50,0
DA:58,0
DA:59,0
DA:60,0
DA:61,0
DA:63,0
DA:64,0
DA:65,0
DA:66,0
DA:67,0
DA:68,0
DA:69,0
DA:72,0
DA:73,0
DA:74,0
DA:75,0
DA:76,0
DA:77,0
DA:78,0
DA:79,0
DA:80,0
DA:82,0
DA:83,0
DA:84,0
DA:90,0
DA:91,0
DA:92,0
DA:96,0
DA:101,0
DA:102,0
DA:103,0
DA:107,0
DA:108,0
DA:109,0
DA:110,0
DA:111,0
DA:112,0
DA:113,0
DA:116,0
DA:117,0
DA:119,0
DA:120,0
DA:121,0
DA:122,0
DA:123,0
DA:124,0
DA:125,0
DA:127,0
DA:130,0
DA:131,0
DA:133,0
DA:134,0
DA:152,0
DA:153,0
DA:155,0
DA:158,0
DA:160,0
DA:164,0
DA:165,0
DA:174,0
DA:175,0
DA:177,0
DA:185,0
DA:186,0
DA:187,0
DA:188,0
DA:192,0
DA:193,0
DA:194,0
DA:196,0
DA:200,0
DA:201,0
DA:202,0
DA:203,0
DA:209,0
DA:210,0
DA:214,0
DA:218,0
DA:219,0
DA:220,0
DA:227,0
DA:228,0
DA:229,0
DA:230,0
DA:231,0
DA:233,0
DA:235,0
DA:237,0
DA:238,0
DA:239,0
DA:240,0
DA:247,0
DA:251,0
DA:252,0
DA:253,0
DA:254,0
DA:256,0
DA:260,0
DA:261,0
DA:262,0
DA:263,0
DA:265,0
DA:269,0
DA:270,0
DA:271,0
DA:272,0
DA:275,0
DA:276,0
DA:277,0
DA:278,0
DA:279,0
DA:281,0
DA:283,0
DA:287,0
DA:288,0
DA:289,0
DA:290,0
DA:298,0
DA:299,0
DA:300,0
DA:301,0
DA:302,0
DA:303,0
DA:305,0
DA:310,0
DA:311,0
DA:320,0
DA:321,0
DA:322,0
DA:323,0
DA:328,0
DA:330,0
DA:338,0
DA:339,0
DA:345,0
DA:346,0
DA:348,0
DA:355,0
DA:395,0
DA:396,0
DA:405,0
DA:406,0
DA:564,0
DA:597,0
DA:613,0
DA:640,0
DA:646,0
DA:669,0
DA:673,0
DA:711,0
DA:724,0
DA:749,0
DA:759,0
DA:784,0
DA:797,0
DA:798,0
DA:837,0
LF:160
LH:0
BRDA:61,0,0,0
BRDA:61,0,1,0
BRDA:67,1,0,0
BRDA:67,1,1,0
BRDA:83,2,0,0
BRDA:83,2,1,0
BRDA:91,3,0,0
BRDA:91,3,1,0
BRDA:102,4,0,0
BRDA:102,4,1,0
BRDA:102,5,0,0
BRDA:102,5,1,0
BRDA:108,6,0,0
BRDA:108,6,1,0
BRDA:111,7,0,0
BRDA:111,7,1,0
BRDA:112,8,0,0
BRDA:112,8,1,0
BRDA:114,9,0,0
BRDA:114,9,1,0
BRDA:116,10,0,0
BRDA:116,10,1,0
BRDA:131,11,0,0
BRDA:131,11,1,0
BRDA:137,12,0,0
BRDA:137,12,1,0
BRDA:139,13,0,0
BRDA:139,13,1,0
BRDA:141,14,0,0
BRDA:141,14,1,0
BRDA:145,15,0,0
BRDA:145,15,1,0
BRDA:148,16,0,0
BRDA:148,16,1,0
BRDA:152,17,0,0
BRDA:152,17,1,0
BRDA:186,18,0,0
BRDA:186,18,1,0
BRDA:186,19,0,0
BRDA:186,19,1,0
BRDA:192,20,0,0
BRDA:192,20,1,0
BRDA:201,21,0,0
BRDA:201,21,1,0
BRDA:202,22,0,0
BRDA:202,22,1,0
BRDA:209,23,0,0
BRDA:209,23,1,0
BRDA:210,24,0,0
BRDA:210,24,1,0
BRDA:219,25,0,0
BRDA:219,25,1,0
BRDA:227,26,0,0
BRDA:227,26,1,0
BRDA:229,27,0,0
BRDA:229,27,1,0
BRDA:237,28,0,0
BRDA:237,28,1,0
BRDA:237,29,0,0
BRDA:237,29,1,0
BRDA:251,30,0,0
BRDA:251,30,1,0
BRDA:256,31,0,0
BRDA:256,31,1,0
BRDA:270,32,0,0
BRDA:270,32,1,0
BRDA:288,33,0,0
BRDA:288,33,1,0
BRDA:300,34,0,0
BRDA:300,34,1,0
BRDA:367,35,0,0
BRDA:367,35,1,0
BRDA:372,36,0,0
BRDA:372,36,1,0
BRDA:381,37,0,0
BRDA:381,37,1,0
BRDA:396,38,0,0
BRDA:396,38,1,0
BRDA:406,39,0,0
BRDA:406,39,1,0
BRDA:426,40,0,0
BRDA:426,40,1,0
BRDA:459,41,0,0
BRDA:459,41,1,0
BRDA:463,42,0,0
BRDA:463,42,1,0
BRDA:512,43,0,0
BRDA:512,43,1,0
BRDA:519,44,0,0
BRDA:519,44,1,0
BRDA:524,45,0,0
BRDA:524,45,1,0
BRDA:542,46,0,0
BRDA:542,46,1,0
BRDA:550,47,0,0
BRDA:550,47,1,0
BRDA:550,47,2,0
BRDA:555,48,0,0
BRDA:555,48,1,0
BRDA:568,49,0,0
BRDA:568,49,1,0
BRDA:571,50,0,0
BRDA:571,50,1,0
BRDA:574,51,0,0
BRDA:574,51,1,0
BRDA:587,52,0,0
BRDA:587,52,1,0
BRDA:587,52,2,0
BRDA:606,53,0,0
BRDA:606,53,1,0
BRDA:624,54,0,0
BRDA:624,54,1,0
BRDA:633,55,0,0
BRDA:633,55,1,0
BRDA:656,56,0,0
BRDA:656,56,1,0
BRDA:677,57,0,0
BRDA:677,57,1,0
BRDA:681,58,0,0
BRDA:681,58,1,0
BRDA:717,59,0,0
BRDA:717,59,1,0
BRDA:721,60,0,0
BRDA:721,60,1,0
BRDA:729,61,0,0
BRDA:729,61,1,0
BRDA:740,62,0,0
BRDA:740,62,1,0
BRDA:755,63,0,0
BRDA:755,63,1,0
BRDA:756,64,0,0
BRDA:756,64,1,0
BRDA:764,65,0,0
BRDA:764,65,1,0
BRDA:776,66,0,0
BRDA:776,66,1,0
BRDA:791,67,0,0
BRDA:791,67,1,0
BRDA:798,68,0,0
BRDA:798,68,1,0
BRF:140
BRH:0
end_of_record
TN:
SF:src/constants/theme.ts
FNF:0
FNH:0
DA:1,0
DA:44,0
DA:53,0
DA:63,0
DA:71,0
LF:5
LH:0
BRF:0
BRH:0
end_of_record
TN:
SF:src/hooks/useCheckpoint.ts
FN:34,useCheckpoint
FN:48,(anonymous_1)
FN:63,(anonymous_2)
FN:79,(anonymous_3)
FN:110,(anonymous_4)
FN:123,(anonymous_5)
FN:137,(anonymous_6)
FN:158,(anonymous_7)
FN:171,(anonymous_8)
FN:171,(anonymous_9)
FN:180,(anonymous_10)
FN:193,(anonymous_11)
FN:193,(anonymous_12)
FN:202,(anonymous_13)
FNF:14
FNH:0
FNDA:0,useCheckpoint
FNDA:0,(anonymous_1)
FNDA:0,(anonymous_2)
FNDA:0,(anonymous_3)
FNDA:0,(anonymous_4)
FNDA:0,(anonymous_5)
FNDA:0,(anonymous_6)
FNDA:0,(anonymous_7)
FNDA:0,(anonymous_8)
FNDA:0,(anonymous_9)
FNDA:0,(anonymous_10)
FNDA:0,(anonymous_11)
FNDA:0,(anonymous_12)
FNDA:0,(anonymous_13)
DA:35,0
DA:36,0
DA:37,0
DA:40,0
DA:41,0
DA:42,0
DA:43,0
DA:44,0
DA:45,0
DA:46,0
DA:48,0
DA:49,0
DA:50,0
DA:56,0
DA:57,0
DA:59,0
DA:63,0
DA:64,0
DA:65,0
DA:69,0
DA:71,0
DA:72,0
DA:73,0
DA:75,0
DA:79,0
DA:80,0
DA:81,0
DA:83,0
DA:84,0
DA:89,0
DA:91,0
DA:93,0
DA:94,0
DA:97,0
DA:98,0
DA:99,0
DA:101,0
DA:103,0
DA:104,0
DA:106,0
DA:110,0
DA:111,0
DA:112,0
DA:116,0
DA:117,0
DA:119,0
DA:123,0
DA:124,0
DA:125,0
DA:129,0
DA:130,0
DA:132,0
DA:136,0
DA:138,0
DA:139,0
DA:141,0
DA:142,0
DA:144,0
DA:147,0
DA:149,0
DA:150,0
DA:152,0
DA:158,0
DA:159,0
DA:160,0
DA:162,0
DA:163,0
DA:168,0
DA:171,0
DA:173,0
DA:174,0
DA:176,0
DA:180,0
DA:181,0
DA:182,0
DA:184,0
DA:185,0
DA:190,0
DA:193,0
DA:195,0
DA:196,0
DA:198,0
DA:202,0
DA:203,0
DA:204,0
DA:205,0
DA:206,0
DA:209,0
LF:88
LH:0
BRDA:56,0,0,0
BRDA:56,0,1,0
BRDA:57,1,0,0
BRDA:57,1,1,0
BRDA:69,2,0,0
BRDA:69,2,1,0
BRDA:86,3,0,0
BRDA:86,3,1,0
BRDA:89,4,0,0
BRDA:89,4,1,0
BRDA:93,5,0,0
BRDA:93,5,1,0
BRDA:116,6,0,0
BRDA:116,6,1,0
BRDA:117,7,0,0
BRDA:117,7,1,0
BRDA:129,8,0,0
BRDA:129,8,1,0
BRDA:130,9,0,0
BRDA:130,9,1,0
BRDA:144,10,0,0
BRDA:144,10,1,0
BRDA:168,11,0,0
BRDA:168,11,1,0
BRDA:171,12,0,0
BRDA:171,12,1,0
BRDA:190,13,0,0
BRDA:190,13,1,0
BRF:28
BRH:0
end_of_record
TN:
SF:src/hooks/useCouple.ts
FN:22,useCouple
FN:29,(anonymous_1)
FN:64,(anonymous_2)
FN:68,(anonymous_3)
FN:83,(anonymous_4)
FN:107,(anonymous_5)
FN:119,(anonymous_6)
FN:131,(anonymous_7)
FN:139,(anonymous_8)
FNF:9
FNH:0
FNDA:0,useCouple
FNDA:0,(anonymous_1)
FNDA:0,(anonymous_2)
FNDA:0,(anonymous_3)
FNDA:0,(anonymous_4)
FNDA:0,(anonymous_5)
FNDA:0,(anonymous_6)
FNDA:0,(anonymous_7)
FNDA:0,(anonymous_8)
DA:23,0
DA:24,0
DA:25,0
DA:26,0
DA:27,0
DA:29,0
DA:30,0
DA:31,0
DA:32,0
DA:35,0
DA:36,0
DA:42,0
DA:44,0
DA:46,0
DA:47,0
DA:48,0
DA:49,0
DA:54,0
DA:58,0
DA:60,0
DA:64,0
DA:65,0
DA:68,0
DA:69,0
DA:70,0
DA:72,0
DA:78,0
DA:79,0
DA:80,0
DA:83,0
DA:84,0
DA:88,0
DA:89,0
DA:92,0
DA:100,0
DA:101,0
DA:104,0
DA:107,0
DA:108,0
DA:110,0
DA:115,0
DA:116,0
DA:119,0
DA:120,0
DA:121,0
DA:124,0
DA:130,0
DA:131,0
DA:132,0
DA:137,0
DA:139,0
DA:140,0
DA:145,0
DA:147,0
DA:150,0
DA:151,0
DA:154,0
DA:158,0
DA:163,0
DA:165,0
LF:60
LH:0
BRDA:30,0,0,0
BRDA:30,0,1,0
BRDA:42,1,0,0
BRDA:42,1,1,0
BRDA:46,2,0,0
BRDA:46,2,1,0
BRDA:47,3,0,0
BRDA:47,3,1,0
BRDA:48,4,0,0
BRDA:48,4,1,0
BRDA:69,5,0,0
BRDA:69,5,1,0
BRDA:70,6,0,0
BRDA:70,6,1,0
BRDA:78,7,0,0
BRDA:78,7,1,0
BRDA:84,8,0,0
BRDA:84,8,1,0
BRDA:88,9,0,0
BRDA:88,9,1,0
BRDA:88,10,0,0
BRDA:88,10,1,0
BRDA:88,10,2,0
BRDA:100,11,0,0
BRDA:100,11,1,0
BRDA:100,12,0,0
BRDA:100,12,1,0
BRDA:108,13,0,0
BRDA:108,13,1,0
BRDA:115,14,0,0
BRDA:115,14,1,0
BRDA:120,15,0,0
BRDA:120,15,1,0
BRDA:121,16,0,0
BRDA:121,16,1,0
BRDA:130,17,0,0
BRDA:130,17,1,0
BRDA:130,18,0,0
BRDA:130,18,1,0
BRDA:137,19,0,0
BRDA:137,19,1,0
BRDA:137,20,0,0
BRDA:137,20,1,0
BRDA:147,21,0,0
BRDA:147,21,1,0
BRDA:154,22,0,0
BRDA:154,22,1,0
BRDA:158,23,0,0
BRDA:158,23,1,0
BRF:49
BRH:0
end_of_record
TN:
SF:src/hooks/useEntries.ts
FN:30,stripHtml
FN:34,countWords
FN:40,extractPlainTextAndWordCount
FN:45,useEntries
FN:51,(anonymous_4)
FN:74,(anonymous_5)
FN:78,(anonymous_6)
FN:99,(anonymous_7)
FN:117,(anonymous_8)
FNF:9
FNH:0
FNDA:0,stripHtml
FNDA:0,countWords
FNDA:0,extractPlainTextAndWordCount
FNDA:0,useEntries
FNDA:0,(anonymous_4)
FNDA:0,(anonymous_5)
FNDA:0,(anonymous_6)
FNDA:0,(anonymous_7)
FNDA:0,(anonymous_8)
DA:31,0
DA:35,0
DA:36,0
DA:37,0
DA:41,0
DA:42,0
DA:46,0
DA:47,0
DA:48,0
DA:49,0
DA:51,0
DA:52,0
DA:53,0
DA:54,0
DA:57,0
DA:58,0
DA:65,0
DA:66,0
DA:68,0
DA:70,0
DA:74,0
DA:75,0
DA:78,0
DA:79,0
DA:81,0
DA:83,0
DA:94,0
DA:95,0
DA:96,0
DA:99,0
DA:100,0
DA:102,0
DA:103,0
DA:104,0
DA:105,0
DA:108,0
DA:113,0
DA:114,0
DA:117,0
DA:118,0
DA:123,0
DA:124,0
DA:127,0
LF:43
LH:0
BRDA:36,0,0,0
BRDA:36,0,1,0
BRDA:52,1,0,0
BRDA:52,1,1,0
BRDA:52,2,0,0
BRDA:52,2,1,0
BRDA:65,3,0,0
BRDA:65,3,1,0
BRDA:66,4,0,0
BRDA:66,4,1,0
BRDA:79,5,0,0
BRDA:79,5,1,0
BRDA:94,6,0,0
BRDA:94,6,1,0
BRDA:102,7,0,0
BRDA:102,7,1,0
BRDA:113,8,0,0
BRDA:113,8,1,0
BRDA:123,9,0,0
BRDA:123,9,1,0
BRF:20
BRH:0
end_of_record
TN:
SF:src/hooks/useReveal.ts
FN:25,useReveal
FN:33,(anonymous_1)
FN:85,(anonymous_2)
FN:109,(anonymous_3)
FN:121,(anonymous_4)
FN:149,(anonymous_5)
FNF:6
FNH:0
FNDA:0,useReveal
FNDA:0,(anonymous_1)
FNDA:0,(anonymous_2)
FNDA:0,(anonymous_3)
FNDA:0,(anonymous_4)
FNDA:0,(anonymous_5)
DA:26,0
DA:27,0
DA:28,0
DA:29,0
DA:30,0
DA:31,0
DA:33,0
DA:34,0
DA:35,0
DA:37,0
DA:40,0
DA:41,0
DA:44,0
DA:49,0
DA:52,0
DA:54,0
DA:57,0
DA:62,0
DA:63,0
DA:66,0
DA:72,0
DA:73,0
DA:74,0
DA:76,0
DA:77,0
DA:79,0
DA:85,0
DA:86,0
DA:87,0
DA:88,0
DA:89,0
DA:91,0
DA:95,0
DA:96,0
DA:97,0
DA:98,0
DA:99,0
DA:101,0
DA:102,0
DA:104,0
DA:109,0
DA:110,0
DA:111,0
DA:114,0
DA:115,0
DA:117,0
DA:121,0
DA:122,0
DA:124,0
DA:131,0
DA:132,0
DA:133,0
DA:134,0
DA:137,0
DA:141,0
DA:142,0
DA:144,0
DA:149,0
DA:150,0
DA:151,0
DA:152,0
DA:156,0
LF:62
LH:0
BRDA:41,0,0,0
BRDA:41,0,1,0
BRDA:49,1,0,0
BRDA:49,1,1,0
BRDA:52,2,0,0
BRDA:52,2,1,0
BRDA:62,3,0,0
BRDA:62,3,1,0
BRDA:63,4,0,0
BRDA:63,4,1,0
BRDA:89,5,0,0
BRDA:89,5,1,0
BRDA:95,6,0,0
BRDA:95,6,1,0
BRDA:96,7,0,0
BRDA:96,7,1,0
BRDA:114,8,0,0
BRDA:114,8,1,0
BRDA:115,9,0,0
BRDA:115,9,1,0
BRDA:131,10,0,0
BRDA:131,10,1,0
BRDA:141,11,0,0
BRDA:141,11,1,0
BRDA:142,12,0,0
BRDA:142,12,1,0
BRF:26
BRH:0
end_of_record
TN:
SF:src/lib/auth.ts
FN:3,signUp
FN:20,signIn
FN:30,signOut
FN:35,getSession
FNF:4
FNH:0
FNDA:0,signUp
FNDA:0,signIn
FNDA:0,signOut
FNDA:0,getSession
DA:6,0
DA:14,0
DA:15,0
DA:17,0
DA:21,0
DA:26,0
DA:27,0
DA:31,0
DA:32,0
DA:36,0
DA:37,0
DA:38,0
LF:12
LH:0
BRDA:14,0,0,0
BRDA:14,0,1,0
BRDA:15,1,0,0
BRDA:15,1,1,0
BRDA:26,2,0,0
BRDA:26,2,1,0
BRDA:32,3,0,0
BRDA:32,3,1,0
BRDA:37,4,0,0
BRDA:37,4,1,0
BRF:10
BRH:0
end_of_record
TN:
SF:src/lib/date-utils.ts
FN:17,getDaysUntilAnniversary
FN:32,isAnniversaryReady
FN:47,formatEntryDate
FN:51,formatShortDate
FN:55,formatRelativeDay
FN:68,getCurrentDateString
FN:72,formatCheckpointFrequency
FN:87,formatCheckpointDescription
FN:106,getOrdinal
FN:112,getNextCheckpointDate
FN:178,formatNextCheckpointDate
FNF:11
FNH:11
FNDA:4,getDaysUntilAnniversary
FNDA:7,isAnniversaryReady
FNDA:3,formatEntryDate
FNDA:3,formatShortDate
FNDA:4,formatRelativeDay
FNDA:2,getCurrentDateString
FNDA:4,formatCheckpointFrequency
FNDA:15,formatCheckpointDescription
FNDA:13,getOrdinal
FNDA:9,getNextCheckpointDate
FNDA:5,formatNextCheckpointDate
DA:18,4
DA:19,4
DA:22,4
DA:25,4
DA:26,1
DA:29,4
DA:36,7
DA:37,7
DA:38,7
DA:39,7
DA:41,7
DA:48,3
DA:52,3
DA:56,4
DA:57,4
DA:59,4
DA:61,3
DA:62,3
DA:63,2
DA:65,1
DA:69,2
DA:73,4
DA:75,1
DA:77,1
DA:79,1
DA:81,1
DA:83,0
DA:88,15
DA:90,15
DA:92,14
DA:94,11
DA:96,1
DA:98,1
DA:100,1
DA:102,0
DA:107,13
DA:108,13
DA:109,13
DA:113,9
DA:115,8
DA:116,8
DA:117,8
DA:118,8
DA:120,8
DA:122,8
DA:123,9
DA:125,8
DA:127,8
DA:130,4
DA:131,4
DA:132,4
DA:133,4
DA:134,3
DA:136,4
DA:138,4
DA:142,2
DA:143,2
DA:144,6
DA:145,6
DA:146,6
DA:149,6
DA:150,6
DA:153,2
DA:156,2
DA:157,2
DA:159,2
DA:160,2
DA:161,1
DA:163,2
DA:165,2
DA:168,8
DA:169,21
DA:170,8
DA:175,8
DA:179,5
DA:181,4
DA:182,4
DA:184,3
DA:185,3
DA:186,2
DA:188,1
LF:81
LH:79
BRDA:25,0,0,1
BRDA:25,0,1,3
BRDA:25,1,0,4
BRDA:25,1,1,2
BRDA:42,2,0,7
BRDA:42,2,1,1
BRDA:42,2,2,6
BRDA:42,2,3,4
BRDA:59,3,0,1
BRDA:59,3,1,3
BRDA:62,4,0,1
BRDA:62,4,1,2
BRDA:63,5,0,1
BRDA:63,5,1,1
BRDA:73,6,0,1
BRDA:73,6,1,1
BRDA:73,6,2,1
BRDA:73,6,3,1
BRDA:73,6,4,0
BRDA:90,7,0,1
BRDA:90,7,1,14
BRDA:92,8,0,11
BRDA:92,8,1,1
BRDA:92,8,2,1
BRDA:92,8,3,1
BRDA:92,8,4,0
BRDA:94,9,0,11
BRDA:94,9,1,0
BRDA:96,10,0,1
BRDA:96,10,1,0
BRDA:98,11,0,1
BRDA:98,11,1,0
BRDA:100,12,0,1
BRDA:100,12,1,0
BRDA:109,13,0,13
BRDA:109,13,1,10
BRDA:109,13,2,7
BRDA:113,14,0,1
BRDA:113,14,1,8
BRDA:123,15,0,1
BRDA:123,15,1,8
BRDA:127,16,0,4
BRDA:127,16,1,1
BRDA:127,16,2,2
BRDA:127,16,3,2
BRDA:130,17,0,4
BRDA:130,17,1,0
BRDA:133,18,0,3
BRDA:133,18,1,1
BRDA:133,19,0,4
BRDA:133,19,1,1
BRDA:142,20,0,2
BRDA:142,20,1,0
BRDA:142,21,0,2
BRDA:142,21,1,2
BRDA:145,22,0,6
BRDA:145,22,1,0
BRDA:145,23,0,6
BRDA:145,23,1,0
BRDA:156,24,0,2
BRDA:156,24,1,0
BRDA:160,25,0,1
BRDA:160,25,1,1
BRDA:160,26,0,2
BRDA:160,26,1,1
BRDA:169,27,0,8
BRDA:169,27,1,13
BRDA:169,28,0,21
BRDA:169,28,1,14
BRDA:179,29,0,1
BRDA:179,29,1,4
BRDA:182,30,0,1
BRDA:182,30,1,3
BRDA:185,31,0,1
BRDA:185,31,1,2
BRDA:186,32,0,1
BRDA:186,32,1,1
BRF:77
BRH:66
end_of_record
TN:
SF:src/lib/dev-tools.ts
FNF:0
FNH:0
DA:9,0
DA:15,0
LF:2
LH:0
BRDA:9,0,0,0
BRDA:9,0,1,0
BRF:2
BRH:0
end_of_record
TN:
SF:src/lib/location-search.ts
FN:27,searchLocations
FN:50,searchWithAutocomplete
FN:81,resolveAutocompleteResults
FN:85,(anonymous_3)
FN:133,searchWithTextSearch
FN:157,(anonymous_5)
FN:172,searchWithExpoLocation
FNF:7
FNH:0
FNDA:0,searchLocations
FNDA:0,searchWithAutocomplete
FNDA:0,resolveAutocompleteResults
FNDA:0,(anonymous_3)
FNDA:0,searchWithTextSearch
FNDA:0,(anonymous_5)
FNDA:0,searchWithExpoLocation
DA:13,0
DA:28,0
DA:29,0
DA:33,0
DA:34,0
DA:35,0
DA:39,0
DA:40,0
DA:41,0
DA:45,0
DA:51,0
DA:52,0
DA:53,0
DA:65,0
DA:66,0
DA:67,0
DA:70,0
DA:71,0
DA:72,0
DA:74,0
DA:76,0
DA:77,0
DA:82,0
DA:85,0
DA:86,0
DA:87,0
DA:89,0
DA:90,0
DA:91,0
DA:93,0
DA:94,0
DA:95,0
DA:102,0
DA:103,0
DA:105,0
DA:106,0
DA:117,0
DA:120,0
DA:121,0
DA:122,0
DA:125,0
DA:134,0
DA:135,0
DA:136,0
DA:149,0
DA:150,0
DA:151,0
DA:154,0
DA:155,0
DA:157,0
DA:165,0
DA:166,0
DA:173,0
DA:174,0
DA:175,0
DA:177,0
DA:178,0
DA:179,0
DA:180,0
DA:184,0
DA:185,0
DA:194,0
DA:197,0
DA:199,0
LF:64
LH:0
BRDA:13,0,0,0
BRDA:13,0,1,0
BRDA:28,1,0,0
BRDA:28,1,1,0
BRDA:34,2,0,0
BRDA:34,2,1,0
BRDA:40,3,0,0
BRDA:40,3,1,0
BRDA:65,4,0,0
BRDA:65,4,1,0
BRDA:71,5,0,0
BRDA:71,5,1,0
BRDA:72,6,0,0
BRDA:72,6,1,0
BRDA:87,7,0,0
BRDA:87,7,1,0
BRDA:90,8,0,0
BRDA:90,8,1,0
BRDA:91,9,0,0
BRDA:91,9,1,0
BRDA:102,10,0,0
BRDA:102,10,1,0
BRDA:105,11,0,0
BRDA:105,11,1,0
BRDA:107,12,0,0
BRDA:107,12,1,0
BRDA:108,13,0,0
BRDA:108,13,1,0
BRDA:122,14,0,0
BRDA:122,14,1,0
BRDA:149,15,0,0
BRDA:149,15,1,0
BRDA:155,16,0,0
BRDA:155,16,1,0
BRDA:158,17,0,0
BRDA:158,17,1,0
BRDA:159,18,0,0
BRDA:159,18,1,0
BRDA:160,19,0,0
BRDA:160,19,1,0
BRDA:161,20,0,0
BRDA:161,20,1,0
BRDA:175,21,0,0
BRDA:175,21,1,0
BRDA:186,22,0,0
BRDA:186,22,1,0
BRF:46
BRH:0
end_of_record
TN:
SF:src/lib/notifications.ts
FN:8,(anonymous_0)
FN:17,registerForPushNotifications
FN:62,addNotificationResponseListener
FN:68,addNotificationReceivedListener
FNF:4
FNH:0
FNDA:0,(anonymous_0)
FNDA:0,registerForPushNotifications
FNDA:0,addNotificationResponseListener
FNDA:0,addNotificationReceivedListener
DA:7,0
DA:8,0
DA:18,0
DA:19,0
DA:20,0
DA:23,0
DA:24,0
DA:30,0
DA:31,0
DA:33,0
DA:34,0
DA:35,0
DA:38,0
DA:39,0
DA:40,0
DA:43,0
DA:44,0
DA:45,0
DA:46,0
DA:49,0
DA:54,0
DA:59,0
DA:65,0
DA:71,0
LF:24
LH:0
BRDA:18,0,0,0
BRDA:18,0,1,0
BRDA:23,1,0,0
BRDA:23,1,1,0
BRDA:33,2,0,0
BRDA:33,2,1,0
BRDA:38,3,0,0
BRDA:38,3,1,0
BRDA:44,4,0,0
BRDA:44,4,1,0
BRF:10
BRH:0
end_of_record
TN:
SF:src/lib/storage.ts
FN:9,compressImage
FN:18,uploadMedia
FN:42,getMediaUrl
FN:47,getSignedUrl
FN:56,deleteMedia
FNF:5
FNH:0
FNDA:0,compressImage
FNDA:0,uploadMedia
FNDA:0,getMediaUrl
FNDA:0,getSignedUrl
FNDA:0,deleteMedia
DA:5,0
DA:6,0
DA:7,0
DA:10,0
DA:15,0
DA:25,0
DA:27,0
DA:28,0
DA:30,0
DA:32,0
DA:37,0
DA:39,0
DA:43,0
DA:44,0
DA:48,0
DA:52,0
DA:53,0
DA:57,0
DA:58,0
LF:19
LH:0
BRDA:28,0,0,0
BRDA:28,0,1,0
BRDA:37,1,0,0
BRDA:37,1,1,0
BRDA:47,2,0,0
BRDA:52,3,0,0
BRDA:52,3,1,0
BRDA:58,4,0,0
BRDA:58,4,1,0
BRF:9
BRH:0
end_of_record
TN:
SF:src/lib/supabase.ts
FN:13,(anonymous_0)
FN:19,(anonymous_1)
FN:33,(anonymous_2)
FNF:3
FNH:0
FNDA:0,(anonymous_0)
FNDA:0,(anonymous_1)
FNDA:0,(anonymous_2)
DA:10,0
DA:12,0
DA:14,0
DA:15,0
DA:17,0
DA:20,0
DA:21,0
DA:23,0
DA:26,0
DA:28,0
DA:29,0
DA:34,0
DA:35,0
DA:37,0
DA:41,0
DA:42,0
DA:44,0
DA:45,0
DA:50,0
LF:19
LH:0
BRDA:15,0,0,0
BRDA:15,0,1,0
BRDA:20,1,0,0
BRDA:20,1,1,0
BRDA:41,2,0,0
BRDA:41,2,1,0
BRDA:42,3,0,0
BRDA:42,3,1,0
BRDA:44,4,0,0
BRDA:44,4,1,0
BRDA:44,5,0,0
BRDA:44,5,1,0
BRF:12
BRH:0
end_of_record
TN:
SF:src/providers/AuthProvider.tsx
FN:19,(anonymous_0)
FN:22,AuthProvider
FN:27,(anonymous_2)
FN:45,(anonymous_3)
FN:51,(anonymous_4)
FN:52,(anonymous_5)
FN:62,(anonymous_6)
FN:71,(anonymous_7)
FN:89,useAuth
FNF:9
FNH:0
FNDA:0,(anonymous_0)
FNDA:0,AuthProvider
FNDA:0,(anonymous_2)
FNDA:0,(anonymous_3)
FNDA:0,(anonymous_4)
FNDA:0,(anonymous_5)
FNDA:0,(anonymous_6)
FNDA:0,(anonymous_7)
FNDA:0,useAuth
DA:14,0
DA:23,0
DA:24,0
DA:25,0
DA:27,0
DA:28,0
DA:30,0
DA:31,0
DA:35,0
DA:36,0
DA:41,0
DA:45,0
DA:46,0
DA:47,0
DA:51,0
DA:52,0
DA:53,0
DA:54,0
DA:55,0
DA:57,0
DA:62,0
DA:63,0
DA:64,0
DA:65,0
DA:67,0
DA:71,0
DA:74,0
DA:90,0
DA:91,0
DA:92,0
DA:94,0
LF:31
LH:0
BRDA:30,0,0,0
BRDA:30,0,1,0
BRDA:35,1,0,0
BRDA:35,1,1,0
BRDA:35,1,2,0
BRDA:46,2,0,0
BRDA:46,2,1,0
BRDA:54,3,0,0
BRDA:54,3,1,0
BRDA:64,4,0,0
BRDA:64,4,1,0
BRDA:78,5,0,0
BRDA:78,5,1,0
BRDA:91,6,0,0
BRDA:91,6,1,0
BRF:15
BRH:0
end_of_record
TN:
SF:src/types/database.ts
FNF:0
FNH:0
LF:0
LH:0
BRF:0
BRH:0
end_of_record
